{"_index":"winlogbeat-2022.11.321","_type":"_doc","_id":"1Jm9KZMBylAKiVITMIl2","_score":1.0,"_source":{"@version":"1","tags":["beats_input_codec_plain_applied"],"ecs":{"version":"8.0.0"},"message":"Creating Scriptblock text (1 of 1):\n$Res = 0; $ContIdOfs = 8; $ChCntOfs = 10; $MaskOfs = 28; $ExpContId = [Byte[]]@(0x00,0x00,0x00,0x00,0x00,0x00,0x00,0x00,0xff,0xff,0xff,0xff,0xff,0xff,0xff,0xff); $ExpChCnt = [Byte[]]@(0x04,0x00); $ExpMask = [Byte[]]@(0x33,0x00,0x00,0x00); $RootKeyPath = 'HKLM:\\SOFTWARE\\Microsoft\\Windows\\CurrentVersion\\MMDevices\\Audio\\Capture'; $Devices = Get-ChildItem -Path $RootKeyPath | Where-Object { $_.GetValue('DeviceState') -eq 1 }; foreach ($Device in $Devices) { $PropertiesKeyPath = 'Registry::' + $Device.Name + '\\Properties'; if (Test-Path -Path $PropertiesKeyPath) { $Properties = Get-ItemProperty -Path $PropertiesKeyPath; $ContIdKeyData = $Properties.'{8c7ed206-3f8a-4827-b3ab-ae9e1faefc6c},2'; if (-not $ContIdKeyData) { continue; } $ContId = $ContIdKeyData[$ContIdOfs..$($ContIdOfs + $ExpContId.Count - 1)]; $MixFormatData = $Properties.'{3d6e1656-2e50-4c4c-8d85-d0acae3c6c68},2'; if (-not $MixFormatData) { $MixFormatData = $Properties.'{3d6e1656-2e50-4c4c-8d85-d0acae3c6c68},3'; } if (-not $MixFormatData) { continue; } $ChCnt = $MixFormatData[$ChCntOfs..$($ChCntOfs + $ExpChCnt.Count - 1)]; $Mask = $MixFormatData[$MaskOfs..$($MaskOfs + $ExpMask.Count - 1)]; if ($ContId -and $ChCnt -and $Mask -and (Compare-Object $ContId $ExpContId).Length -eq 0 -and (Compare-Object $ChCnt $ExpChCnt).Length -eq 0 -and (Compare-Object $Mask $ExpMask).Length -eq 0) { $Res = 1; break; } } } Write-Host 'Final result:', $Res;\n\nScriptBlock ID: 9fb1f703-a084-4c17-9666-a8c035f4d7f7\nPath: ","event":{"action":"Execute a Remote Command","kind":"event","provider":"Microsoft-Windows-PowerShell","created":"2024-11-14T08:14:39.264Z","code":"4104"},"log":{"level":"warning"},"host":{"mac":["00-FF-14-66-C1-B3","0A-00-27-00-00-12","80-B6-55-54-6C-4E","80-B6-55-54-6C-4F","80-B6-55-54-6C-52","82-B6-55-54-6C-4E","D8-BB-C1-74-1C-24"],"name":"msi","hostname":"msi","architecture":"x86_64","os":{"platform":"windows","family":"windows","version":"10.0","name":"Windows 11 Home Single Language","build":"22631.4460","kernel":"10.0.22621.4455 (WinBuild.160101.0800)","type":"windows"},"ip":["169.254.5.113","192.168.56.1","169.254.27.160","169.254.242.69","169.254.117.31","192.168.207.153","169.254.135.196"],"id":"9ed805a2-1686-4d05-b328-395a2152cd70"},"@timestamp":"2022-11-17T19:09:21.012Z","winlog":{"user":{"domain":"NT AUTHORITY","identifier":"S-1-5-18","name":"SYSTEM","type":"Well Known Group"},"opcode":"On create calls","event_data":{"ScriptBlockId":"9fb1f703-a084-4c17-9666-a8c035f4d7f7","ScriptBlockText":"$Res = 0; $ContIdOfs = 8; $ChCntOfs = 10; $MaskOfs = 28; $ExpContId = [Byte[]]@(0x00,0x00,0x00,0x00,0x00,0x00,0x00,0x00,0xff,0xff,0xff,0xff,0xff,0xff,0xff,0xff); $ExpChCnt = [Byte[]]@(0x04,0x00); $ExpMask = [Byte[]]@(0x33,0x00,0x00,0x00); $RootKeyPath = 'HKLM:\\SOFTWARE\\Microsoft\\Windows\\CurrentVersion\\MMDevices\\Audio\\Capture'; $Devices = Get-ChildItem -Path $RootKeyPath | Where-Object { $_.GetValue('DeviceState') -eq 1 }; foreach ($Device in $Devices) { $PropertiesKeyPath = 'Registry::' + $Device.Name + '\\Properties'; if (Test-Path -Path $PropertiesKeyPath) { $Properties = Get-ItemProperty -Path $PropertiesKeyPath; $ContIdKeyData = $Properties.'{8c7ed206-3f8a-4827-b3ab-ae9e1faefc6c},2'; if (-not $ContIdKeyData) { continue; } $ContId = $ContIdKeyData[$ContIdOfs..$($ContIdOfs + $ExpContId.Count - 1)]; $MixFormatData = $Properties.'{3d6e1656-2e50-4c4c-8d85-d0acae3c6c68},2'; if (-not $MixFormatData) { $MixFormatData = $Properties.'{3d6e1656-2e50-4c4c-8d85-d0acae3c6c68},3'; } if (-not $MixFormatData) { continue; } $ChCnt = $MixFormatData[$ChCntOfs..$($ChCntOfs + $ExpChCnt.Count - 1)]; $Mask = $MixFormatData[$MaskOfs..$($MaskOfs + $ExpMask.Count - 1)]; if ($ContId -and $ChCnt -and $Mask -and (Compare-Object $ContId $ExpContId).Length -eq 0 -and (Compare-Object $ChCnt $ExpChCnt).Length -eq 0 -and (Compare-Object $Mask $ExpMask).Length -eq 0) { $Res = 1; break; } } } Write-Host 'Final result:', $Res;","MessageNumber":"1","MessageTotal":"1"},"provider_guid":"{a0c1853b-5c40-4b15-8766-3cf1c58f985a}","process":{"pid":22688,"thread":{"id":3444}},"task":"Execute a Remote Command","activity_id":"{1a0190c3-f43a-0005-9fca-2d1a3af4d801}","provider_name":"Microsoft-Windows-PowerShell","channel":"Microsoft-Windows-PowerShell/Operational","api":"wineventlog","version":1,"event_id":"4104","record_id":251,"computer_name":"MSI"},"agent":{"ephemeral_id":"28ff186b-bd6d-470f-a1b6-1c7ccc3dfe26","id":"ad84ffee-22d0-464b-81dd-06b1181ecd47","name":"MSI","type":"winlogbeat","version":"8.15.2"}}},{"_index":"winlogbeat-2022.11.323","_type":"_doc","_id":"UZm9KZMBylAKiVITOIrH","_score":1.0,"_source":{"@version":"1","tags":["beats_input_codec_plain_applied"],"ecs":{"version":"8.0.0"},"message":"Creating Scriptblock text (1 of 1):\n$Res = 0; $ContIdOfs = 8; $ChCntOfs = 10; $MaskOfs = 28; $ExpContId = [Byte[]]@(0x00,0x00,0x00,0x00,0x00,0x00,0x00,0x00,0xff,0xff,0xff,0xff,0xff,0xff,0xff,0xff); $ExpChCnt = [Byte[]]@(0x04,0x00); $ExpMask = [Byte[]]@(0x33,0x00,0x00,0x00); $RootKeyPath = 'HKLM:\\SOFTWARE\\Microsoft\\Windows\\CurrentVersion\\MMDevices\\Audio\\Capture'; $Devices = Get-ChildItem -Path $RootKeyPath | Where-Object { $_.GetValue('DeviceState') -eq 1 }; foreach ($Device in $Devices) { $PropertiesKeyPath = 'Registry::' + $Device.Name + '\\Properties'; if (Test-Path -Path $PropertiesKeyPath) { $Properties = Get-ItemProperty -Path $PropertiesKeyPath; $ContIdKeyData = $Properties.'{8c7ed206-3f8a-4827-b3ab-ae9e1faefc6c},2'; if (-not $ContIdKeyData) { continue; } $ContId = $ContIdKeyData[$ContIdOfs..$($ContIdOfs + $ExpContId.Count - 1)]; $MixFormatData = $Properties.'{3d6e1656-2e50-4c4c-8d85-d0acae3c6c68},2'; if (-not $MixFormatData) { $MixFormatData = $Properties.'{3d6e1656-2e50-4c4c-8d85-d0acae3c6c68},3'; } if (-not $MixFormatData) { continue; } $ChCnt = $MixFormatData[$ChCntOfs..$($ChCntOfs + $ExpChCnt.Count - 1)]; $Mask = $MixFormatData[$MaskOfs..$($MaskOfs + $ExpMask.Count - 1)]; if ($ContId -and $ChCnt -and $Mask -and (Compare-Object $ContId $ExpContId).Length -eq 0 -and (Compare-Object $ChCnt $ExpChCnt).Length -eq 0 -and (Compare-Object $Mask $ExpMask).Length -eq 0) { $Res = 1; break; } } } Write-Host 'Final result:', $Res;\n\nScriptBlock ID: 7217c47f-040e-4ab1-a9a8-5750dd98e70d\nPath: ","event":{"action":"Execute a Remote Command","kind":"event","provider":"Microsoft-Windows-PowerShell","created":"2024-11-14T08:14:39.264Z","code":"4104"},"host":{"mac":["00-FF-14-66-C1-B3","0A-00-27-00-00-12","80-B6-55-54-6C-4E","80-B6-55-54-6C-4F","80-B6-55-54-6C-52","82-B6-55-54-6C-4E","D8-BB-C1-74-1C-24"],"name":"msi","hostname":"msi","ip":["169.254.5.113","192.168.56.1","169.254.27.160","169.254.242.69","169.254.117.31","192.168.207.153","169.254.135.196"],"architecture":"x86_64","os":{"platform":"windows","family":"windows","version":"10.0","name":"Windows 11 Home Single Language","build":"22631.4460","kernel":"10.0.22621.4455 (WinBuild.160101.0800)","type":"windows"},"id":"9ed805a2-1686-4d05-b328-395a2152cd70"},"log":{"level":"warning"},"@timestamp":"2022-11-19T07:41:30.997Z","winlog":{"user":{"domain":"NT AUTHORITY","identifier":"S-1-5-18","name":"SYSTEM","type":"Well Known Group"},"opcode":"On create calls","event_data":{"ScriptBlockText":"$Res = 0; $ContIdOfs = 8; $ChCntOfs = 10; $MaskOfs = 28; $ExpContId = [Byte[]]@(0x00,0x00,0x00,0x00,0x00,0x00,0x00,0x00,0xff,0xff,0xff,0xff,0xff,0xff,0xff,0xff); $ExpChCnt = [Byte[]]@(0x04,0x00); $ExpMask = [Byte[]]@(0x33,0x00,0x00,0x00); $RootKeyPath = 'HKLM:\\SOFTWARE\\Microsoft\\Windows\\CurrentVersion\\MMDevices\\Audio\\Capture'; $Devices = Get-ChildItem -Path $RootKeyPath | Where-Object { $_.GetValue('DeviceState') -eq 1 }; foreach ($Device in $Devices) { $PropertiesKeyPath = 'Registry::' + $Device.Name + '\\Properties'; if (Test-Path -Path $PropertiesKeyPath) { $Properties = Get-ItemProperty -Path $PropertiesKeyPath; $ContIdKeyData = $Properties.'{8c7ed206-3f8a-4827-b3ab-ae9e1faefc6c},2'; if (-not $ContIdKeyData) { continue; } $ContId = $ContIdKeyData[$ContIdOfs..$($ContIdOfs + $ExpContId.Count - 1)]; $MixFormatData = $Properties.'{3d6e1656-2e50-4c4c-8d85-d0acae3c6c68},2'; if (-not $MixFormatData) { $MixFormatData = $Properties.'{3d6e1656-2e50-4c4c-8d85-d0acae3c6c68},3'; } if (-not $MixFormatData) { continue; } $ChCnt = $MixFormatData[$ChCntOfs..$($ChCntOfs + $ExpChCnt.Count - 1)]; $Mask = $MixFormatData[$MaskOfs..$($MaskOfs + $ExpMask.Count - 1)]; if ($ContId -and $ChCnt -and $Mask -and (Compare-Object $ContId $ExpContId).Length -eq 0 -and (Compare-Object $ChCnt $ExpChCnt).Length -eq 0 -and (Compare-Object $Mask $ExpMask).Length -eq 0) { $Res = 1; break; } } } Write-Host 'Final result:', $Res;","ScriptBlockId":"7217c47f-040e-4ab1-a9a8-5750dd98e70d","MessageNumber":"1","MessageTotal":"1"},"provider_guid":"{a0c1853b-5c40-4b15-8766-3cf1c58f985a}","process":{"pid":14948,"thread":{"id":28896}},"task":"Execute a Remote Command","channel":"Microsoft-Windows-PowerShell/Operational","provider_name":"Microsoft-Windows-PowerShell","activity_id":"{1a0190c3-f43a-0005-fb6d-381a3af4d801}","api":"wineventlog","event_id":"4104","version":1,"record_id":259,"computer_name":"MSI"},"agent":{"ephemeral_id":"28ff186b-bd6d-470f-a1b6-1c7ccc3dfe26","id":"ad84ffee-22d0-464b-81dd-06b1181ecd47","name":"MSI","type":"winlogbeat","version":"8.15.2"}}},{"_index":"winlogbeat-2022.11.324","_type":"_doc","_id":"U5m9KZMBylAKiVITOIrH","_score":1.0,"_source":{"@version":"1","tags":["beats_input_codec_plain_applied"],"ecs":{"version":"8.0.0"},"message":"Creating Scriptblock text (1 of 1):\n$Res = 0; $ContIdOfs = 8; $ChCntOfs = 10; $MaskOfs = 28; $ExpContId = [Byte[]]@(0x00,0x00,0x00,0x00,0x00,0x00,0x00,0x00,0xff,0xff,0xff,0xff,0xff,0xff,0xff,0xff); $ExpChCnt = [Byte[]]@(0x04,0x00); $ExpMask = [Byte[]]@(0x33,0x00,0x00,0x00); $RootKeyPath = 'HKLM:\\SOFTWARE\\Microsoft\\Windows\\CurrentVersion\\MMDevices\\Audio\\Capture'; $Devices = Get-ChildItem -Path $RootKeyPath | Where-Object { $_.GetValue('DeviceState') -eq 1 }; foreach ($Device in $Devices) { $PropertiesKeyPath = 'Registry::' + $Device.Name + '\\Properties'; if (Test-Path -Path $PropertiesKeyPath) { $Properties = Get-ItemProperty -Path $PropertiesKeyPath; $ContIdKeyData = $Properties.'{8c7ed206-3f8a-4827-b3ab-ae9e1faefc6c},2'; if (-not $ContIdKeyData) { continue; } $ContId = $ContIdKeyData[$ContIdOfs..$($ContIdOfs + $ExpContId.Count - 1)]; $MixFormatData = $Properties.'{3d6e1656-2e50-4c4c-8d85-d0acae3c6c68},2'; if (-not $MixFormatData) { $MixFormatData = $Properties.'{3d6e1656-2e50-4c4c-8d85-d0acae3c6c68},3'; } if (-not $MixFormatData) { continue; } $ChCnt = $MixFormatData[$ChCntOfs..$($ChCntOfs + $ExpChCnt.Count - 1)]; $Mask = $MixFormatData[$MaskOfs..$($MaskOfs + $ExpMask.Count - 1)]; if ($ContId -and $ChCnt -and $Mask -and (Compare-Object $ContId $ExpContId).Length -eq 0 -and (Compare-Object $ChCnt $ExpChCnt).Length -eq 0 -and (Compare-Object $Mask $ExpMask).Length -eq 0) { $Res = 1; break; } } } Write-Host 'Final result:', $Res;\n\nScriptBlock ID: 0f1e02f9-bb77-4c50-8295-64b1666ea878\nPath: ","event":{"action":"Execute a Remote Command","kind":"event","provider":"Microsoft-Windows-PowerShell","created":"2024-11-14T08:14:39.264Z","code":"4104"},"host":{"mac":["00-FF-14-66-C1-B3","0A-00-27-00-00-12","80-B6-55-54-6C-4E","80-B6-55-54-6C-4F","80-B6-55-54-6C-52","82-B6-55-54-6C-4E","D8-BB-C1-74-1C-24"],"name":"msi","hostname":"msi","architecture":"x86_64","os":{"platform":"windows","family":"windows","name":"Windows 11 Home Single Language","version":"10.0","build":"22631.4460","kernel":"10.0.22621.4455 (WinBuild.160101.0800)","type":"windows"},"ip":["169.254.5.113","192.168.56.1","169.254.27.160","169.254.242.69","169.254.117.31","192.168.207.153","169.254.135.196"],"id":"9ed805a2-1686-4d05-b328-395a2152cd70"},"log":{"level":"warning"},"@timestamp":"2022-11-20T08:05:44.743Z","winlog":{"user":{"domain":"NT AUTHORITY","identifier":"S-1-5-18","name":"SYSTEM","type":"Well Known Group"},"opcode":"On create calls","event_data":{"ScriptBlockId":"0f1e02f9-bb77-4c50-8295-64b1666ea878","ScriptBlockText":"$Res = 0; $ContIdOfs = 8; $ChCntOfs = 10; $MaskOfs = 28; $ExpContId = [Byte[]]@(0x00,0x00,0x00,0x00,0x00,0x00,0x00,0x00,0xff,0xff,0xff,0xff,0xff,0xff,0xff,0xff); $ExpChCnt = [Byte[]]@(0x04,0x00); $ExpMask = [Byte[]]@(0x33,0x00,0x00,0x00); $RootKeyPath = 'HKLM:\\SOFTWARE\\Microsoft\\Windows\\CurrentVersion\\MMDevices\\Audio\\Capture'; $Devices = Get-ChildItem -Path $RootKeyPath | Where-Object { $_.GetValue('DeviceState') -eq 1 }; foreach ($Device in $Devices) { $PropertiesKeyPath = 'Registry::' + $Device.Name + '\\Properties'; if (Test-Path -Path $PropertiesKeyPath) { $Properties = Get-ItemProperty -Path $PropertiesKeyPath; $ContIdKeyData = $Properties.'{8c7ed206-3f8a-4827-b3ab-ae9e1faefc6c},2'; if (-not $ContIdKeyData) { continue; } $ContId = $ContIdKeyData[$ContIdOfs..$($ContIdOfs + $ExpContId.Count - 1)]; $MixFormatData = $Properties.'{3d6e1656-2e50-4c4c-8d85-d0acae3c6c68},2'; if (-not $MixFormatData) { $MixFormatData = $Properties.'{3d6e1656-2e50-4c4c-8d85-d0acae3c6c68},3'; } if (-not $MixFormatData) { continue; } $ChCnt = $MixFormatData[$ChCntOfs..$($ChCntOfs + $ExpChCnt.Count - 1)]; $Mask = $MixFormatData[$MaskOfs..$($MaskOfs + $ExpMask.Count - 1)]; if ($ContId -and $ChCnt -and $Mask -and (Compare-Object $ContId $ExpContId).Length -eq 0 -and (Compare-Object $ChCnt $ExpChCnt).Length -eq 0 -and (Compare-Object $Mask $ExpMask).Length -eq 0) { $Res = 1; break; } } } Write-Host 'Final result:', $Res;","MessageNumber":"1","MessageTotal":"1"},"provider_guid":"{a0c1853b-5c40-4b15-8766-3cf1c58f985a}","process":{"pid":20020,"thread":{"id":21284}},"task":"Execute a Remote Command","channel":"Microsoft-Windows-PowerShell/Operational","version":1,"activity_id":"{1a0190c3-f43a-0005-2c64-3f1a3af4d801}","api":"wineventlog","event_id":"4104","provider_name":"Microsoft-Windows-PowerShell","record_id":266,"computer_name":"MSI"},"agent":{"ephemeral_id":"28ff186b-bd6d-470f-a1b6-1c7ccc3dfe26","id":"ad84ffee-22d0-464b-81dd-06b1181ecd47","name":"MSI","type":"winlogbeat","version":"8.15.2"}}},{"_index":"winlogbeat-2022.11.324","_type":"_doc","_id":"2pm9KZMBylAKiVITMIl2","_score":1.0,"_source":{"@version":"1","tags":["beats_input_codec_plain_applied"],"ecs":{"version":"8.0.0"},"message":"CommandInvocation(Add-Type): \"Add-Type\"\nParameterBinding(Add-Type): name=\"AssemblyName\"; value=\"System.Windows.Forms\"\n\n\nContext:\n        Severity = Informational\n        Host Name = ConsoleHost\n        Host Version = 5.1.22621.608\n        Host ID = d009a084-6d43-451b-a321-c1bfa11a83e3\n        Host Application = powershell.exe -NoLogo -InputFormat Text -NoExit -ExecutionPolicy Unrestricted -Command -\n        Engine Version = 5.1.22621.608\n        Runspace ID = a52ed911-c5db-40a4-801e-3fd8a600df13\n        Pipeline ID = 4\n        Command Name = Add-Type\n        Command Type = Cmdlet\n        Script Name = \n        Command Path = \n        Sequence Number = 16\n        User = MSI\\vaibk\n        Connected User = \n        Shell ID = Microsoft.PowerShell\n\n\nUser Data:","event":{"action":"Executing Pipeline","kind":"event","provider":"Microsoft-Windows-PowerShell","created":"2024-11-14T08:14:39.264Z","code":"4103"},"log":{"level":"information"},"host":{"mac":["00-FF-14-66-C1-B3","0A-00-27-00-00-12","80-B6-55-54-6C-4E","80-B6-55-54-6C-4F","80-B6-55-54-6C-52","82-B6-55-54-6C-4E","D8-BB-C1-74-1C-24"],"name":"msi","hostname":"msi","ip":["169.254.5.113","192.168.56.1","169.254.27.160","169.254.242.69","169.254.117.31","192.168.207.153","169.254.135.196"],"architecture":"x86_64","os":{"platform":"windows","family":"windows","version":"10.0","name":"Windows 11 Home Single Language","build":"22631.4460","kernel":"10.0.22621.4455 (WinBuild.160101.0800)","type":"windows"},"id":"9ed805a2-1686-4d05-b328-395a2152cd70"},"@timestamp":"2022-11-20T15:58:17.197Z","winlog":{"user":{"domain":"MSI","identifier":"S-1-5-21-3515232144-1156426094-2878811365-1001","name":"vaibk","type":"User"},"opcode":"To be used when operation is just executing a method","event_data":{"ContextInfo":"        Severity = Informational\n        Host Name = ConsoleHost\n        Host Version = 5.1.22621.608\n        Host ID = d009a084-6d43-451b-a321-c1bfa11a83e3\n        Host Application = powershell.exe -NoLogo -InputFormat Text -NoExit -ExecutionPolicy Unrestricted -Command -\n        Engine Version = 5.1.22621.608\n        Runspace ID = a52ed911-c5db-40a4-801e-3fd8a600df13\n        Pipeline ID = 4\n        Command Name = Add-Type\n        Command Type = Cmdlet\n        Script Name = \n        Command Path = \n        Sequence Number = 16\n        User = MSI\\vaibk\n        Connected User = \n        Shell ID = Microsoft.PowerShell","Payload":"CommandInvocation(Add-Type): \"Add-Type\"\nParameterBinding(Add-Type): name=\"AssemblyName\"; value=\"System.Windows.Forms\""},"provider_guid":"{a0c1853b-5c40-4b15-8766-3cf1c58f985a}","process":{"pid":25364,"thread":{"id":11732}},"task":"Executing Pipeline","api":"wineventlog","activity_id":"{1a0190c3-f43a-0000-36a8-42533af4d801}","channel":"Microsoft-Windows-PowerShell/Operational","version":1,"event_id":"4103","provider_name":"Microsoft-Windows-PowerShell","record_id":271,"computer_name":"MSI"},"agent":{"ephemeral_id":"28ff186b-bd6d-470f-a1b6-1c7ccc3dfe26","id":"ad84ffee-22d0-464b-81dd-06b1181ecd47","name":"MSI","version":"8.15.2","type":"winlogbeat"}}},{"_index":"winlogbeat-2022.11.324","_type":"_doc","_id":"05m9KZMBylAKiVITTIqz","_score":1.0,"_source":{"@version":"1","tags":["beats_input_codec_plain_applied"],"ecs":{"version":"8.0.0"},"message":"Creating Scriptblock text (1 of 1):\nAdd-Type -AssemblyName System.Windows.Forms; [System.Windows.Forms.SystemInformation]::TerminalServerSession\n\nScriptBlock ID: 132a3e50-a57a-4fc8-8784-4ca96ac88b36\nPath: ","event":{"action":"Execute a Remote Command","kind":"event","provider":"Microsoft-Windows-PowerShell","created":"2024-11-14T08:14:39.264Z","code":"4104"},"log":{"level":"warning"},"host":{"mac":["00-FF-14-66-C1-B3","0A-00-27-00-00-12","80-B6-55-54-6C-4E","80-B6-55-54-6C-4F","80-B6-55-54-6C-52","82-B6-55-54-6C-4E","D8-BB-C1-74-1C-24"],"name":"msi","hostname":"msi","ip":["169.254.5.113","192.168.56.1","169.254.27.160","169.254.242.69","169.254.117.31","192.168.207.153","169.254.135.196"],"architecture":"x86_64","os":{"platform":"windows","family":"windows","version":"10.0","name":"Windows 11 Home Single Language","build":"22631.4460","kernel":"10.0.22621.4455 (WinBuild.160101.0800)","type":"windows"},"id":"9ed805a2-1686-4d05-b328-395a2152cd70"},"@timestamp":"2022-11-20T15:58:16.644Z","winlog":{"user":{"domain":"MSI","identifier":"S-1-5-21-3515232144-1156426094-2878811365-1001","name":"vaibk","type":"User"},"opcode":"On create calls","event_data":{"ScriptBlockText":"Add-Type -AssemblyName System.Windows.Forms; [System.Windows.Forms.SystemInformation]::TerminalServerSession","ScriptBlockId":"132a3e50-a57a-4fc8-8784-4ca96ac88b36","MessageNumber":"1","MessageTotal":"1"},"provider_guid":"{a0c1853b-5c40-4b15-8766-3cf1c58f985a}","process":{"pid":25364,"thread":{"id":11732}},"task":"Execute a Remote Command","api":"wineventlog","channel":"Microsoft-Windows-PowerShell/Operational","version":1,"activity_id":"{1a0190c3-f43a-0000-e8a0-42533af4d801}","event_id":"4104","provider_name":"Microsoft-Windows-PowerShell","record_id":270,"computer_name":"MSI"},"agent":{"ephemeral_id":"28ff186b-bd6d-470f-a1b6-1c7ccc3dfe26","id":"ad84ffee-22d0-464b-81dd-06b1181ecd47","name":"MSI","version":"8.15.2","type":"winlogbeat"}}},{"_index":"winlogbeat-2022.11.325","_type":"_doc","_id":"1pm9KZMBylAKiVITTIqz","_score":1.0,"_source":{"@version":"1","tags":["beats_input_codec_plain_applied"],"ecs":{"version":"8.0.0"},"message":"Creating Scriptblock text (1 of 1):\n$Res = 0; $ContIdOfs = 8; $ChCntOfs = 10; $MaskOfs = 28; $ExpContId = [Byte[]]@(0x00,0x00,0x00,0x00,0x00,0x00,0x00,0x00,0xff,0xff,0xff,0xff,0xff,0xff,0xff,0xff); $ExpChCnt = [Byte[]]@(0x04,0x00); $ExpMask = [Byte[]]@(0x33,0x00,0x00,0x00); $RootKeyPath = 'HKLM:\\SOFTWARE\\Microsoft\\Windows\\CurrentVersion\\MMDevices\\Audio\\Capture'; $Devices = Get-ChildItem -Path $RootKeyPath | Where-Object { $_.GetValue('DeviceState') -eq 1 }; foreach ($Device in $Devices) { $PropertiesKeyPath = 'Registry::' + $Device.Name + '\\Properties'; if (Test-Path -Path $PropertiesKeyPath) { $Properties = Get-ItemProperty -Path $PropertiesKeyPath; $ContIdKeyData = $Properties.'{8c7ed206-3f8a-4827-b3ab-ae9e1faefc6c},2'; if (-not $ContIdKeyData) { continue; } $ContId = $ContIdKeyData[$ContIdOfs..$($ContIdOfs + $ExpContId.Count - 1)]; $MixFormatData = $Properties.'{3d6e1656-2e50-4c4c-8d85-d0acae3c6c68},2'; if (-not $MixFormatData) { $MixFormatData = $Properties.'{3d6e1656-2e50-4c4c-8d85-d0acae3c6c68},3'; } if (-not $MixFormatData) { continue; } $ChCnt = $MixFormatData[$ChCntOfs..$($ChCntOfs + $ExpChCnt.Count - 1)]; $Mask = $MixFormatData[$MaskOfs..$($MaskOfs + $ExpMask.Count - 1)]; if ($ContId -and $ChCnt -and $Mask -and (Compare-Object $ContId $ExpContId).Length -eq 0 -and (Compare-Object $ChCnt $ExpChCnt).Length -eq 0 -and (Compare-Object $Mask $ExpMask).Length -eq 0) { $Res = 1; break; } } } Write-Host 'Final result:', $Res;\n\nScriptBlock ID: 8835f23c-3441-470b-938d-2bcdb0082bdb\nPath: ","event":{"action":"Execute a Remote Command","kind":"event","provider":"Microsoft-Windows-PowerShell","created":"2024-11-14T08:14:39.264Z","code":"4104"},"host":{"mac":["00-FF-14-66-C1-B3","0A-00-27-00-00-12","80-B6-55-54-6C-4E","80-B6-55-54-6C-4F","80-B6-55-54-6C-52","82-B6-55-54-6C-4E","D8-BB-C1-74-1C-24"],"name":"msi","hostname":"msi","architecture":"x86_64","os":{"platform":"windows","family":"windows","name":"Windows 11 Home Single Language","version":"10.0","build":"22631.4460","kernel":"10.0.22621.4455 (WinBuild.160101.0800)","type":"windows"},"ip":["169.254.5.113","192.168.56.1","169.254.27.160","169.254.242.69","169.254.117.31","192.168.207.153","169.254.135.196"],"id":"9ed805a2-1686-4d05-b328-395a2152cd70"},"log":{"level":"warning"},"@timestamp":"2022-11-21T17:38:08.066Z","winlog":{"user":{"domain":"NT AUTHORITY","identifier":"S-1-5-18","name":"SYSTEM","type":"Well Known Group"},"opcode":"On create calls","event_data":{"ScriptBlockText":"$Res = 0; $ContIdOfs = 8; $ChCntOfs = 10; $MaskOfs = 28; $ExpContId = [Byte[]]@(0x00,0x00,0x00,0x00,0x00,0x00,0x00,0x00,0xff,0xff,0xff,0xff,0xff,0xff,0xff,0xff); $ExpChCnt = [Byte[]]@(0x04,0x00); $ExpMask = [Byte[]]@(0x33,0x00,0x00,0x00); $RootKeyPath = 'HKLM:\\SOFTWARE\\Microsoft\\Windows\\CurrentVersion\\MMDevices\\Audio\\Capture'; $Devices = Get-ChildItem -Path $RootKeyPath | Where-Object { $_.GetValue('DeviceState') -eq 1 }; foreach ($Device in $Devices) { $PropertiesKeyPath = 'Registry::' + $Device.Name + '\\Properties'; if (Test-Path -Path $PropertiesKeyPath) { $Properties = Get-ItemProperty -Path $PropertiesKeyPath; $ContIdKeyData = $Properties.'{8c7ed206-3f8a-4827-b3ab-ae9e1faefc6c},2'; if (-not $ContIdKeyData) { continue; } $ContId = $ContIdKeyData[$ContIdOfs..$($ContIdOfs + $ExpContId.Count - 1)]; $MixFormatData = $Properties.'{3d6e1656-2e50-4c4c-8d85-d0acae3c6c68},2'; if (-not $MixFormatData) { $MixFormatData = $Properties.'{3d6e1656-2e50-4c4c-8d85-d0acae3c6c68},3'; } if (-not $MixFormatData) { continue; } $ChCnt = $MixFormatData[$ChCntOfs..$($ChCntOfs + $ExpChCnt.Count - 1)]; $Mask = $MixFormatData[$MaskOfs..$($MaskOfs + $ExpMask.Count - 1)]; if ($ContId -and $ChCnt -and $Mask -and (Compare-Object $ContId $ExpContId).Length -eq 0 -and (Compare-Object $ChCnt $ExpChCnt).Length -eq 0 -and (Compare-Object $Mask $ExpMask).Length -eq 0) { $Res = 1; break; } } } Write-Host 'Final result:', $Res;","ScriptBlockId":"8835f23c-3441-470b-938d-2bcdb0082bdb","MessageNumber":"1","MessageTotal":"1"},"provider_guid":"{a0c1853b-5c40-4b15-8766-3cf1c58f985a}","process":{"thread":{"id":23268},"pid":15888},"task":"Execute a Remote Command","version":1,"provider_name":"Microsoft-Windows-PowerShell","channel":"Microsoft-Windows-PowerShell/Operational","api":"wineventlog","activity_id":"{1a0190c3-f43a-0007-bbb4-701a3af4d801}","event_id":"4104","record_id":278,"computer_name":"MSI"},"agent":{"ephemeral_id":"28ff186b-bd6d-470f-a1b6-1c7ccc3dfe26","id":"ad84ffee-22d0-464b-81dd-06b1181ecd47","name":"MSI","version":"8.15.2","type":"winlogbeat"}}},{"_index":"winlogbeat-2022.11.326","_type":"_doc","_id":"WZm9KZMBylAKiVITOIrI","_score":1.0,"_source":{"@version":"1","tags":["beats_input_codec_plain_applied"],"ecs":{"version":"8.0.0"},"message":"Creating Scriptblock text (1 of 1):\n$Res = 0; $ContIdOfs = 8; $ChCntOfs = 10; $MaskOfs = 28; $ExpContId = [Byte[]]@(0x00,0x00,0x00,0x00,0x00,0x00,0x00,0x00,0xff,0xff,0xff,0xff,0xff,0xff,0xff,0xff); $ExpChCnt = [Byte[]]@(0x04,0x00); $ExpMask = [Byte[]]@(0x33,0x00,0x00,0x00); $RootKeyPath = 'HKLM:\\SOFTWARE\\Microsoft\\Windows\\CurrentVersion\\MMDevices\\Audio\\Capture'; $Devices = Get-ChildItem -Path $RootKeyPath | Where-Object { $_.GetValue('DeviceState') -eq 1 }; foreach ($Device in $Devices) { $PropertiesKeyPath = 'Registry::' + $Device.Name + '\\Properties'; if (Test-Path -Path $PropertiesKeyPath) { $Properties = Get-ItemProperty -Path $PropertiesKeyPath; $ContIdKeyData = $Properties.'{8c7ed206-3f8a-4827-b3ab-ae9e1faefc6c},2'; if (-not $ContIdKeyData) { continue; } $ContId = $ContIdKeyData[$ContIdOfs..$($ContIdOfs + $ExpContId.Count - 1)]; $MixFormatData = $Properties.'{3d6e1656-2e50-4c4c-8d85-d0acae3c6c68},2'; if (-not $MixFormatData) { $MixFormatData = $Properties.'{3d6e1656-2e50-4c4c-8d85-d0acae3c6c68},3'; } if (-not $MixFormatData) { continue; } $ChCnt = $MixFormatData[$ChCntOfs..$($ChCntOfs + $ExpChCnt.Count - 1)]; $Mask = $MixFormatData[$MaskOfs..$($MaskOfs + $ExpMask.Count - 1)]; if ($ContId -and $ChCnt -and $Mask -and (Compare-Object $ContId $ExpContId).Length -eq 0 -and (Compare-Object $ChCnt $ExpChCnt).Length -eq 0 -and (Compare-Object $Mask $ExpMask).Length -eq 0) { $Res = 1; break; } } } Write-Host 'Final result:', $Res;\n\nScriptBlock ID: 9bf7bf30-a7c4-440f-9da8-3bc2b3ed8699\nPath: ","event":{"action":"Execute a Remote Command","kind":"event","provider":"Microsoft-Windows-PowerShell","created":"2024-11-14T08:14:39.264Z","code":"4104"},"host":{"mac":["00-FF-14-66-C1-B3","0A-00-27-00-00-12","80-B6-55-54-6C-4E","80-B6-55-54-6C-4F","80-B6-55-54-6C-52","82-B6-55-54-6C-4E","D8-BB-C1-74-1C-24"],"name":"msi","hostname":"msi","ip":["169.254.5.113","192.168.56.1","169.254.27.160","169.254.242.69","169.254.117.31","192.168.207.153","169.254.135.196"],"os":{"platform":"windows","family":"windows","version":"10.0","name":"Windows 11 Home Single Language","build":"22631.4460","kernel":"10.0.22621.4455 (WinBuild.160101.0800)","type":"windows"},"architecture":"x86_64","id":"9ed805a2-1686-4d05-b328-395a2152cd70"},"log":{"level":"warning"},"@timestamp":"2022-11-22T18:08:37.337Z","winlog":{"user":{"domain":"NT AUTHORITY","identifier":"S-1-5-18","name":"SYSTEM","type":"Well Known Group"},"opcode":"On create calls","event_data":{"ScriptBlockId":"9bf7bf30-a7c4-440f-9da8-3bc2b3ed8699","ScriptBlockText":"$Res = 0; $ContIdOfs = 8; $ChCntOfs = 10; $MaskOfs = 28; $ExpContId = [Byte[]]@(0x00,0x00,0x00,0x00,0x00,0x00,0x00,0x00,0xff,0xff,0xff,0xff,0xff,0xff,0xff,0xff); $ExpChCnt = [Byte[]]@(0x04,0x00); $ExpMask = [Byte[]]@(0x33,0x00,0x00,0x00); $RootKeyPath = 'HKLM:\\SOFTWARE\\Microsoft\\Windows\\CurrentVersion\\MMDevices\\Audio\\Capture'; $Devices = Get-ChildItem -Path $RootKeyPath | Where-Object { $_.GetValue('DeviceState') -eq 1 }; foreach ($Device in $Devices) { $PropertiesKeyPath = 'Registry::' + $Device.Name + '\\Properties'; if (Test-Path -Path $PropertiesKeyPath) { $Properties = Get-ItemProperty -Path $PropertiesKeyPath; $ContIdKeyData = $Properties.'{8c7ed206-3f8a-4827-b3ab-ae9e1faefc6c},2'; if (-not $ContIdKeyData) { continue; } $ContId = $ContIdKeyData[$ContIdOfs..$($ContIdOfs + $ExpContId.Count - 1)]; $MixFormatData = $Properties.'{3d6e1656-2e50-4c4c-8d85-d0acae3c6c68},2'; if (-not $MixFormatData) { $MixFormatData = $Properties.'{3d6e1656-2e50-4c4c-8d85-d0acae3c6c68},3'; } if (-not $MixFormatData) { continue; } $ChCnt = $MixFormatData[$ChCntOfs..$($ChCntOfs + $ExpChCnt.Count - 1)]; $Mask = $MixFormatData[$MaskOfs..$($MaskOfs + $ExpMask.Count - 1)]; if ($ContId -and $ChCnt -and $Mask -and (Compare-Object $ContId $ExpContId).Length -eq 0 -and (Compare-Object $ChCnt $ExpChCnt).Length -eq 0 -and (Compare-Object $Mask $ExpMask).Length -eq 0) { $Res = 1; break; } } } Write-Host 'Final result:', $Res;","MessageNumber":"1","MessageTotal":"1"},"provider_guid":"{a0c1853b-5c40-4b15-8766-3cf1c58f985a}","process":{"pid":27508,"thread":{"id":18652}},"task":"Execute a Remote Command","api":"wineventlog","version":1,"activity_id":"{1a0190c3-f43a-0005-14f9-611a3af4d801}","channel":"Microsoft-Windows-PowerShell/Operational","event_id":"4104","provider_name":"Microsoft-Windows-PowerShell","record_id":290,"computer_name":"MSI"},"agent":{"ephemeral_id":"28ff186b-bd6d-470f-a1b6-1c7ccc3dfe26","id":"ad84ffee-22d0-464b-81dd-06b1181ecd47","name":"MSI","type":"winlogbeat","version":"8.15.2"}}},