{"_index":"winlogbeat-2023.01.01","_type":"_doc","_id":"Cpm9KZMBylAKiVITYY3a","_score":1.0,"_source":{"@version":"1","tags":["beats_input_codec_plain_applied"],"ecs":{"version":"8.0.0"},"message":"Engine state is changed from Available to Stopped. \n\nDetails: \n\tNewEngineState=Stopped\n\tPreviousEngineState=Available\n\n\tSequenceNumber=15\n\n\tHostName=ConsoleHost\n\tHostVersion=5.1.22621.963\n\tHostId=bcf68449-ba86-4387-8b09-d56931966625\n\tHostApplication=powershell.exe -ExecutionPolicy Restricted -Command Write-Host 'Final result: 1';\n\tEngineVersion=5.1.22621.963\n\tRunspaceId=1ef0b9f5-9a77-4f27-9036-35c2c6400131\n\tPipelineId=\n\tCommandName=\n\tCommandType=\n\tScriptName=\n\tCommandPath=\n\tCommandLine=","event":{"action":"Engine Lifecycle","kind":"event","provider":"PowerShell","created":"2024-11-14T08:14:39.666Z","code":"403"},"host":{"mac":["00-FF-14-66-C1-B3","0A-00-27-00-00-12","80-B6-55-54-6C-4E","80-B6-55-54-6C-4F","80-B6-55-54-6C-52","82-B6-55-54-6C-4E","D8-BB-C1-74-1C-24"],"name":"msi","hostname":"msi","architecture":"x86_64","os":{"platform":"windows","family":"windows","version":"10.0","name":"Windows 11 Home Single Language","build":"22631.4460","kernel":"10.0.22621.4455 (WinBuild.160101.0800)","type":"windows"},"ip":["169.254.5.113","192.168.56.1","169.254.27.160","169.254.242.69","169.254.117.31","192.168.207.153","169.254.135.196"],"id":"9ed805a2-1686-4d05-b328-395a2152cd70"},"log":{"level":"information"},"@timestamp":"2023-01-01T11:49:26.338Z","winlog":{"opcode":"Info","event_data":{"param1":"Stopped","param2":"Available","param3":"\tNewEngineState=Stopped\n\tPreviousEngineState=Available\n\n\tSequenceNumber=15\n\n\tHostName=ConsoleHost\n\tHostVersion=5.1.22621.963\n\tHostId=bcf68449-ba86-4387-8b09-d56931966625\n\tHostApplication=powershell.exe -ExecutionPolicy Restricted -Command Write-Host 'Final result: 1';\n\tEngineVersion=5.1.22621.963\n\tRunspaceId=1ef0b9f5-9a77-4f27-9036-35c2c6400131\n\tPipelineId=\n\tCommandName=\n\tCommandType=\n\tScriptName=\n\tCommandPath=\n\tCommandLine="},"process":{"pid":12040},"task":"Engine Lifecycle","channel":"Windows PowerShell","api":"wineventlog","provider_name":"PowerShell","event_id":"403","record_id":2598,"keywords":["Classic"],"computer_name":"MSI"},"agent":{"ephemeral_id":"28ff186b-bd6d-470f-a1b6-1c7ccc3dfe26","id":"ad84ffee-22d0-464b-81dd-06b1181ecd47","name":"MSI","type":"winlogbeat","version":"8.15.2"}}},{"_index":"winlogbeat-2023.01.02","_type":"_doc","_id":"C5m9KZMBylAKiVITYY3a","_score":1.0,"_source":{"@version":"1","tags":["beats_input_codec_plain_applied"],"ecs":{"version":"8.0.0"},"message":"Provider \"Registry\" is Started. \n\nDetails: \n\tProviderName=Registry\n\tNewProviderState=Started\n\n\tSequenceNumber=1\n\n\tHostName=ConsoleHost\n\tHostVersion=5.1.22621.963\n\tHostId=5db2f5e0-b60f-4d1b-84cc-7e8136e3b188\n\tHostApplication=powershell.exe -ExecutionPolicy Restricted -Command Write-Host 'Final result: 1';\n\tEngineVersion=\n\tRunspaceId=\n\tPipelineId=\n\tCommandName=\n\tCommandType=\n\tScriptName=\n\tCommandPath=\n\tCommandLine=","event":{"action":"Provider Lifecycle","kind":"event","provider":"PowerShell","created":"2024-11-14T08:14:39.666Z","code":"600"},"log":{"level":"information"},"host":{"mac":["00-FF-14-66-C1-B3","0A-00-27-00-00-12","80-B6-55-54-6C-4E","80-B6-55-54-6C-4F","80-B6-55-54-6C-52","82-B6-55-54-6C-4E","D8-BB-C1-74-1C-24"],"name":"msi","hostname":"msi","architecture":"x86_64","os":{"platform":"windows","name":"Windows 11 Home Single Language","version":"10.0","family":"windows","build":"22631.4460","kernel":"10.0.22621.4455 (WinBuild.160101.0800)","type":"windows"},"ip":["169.254.5.113","192.168.56.1","169.254.27.160","169.254.242.69","169.254.117.31","192.168.207.153","169.254.135.196"],"id":"9ed805a2-1686-4d05-b328-395a2152cd70"},"@timestamp":"2023-01-02T13:19:01.366Z","winlog":{"opcode":"Info","event_data":{"param1":"Registry","param2":"Started","param3":"\tProviderName=Registry\n\tNewProviderState=Started\n\n\tSequenceNumber=1\n\n\tHostName=ConsoleHost\n\tHostVersion=5.1.22621.963\n\tHostId=5db2f5e0-b60f-4d1b-84cc-7e8136e3b188\n\tHostApplication=powershell.exe -ExecutionPolicy Restricted -Command Write-Host 'Final result: 1';\n\tEngineVersion=\n\tRunspaceId=\n\tPipelineId=\n\tCommandName=\n\tCommandType=\n\tScriptName=\n\tCommandPath=\n\tCommandLine="},"process":{"pid":25004},"task":"Provider Lifecycle","provider_name":"PowerShell","channel":"Windows PowerShell","api":"wineventlog","event_id":"600","record_id":2599,"keywords":["Classic"],"computer_name":"MSI"},"agent":{"ephemeral_id":"28ff186b-bd6d-470f-a1b6-1c7ccc3dfe26","id":"ad84ffee-22d0-464b-81dd-06b1181ecd47","name":"MSI","type":"winlogbeat","version":"8.15.2"}}},{"_index":"winlogbeat-2023.01.02","_type":"_doc","_id":"DJm9KZMBylAKiVITYY3a","_score":1.0,"_source":{"@version":"1","tags":["beats_input_codec_plain_applied"],"ecs":{"version":"8.0.0"},"message":"Provider \"Alias\" is Started. \n\nDetails: \n\tProviderName=Alias\n\tNewProviderState=Started\n\n\tSequenceNumber=3\n\n\tHostName=ConsoleHost\n\tHostVersion=5.1.22621.963\n\tHostId=5db2f5e0-b60f-4d1b-84cc-7e8136e3b188\n\tHostApplication=powershell.exe -ExecutionPolicy Restricted -Command Write-Host 'Final result: 1';\n\tEngineVersion=\n\tRunspaceId=\n\tPipelineId=\n\tCommandName=\n\tCommandType=\n\tScriptName=\n\tCommandPath=\n\tCommandLine=","event":{"action":"Provider Lifecycle","kind":"event","provider":"PowerShell","created":"2024-11-14T08:14:39.666Z","code":"600"},"host":{"mac":["00-FF-14-66-C1-B3","0A-00-27-00-00-12","80-B6-55-54-6C-4E","80-B6-55-54-6C-4F","80-B6-55-54-6C-52","82-B6-55-54-6C-4E","D8-BB-C1-74-1C-24"],"name":"msi","hostname":"msi","architecture":"x86_64","os":{"platform":"windows","family":"windows","version":"10.0","name":"Windows 11 Home Single Language","build":"22631.4460","kernel":"10.0.22621.4455 (WinBuild.160101.0800)","type":"windows"},"ip":["169.254.5.113","192.168.56.1","169.254.27.160","169.254.242.69","169.254.117.31","192.168.207.153","169.254.135.196"],"id":"9ed805a2-1686-4d05-b328-395a2152cd70"},"log":{"level":"information"},"@timestamp":"2023-01-02T13:19:01.367Z","winlog":{"opcode":"Info","event_data":{"param1":"Alias","param2":"Started","param3":"\tProviderName=Alias\n\tNewProviderState=Started\n\n\tSequenceNumber=3\n\n\tHostName=ConsoleHost\n\tHostVersion=5.1.22621.963\n\tHostId=5db2f5e0-b60f-4d1b-84cc-7e8136e3b188\n\tHostApplication=powershell.exe -ExecutionPolicy Restricted -Command Write-Host 'Final result: 1';\n\tEngineVersion=\n\tRunspaceId=\n\tPipelineId=\n\tCommandName=\n\tCommandType=\n\tScriptName=\n\tCommandPath=\n\tCommandLine="},"process":{"pid":25004},"task":"Provider Lifecycle","channel":"Windows PowerShell","api":"wineventlog","provider_name":"PowerShell","event_id":"600","record_id":2600,"keywords":["Classic"],"computer_name":"MSI"},"agent":{"ephemeral_id":"28ff186b-bd6d-470f-a1b6-1c7ccc3dfe26","id":"ad84ffee-22d0-464b-81dd-06b1181ecd47","name":"MSI","type":"winlogbeat","version":"8.15.2"}}},{"_index":"winlogbeat-2023.01.02","_type":"_doc","_id":"DZm9KZMBylAKiVITYY3a","_score":1.0,"_source":{"@version":"1","tags":["beats_input_codec_plain_applied"],"ecs":{"version":"8.0.0"},"message":"Provider \"Environment\" is Started. \n\nDetails: \n\tProviderName=Environment\n\tNewProviderState=Started\n\n\tSequenceNumber=5\n\n\tHostName=ConsoleHost\n\tHostVersion=5.1.22621.963\n\tHostId=5db2f5e0-b60f-4d1b-84cc-7e8136e3b188\n\tHostApplication=powershell.exe -ExecutionPolicy Restricted -Command Write-Host 'Final result: 1';\n\tEngineVersion=\n\tRunspaceId=\n\tPipelineId=\n\tCommandName=\n\tCommandType=\n\tScriptName=\n\tCommandPath=\n\tCommandLine=","event":{"action":"Provider Lifecycle","kind":"event","provider":"PowerShell","created":"2024-11-14T08:14:39.666Z","code":"600"},"log":{"level":"information"},"host":{"mac":["00-FF-14-66-C1-B3","0A-00-27-00-00-12","80-B6-55-54-6C-4E","80-B6-55-54-6C-4F","80-B6-55-54-6C-52","82-B6-55-54-6C-4E","D8-BB-C1-74-1C-24"],"name":"msi","hostname":"msi","ip":["169.254.5.113","192.168.56.1","169.254.27.160","169.254.242.69","169.254.117.31","192.168.207.153","169.254.135.196"],"architecture":"x86_64","os":{"platform":"windows","family":"windows","name":"Windows 11 Home Single Language","version":"10.0","build":"22631.4460","kernel":"10.0.22621.4455 (WinBuild.160101.0800)","type":"windows"},"id":"9ed805a2-1686-4d05-b328-395a2152cd70"},"@timestamp":"2023-01-02T13:19:01.367Z","winlog":{"opcode":"Info","event_data":{"param1":"Environment","param2":"Started","param3":"\tProviderName=Environment\n\tNewProviderState=Started\n\n\tSequenceNumber=5\n\n\tHostName=ConsoleHost\n\tHostVersion=5.1.22621.963\n\tHostId=5db2f5e0-b60f-4d1b-84cc-7e8136e3b188\n\tHostApplication=powershell.exe -ExecutionPolicy Restricted -Command Write-Host 'Final result: 1';\n\tEngineVersion=\n\tRunspaceId=\n\tPipelineId=\n\tCommandName=\n\tCommandType=\n\tScriptName=\n\tCommandPath=\n\tCommandLine="},"process":{"pid":25004},"task":"Provider Lifecycle","api":"wineventlog","provider_name":"PowerShell","channel":"Windows PowerShell","event_id":"600","record_id":2601,"computer_name":"MSI","keywords":["Classic"]},"agent":{"ephemeral_id":"28ff186b-bd6d-470f-a1b6-1c7ccc3dfe26","id":"ad84ffee-22d0-464b-81dd-06b1181ecd47","name":"MSI","type":"winlogbeat","version":"8.15.2"}}},{"_index":"winlogbeat-2023.01.02","_type":"_doc","_id":"Dpm9KZMBylAKiVITYY3a","_score":1.0,"_source":{"@version":"1","tags":["beats_input_codec_plain_applied"],"ecs":{"version":"8.0.0"},"message":"Provider \"FileSystem\" is Started. \n\nDetails: \n\tProviderName=FileSystem\n\tNewProviderState=Started\n\n\tSequenceNumber=7\n\n\tHostName=ConsoleHost\n\tHostVersion=5.1.22621.963\n\tHostId=5db2f5e0-b60f-4d1b-84cc-7e8136e3b188\n\tHostApplication=powershell.exe -ExecutionPolicy Restricted -Command Write-Host 'Final result: 1';\n\tEngineVersion=\n\tRunspaceId=\n\tPipelineId=\n\tCommandName=\n\tCommandType=\n\tScriptName=\n\tCommandPath=\n\tCommandLine=","event":{"action":"Provider Lifecycle","kind":"event","provider":"PowerShell","created":"2024-11-14T08:14:39.667Z","code":"600"},"log":{"level":"information"},"host":{"mac":["00-FF-14-66-C1-B3","0A-00-27-00-00-12","80-B6-55-54-6C-4E","80-B6-55-54-6C-4F","80-B6-55-54-6C-52","82-B6-55-54-6C-4E","D8-BB-C1-74-1C-24"],"name":"msi","hostname":"msi","ip":["169.254.5.113","192.168.56.1","169.254.27.160","169.254.242.69","169.254.117.31","192.168.207.153","169.254.135.196"],"os":{"platform":"windows","family":"windows","version":"10.0","name":"Windows 11 Home Single Language","build":"22631.4460","kernel":"10.0.22621.4455 (WinBuild.160101.0800)","type":"windows"},"architecture":"x86_64","id":"9ed805a2-1686-4d05-b328-395a2152cd70"},"@timestamp":"2023-01-02T13:19:01.393Z","winlog":{"opcode":"Info","event_data":{"param1":"FileSystem","param2":"Started","param3":"\tProviderName=FileSystem\n\tNewProviderState=Started\n\n\tSequenceNumber=7\n\n\tHostName=ConsoleHost\n\tHostVersion=5.1.22621.963\n\tHostId=5db2f5e0-b60f-4d1b-84cc-7e8136e3b188\n\tHostApplication=powershell.exe -ExecutionPolicy Restricted -Command Write-Host 'Final result: 1';\n\tEngineVersion=\n\tRunspaceId=\n\tPipelineId=\n\tCommandName=\n\tCommandType=\n\tScriptName=\n\tCommandPath=\n\tCommandLine="},"process":{"pid":25004},"task":"Provider Lifecycle","api":"wineventlog","provider_name":"PowerShell","channel":"Windows PowerShell","event_id":"600","record_id":2602,"computer_name":"MSI","keywords":["Classic"]},"agent":{"ephemeral_id":"28ff186b-bd6d-470f-a1b6-1c7ccc3dfe26","id":"ad84ffee-22d0-464b-81dd-06b1181ecd47","name":"MSI","type":"winlogbeat","version":"8.15.2"}}},{"_index":"winlogbeat-2023.01.02","_type":"_doc","_id":"D5m9KZMBylAKiVITYY3a","_score":1.0,"_source":{"@version":"1","tags":["beats_input_codec_plain_applied"],"ecs":{"version":"8.0.0"},"message":"Provider \"Function\" is Started. \n\nDetails: \n\tProviderName=Function\n\tNewProviderState=Started\n\n\tSequenceNumber=9\n\n\tHostName=ConsoleHost\n\tHostVersion=5.1.22621.963\n\tHostId=5db2f5e0-b60f-4d1b-84cc-7e8136e3b188\n\tHostApplication=powershell.exe -ExecutionPolicy Restricted -Command Write-Host 'Final result: 1';\n\tEngineVersion=\n\tRunspaceId=\n\tPipelineId=\n\tCommandName=\n\tCommandType=\n\tScriptName=\n\tCommandPath=\n\tCommandLine=","event":{"action":"Provider Lifecycle","kind":"event","provider":"PowerShell","created":"2024-11-14T08:14:39.667Z","code":"600"},"log":{"level":"information"},"host":{"mac":["00-FF-14-66-C1-B3","0A-00-27-00-00-12","80-B6-55-54-6C-4E","80-B6-55-54-6C-4F","80-B6-55-54-6C-52","82-B6-55-54-6C-4E","D8-BB-C1-74-1C-24"],"name":"msi","hostname":"msi","architecture":"x86_64","os":{"platform":"windows","family":"windows","version":"10.0","name":"Windows 11 Home Single Language","build":"22631.4460","kernel":"10.0.22621.4455 (WinBuild.160101.0800)","type":"windows"},"ip":["169.254.5.113","192.168.56.1","169.254.27.160","169.254.242.69","169.254.117.31","192.168.207.153","169.254.135.196"],"id":"9ed805a2-1686-4d05-b328-395a2152cd70"},"@timestamp":"2023-01-02T13:19:01.394Z","winlog":{"opcode":"Info","event_data":{"param1":"Function","param2":"Started","param3":"\tProviderName=Function\n\tNewProviderState=Started\n\n\tSequenceNumber=9\n\n\tHostName=ConsoleHost\n\tHostVersion=5.1.22621.963\n\tHostId=5db2f5e0-b60f-4d1b-84cc-7e8136e3b188\n\tHostApplication=powershell.exe -ExecutionPolicy Restricted -Command Write-Host 'Final result: 1';\n\tEngineVersion=\n\tRunspaceId=\n\tPipelineId=\n\tCommandName=\n\tCommandType=\n\tScriptName=\n\tCommandPath=\n\tCommandLine="},"process":{"pid":25004},"task":"Provider Lifecycle","channel":"Windows PowerShell","provider_name":"PowerShell","api":"wineventlog","event_id":"600","record_id":2603,"keywords":["Classic"],"computer_name":"MSI"},"agent":{"ephemeral_id":"28ff186b-bd6d-470f-a1b6-1c7ccc3dfe26","id":"ad84ffee-22d0-464b-81dd-06b1181ecd47","name":"MSI","type":"winlogbeat","version":"8.15.2"}}},{"_index":"winlogbeat-2023.01.02","_type":"_doc","_id":"EJm9KZMBylAKiVITYY3a","_score":1.0,"_source":{"@version":"1","tags":["beats_input_codec_plain_applied"],"ecs":{"version":"8.0.0"},"message":"Provider \"Variable\" is Started. \n\nDetails: \n\tProviderName=Variable\n\tNewProviderState=Started\n\n\tSequenceNumber=11\n\n\tHostName=ConsoleHost\n\tHostVersion=5.1.22621.963\n\tHostId=5db2f5e0-b60f-4d1b-84cc-7e8136e3b188\n\tHostApplication=powershell.exe -ExecutionPolicy Restricted -Command Write-Host 'Final result: 1';\n\tEngineVersion=\n\tRunspaceId=\n\tPipelineId=\n\tCommandName=\n\tCommandType=\n\tScriptName=\n\tCommandPath=\n\tCommandLine=","event":{"action":"Provider Lifecycle","kind":"event","provider":"PowerShell","created":"2024-11-14T08:14:39.667Z","code":"600"},"log":{"level":"information"},"host":{"mac":["00-FF-14-66-C1-B3","0A-00-27-00-00-12","80-B6-55-54-6C-4E","80-B6-55-54-6C-4F","80-B6-55-54-6C-52","82-B6-55-54-6C-4E","D8-BB-C1-74-1C-24"],"name":"msi","hostname":"msi","ip":["169.254.5.113","192.168.56.1","169.254.27.160","169.254.242.69","169.254.117.31","192.168.207.153","169.254.135.196"],"os":{"platform":"windows","family":"windows","version":"10.0","name":"Windows 11 Home Single Language","build":"22631.4460","kernel":"10.0.22621.4455 (WinBuild.160101.0800)","type":"windows"},"architecture":"x86_64","id":"9ed805a2-1686-4d05-b328-395a2152cd70"},"@timestamp":"2023-01-02T13:19:01.394Z","winlog":{"opcode":"Info","event_data":{"param1":"Variable","param2":"Started","param3":"\tProviderName=Variable\n\tNewProviderState=Started\n\n\tSequenceNumber=11\n\n\tHostName=ConsoleHost\n\tHostVersion=5.1.22621.963\n\tHostId=5db2f5e0-b60f-4d1b-84cc-7e8136e3b188\n\tHostApplication=powershell.exe -ExecutionPolicy Restricted -Command Write-Host 'Final result: 1';\n\tEngineVersion=\n\tRunspaceId=\n\tPipelineId=\n\tCommandName=\n\tCommandType=\n\tScriptName=\n\tCommandPath=\n\tCommandLine="},"process":{"pid":25004},"task":"Provider Lifecycle","channel":"Windows PowerShell","provider_name":"PowerShell","api":"wineventlog","event_id":"600","record_id":2604,"computer_name":"MSI","keywords":["Classic"]},"agent":{"ephemeral_id":"28ff186b-bd6d-470f-a1b6-1c7ccc3dfe26","id":"ad84ffee-22d0-464b-81dd-06b1181ecd47","name":"MSI","version":"8.15.2","type":"winlogbeat"}}},{"_index":"winlogbeat-2023.01.02","_type":"_doc","_id":"DJm9KZMBylAKiVITaI70","_score":1.0,"_source":{"@version":"1","tags":["beats_input_codec_plain_applied"],"ecs":{"version":"8.0.0"},"message":"Engine state is changed from None to Available. \n\nDetails: \n\tNewEngineState=Available\n\tPreviousEngineState=None\n\n\tSequenceNumber=13\n\n\tHostName=ConsoleHost\n\tHostVersion=5.1.22621.963\n\tHostId=5db2f5e0-b60f-4d1b-84cc-7e8136e3b188\n\tHostApplication=powershell.exe -ExecutionPolicy Restricted -Command Write-Host 'Final result: 1';\n\tEngineVersion=5.1.22621.963\n\tRunspaceId=a545a996-bd91-4406-b752-7b9514df4fa2\n\tPipelineId=\n\tCommandName=\n\tCommandType=\n\tScriptName=\n\tCommandPath=\n\tCommandLine=","event":{"action":"Engine Lifecycle","kind":"event","provider":"PowerShell","created":"2024-11-14T08:14:39.667Z","code":"400"},"log":{"level":"information"},"host":{"mac":["00-FF-14-66-C1-B3","0A-00-27-00-00-12","80-B6-55-54-6C-4E","80-B6-55-54-6C-4F","80-B6-55-54-6C-52","82-B6-55-54-6C-4E","D8-BB-C1-74-1C-24"],"name":"msi","hostname":"msi","architecture":"x86_64","os":{"platform":"windows","name":"Windows 11 Home Single Language","version":"10.0","family":"windows","build":"22631.4460","kernel":"10.0.22621.4455 (WinBuild.160101.0800)","type":"windows"},"ip":["169.254.5.113","192.168.56.1","169.254.27.160","169.254.242.69","169.254.117.31","192.168.207.153","169.254.135.196"],"id":"9ed805a2-1686-4d05-b328-395a2152cd70"},"@timestamp":"2023-01-02T13:19:01.405Z","winlog":{"opcode":"Info","event_data":{"param1":"Available","param2":"None","param3":"\tNewEngineState=Available\n\tPreviousEngineState=None\n\n\tSequenceNumber=13\n\n\tHostName=ConsoleHost\n\tHostVersion=5.1.22621.963\n\tHostId=5db2f5e0-b60f-4d1b-84cc-7e8136e3b188\n\tHostApplication=powershell.exe -ExecutionPolicy Restricted -Command Write-Host 'Final result: 1';\n\tEngineVersion=5.1.22621.963\n\tRunspaceId=a545a996-bd91-4406-b752-7b9514df4fa2\n\tPipelineId=\n\tCommandName=\n\tCommandType=\n\tScriptName=\n\tCommandPath=\n\tCommandLine="},"process":{"pid":25004},"task":"Engine Lifecycle","provider_name":"PowerShell","api":"wineventlog","channel":"Windows PowerShell","event_id":"400","record_id":2605,"computer_name":"MSI","keywords":["Classic"]},"agent":{"ephemeral_id":"28ff186b-bd6d-470f-a1b6-1c7ccc3dfe26","id":"ad84ffee-22d0-464b-81dd-06b1181ecd47","name":"MSI","version":"8.15.2","type":"winlogbeat"}}},{"_index":"winlogbeat-2023.01.02","_type":"_doc","_id":"DZm9KZMBylAKiVITaI70","_score":1.0,"_source":{"@version":"1","tags":["beats_input_codec_plain_applied"],"ecs":{"version":"8.0.0"},"message":"Engine state is changed from Available to Stopped. \n\nDetails: \n\tNewEngineState=Stopped\n\tPreviousEngineState=Available\n\n\tSequenceNumber=15\n\n\tHostName=ConsoleHost\n\tHostVersion=5.1.22621.963\n\tHostId=5db2f5e0-b60f-4d1b-84cc-7e8136e3b188\n\tHostApplication=powershell.exe -ExecutionPolicy Restricted -Command Write-Host 'Final result: 1';\n\tEngineVersion=5.1.22621.963\n\tRunspaceId=a545a996-bd91-4406-b752-7b9514df4fa2\n\tPipelineId=\n\tCommandName=\n\tCommandType=\n\tScriptName=\n\tCommandPath=\n\tCommandLine=","event":{"action":"Engine Lifecycle","kind":"event","provider":"PowerShell","created":"2024-11-14T08:14:39.667Z","code":"403"},"log":{"level":"information"},"host":{"mac":["00-FF-14-66-C1-B3","0A-00-27-00-00-12","80-B6-55-54-6C-4E","80-B6-55-54-6C-4F","80-B6-55-54-6C-52","82-B6-55-54-6C-4E","D8-BB-C1-74-1C-24"],"name":"msi","hostname":"msi","architecture":"x86_64","os":{"platform":"windows","family":"windows","version":"10.0","name":"Windows 11 Home Single Language","build":"22631.4460","kernel":"10.0.22621.4455 (WinBuild.160101.0800)","type":"windows"},"ip":["169.254.5.113","192.168.56.1","169.254.27.160","169.254.242.69","169.254.117.31","192.168.207.153","169.254.135.196"],"id":"9ed805a2-1686-4d05-b328-395a2152cd70"},"@timestamp":"2023-01-02T13:19:02.257Z","winlog":{"opcode":"Info","event_data":{"param1":"Stopped","param2":"Available","param3":"\tNewEngineState=Stopped\n\tPreviousEngineState=Available\n\n\tSequenceNumber=15\n\n\tHostName=ConsoleHost\n\tHostVersion=5.1.22621.963\n\tHostId=5db2f5e0-b60f-4d1b-84cc-7e8136e3b188\n\tHostApplication=powershell.exe -ExecutionPolicy Restricted -Command Write-Host 'Final result: 1';\n\tEngineVersion=5.1.22621.963\n\tRunspaceId=a545a996-bd91-4406-b752-7b9514df4fa2\n\tPipelineId=\n\tCommandName=\n\tCommandType=\n\tScriptName=\n\tCommandPath=\n\tCommandLine="},"process":{"pid":25004},"task":"Engine Lifecycle","api":"wineventlog","provider_name":"PowerShell","channel":"Windows PowerShell","event_id":"403","record_id":2606,"keywords":["Classic"],"computer_name":"MSI"},"agent":{"ephemeral_id":"28ff186b-bd6d-470f-a1b6-1c7ccc3dfe26","id":"ad84ffee-22d0-464b-81dd-06b1181ecd47","name":"MSI","version":"8.15.2","type":"winlogbeat"}}},{"_index":"winlogbeat-2023.01.03","_type":"_doc","_id":"Dpm9KZMBylAKiVITaI70","_score":1.0,"_source":{"@version":"1","tags":["beats_input_codec_plain_applied"],"ecs":{"version":"8.0.0"},"message":"Provider \"Registry\" is Started. \n\nDetails: \n\tProviderName=Registry\n\tNewProviderState=Started\n\n\tSequenceNumber=1\n\n\tHostName=ConsoleHost\n\tHostVersion=5.1.22621.963\n\tHostId=8428b76e-f669-42d3-8a14-d7bdd5d32616\n\tHostApplication=powershell.exe -ExecutionPolicy Restricted -Command Write-Host 'Final result: 1';\n\tEngineVersion=\n\tRunspaceId=\n\tPipelineId=\n\tCommandName=\n\tCommandType=\n\tScriptName=\n\tCommandPath=\n\tCommandLine=","event":{"action":"Provider Lifecycle","kind":"event","provider":"PowerShell","created":"2024-11-14T08:14:39.667Z","code":"600"},"host":{"mac":["00-FF-14-66-C1-B3","0A-00-27-00-00-12","80-B6-55-54-6C-4E","80-B6-55-54-6C-4F","80-B6-55-54-6C-52","82-B6-55-54-6C-4E","D8-BB-C1-74-1C-24"],"name":"msi","hostname":"msi","architecture":"x86_64","os":{"platform":"windows","family":"windows","name":"Windows 11 Home Single Language","version":"10.0","build":"22631.4460","kernel":"10.0.22621.4455 (WinBuild.160101.0800)","type":"windows"},"ip":["169.254.5.113","192.168.56.1","169.254.27.160","169.254.242.69","169.254.117.31","192.168.207.153","169.254.135.196"],"id":"9ed805a2-1686-4d05-b328-395a2152cd70"},"log":{"level":"information"},"@timestamp":"2023-01-03T14:16:30.599Z","winlog":{"opcode":"Info","event_data":{"param1":"Registry","param2":"Started","param3":"\tProviderName=Registry\n\tNewProviderState=Started\n\n\tSequenceNumber=1\n\n\tHostName=ConsoleHost\n\tHostVersion=5.1.22621.963\n\tHostId=8428b76e-f669-42d3-8a14-d7bdd5d32616\n\tHostApplication=powershell.exe -ExecutionPolicy Restricted -Command Write-Host 'Final result: 1';\n\tEngineVersion=\n\tRunspaceId=\n\tPipelineId=\n\tCommandName=\n\tCommandType=\n\tScriptName=\n\tCommandPath=\n\tCommandLine="},"process":{"pid":3860},"task":"Provider Lifecycle","channel":"Windows PowerShell","provider_name":"PowerShell","api":"wineventlog","event_id":"600","record_id":2607,"keywords":["Classic"],"computer_name":"MSI"},"agent":{"ephemeral_id":"28ff186b-bd6d-470f-a1b6-1c7ccc3dfe26","id":"ad84ffee-22d0-464b-81dd-06b1181ecd47","name":"MSI","type":"winlogbeat","version":"8.15.2"}}},{"_index":"winlogbeat-2023.01.03","_type":"_doc","_id":"D5m9KZMBylAKiVITaI70","_score":1.0,"_source":{"@version":"1","tags":["beats_input_codec_plain_applied"],"ecs":{"version":"8.0.0"},"message":"Provider \"Alias\" is Started. \n\nDetails: \n\tProviderName=Alias\n\tNewProviderState=Started\n\n\tSequenceNumber=3\n\n\tHostName=ConsoleHost\n\tHostVersion=5.1.22621.963\n\tHostId=8428b76e-f669-42d3-8a14-d7bdd5d32616\n\tHostApplication=powershell.exe -ExecutionPolicy Restricted -Command Write-Host 'Final result: 1';\n\tEngineVersion=\n\tRunspaceId=\n\tPipelineId=\n\tCommandName=\n\tCommandType=\n\tScriptName=\n\tCommandPath=\n\tCommandLine=","event":{"action":"Provider Lifecycle","kind":"event","provider":"PowerShell","created":"2024-11-14T08:14:39.667Z","code":"600"},"host":{"mac":["00-FF-14-66-C1-B3","0A-00-27-00-00-12","80-B6-55-54-6C-4E","80-B6-55-54-6C-4F","80-B6-55-54-6C-52","82-B6-55-54-6C-4E","D8-BB-C1-74-1C-24"],"name":"msi","hostname":"msi","ip":["169.254.5.113","192.168.56.1","169.254.27.160","169.254.242.69","169.254.117.31","192.168.207.153","169.254.135.196"],"architecture":"x86_64","os":{"platform":"windows","family":"windows","version":"10.0","name":"Windows 11 Home Single Language","build":"22631.4460","kernel":"10.0.22621.4455 (WinBuild.160101.0800)","type":"windows"},"id":"9ed805a2-1686-4d05-b328-395a2152cd70"},"log":{"level":"information"},"@timestamp":"2023-01-03T14:16:30.623Z","winlog":{"opcode":"Info","event_data":{"param1":"Alias","param2":"Started","param3":"\tProviderName=Alias\n\tNewProviderState=Started\n\n\tSequenceNumber=3\n\n\tHostName=ConsoleHost\n\tHostVersion=5.1.22621.963\n\tHostId=8428b76e-f669-42d3-8a14-d7bdd5d32616\n\tHostApplication=powershell.exe -ExecutionPolicy Restricted -Command Write-Host 'Final result: 1';\n\tEngineVersion=\n\tRunspaceId=\n\tPipelineId=\n\tCommandName=\n\tCommandType=\n\tScriptName=\n\tCommandPath=\n\tCommandLine="},"process":{"pid":3860},"task":"Provider Lifecycle","api":"wineventlog","channel":"Windows PowerShell","provider_name":"PowerShell","event_id":"600","record_id":2608,"computer_name":"MSI","keywords":["Classic"]},"agent":{"ephemeral_id":"28ff186b-bd6d-470f-a1b6-1c7ccc3dfe26","id":"ad84ffee-22d0-464b-81dd-06b1181ecd47","name":"MSI","type":"winlogbeat","version":"8.15.2"}}},{"_index":"winlogbeat-2023.01.03","_type":"_doc","_id":"EJm9KZMBylAKiVITaI70","_score":1.0,"_source":{"@version":"1","tags":["beats_input_codec_plain_applied"],"ecs":{"version":"8.0.0"},"message":"Provider \"Environment\" is Started. \n\nDetails: \n\tProviderName=Environment\n\tNewProviderState=Started\n\n\tSequenceNumber=5\n\n\tHostName=ConsoleHost\n\tHostVersion=5.1.22621.963\n\tHostId=8428b76e-f669-42d3-8a14-d7bdd5d32616\n\tHostApplication=powershell.exe -ExecutionPolicy Restricted -Command Write-Host 'Final result: 1';\n\tEngineVersion=\n\tRunspaceId=\n\tPipelineId=\n\tCommandName=\n\tCommandType=\n\tScriptName=\n\tCommandPath=\n\tCommandLine=","event":{"action":"Provider Lifecycle","kind":"event","provider":"PowerShell","created":"2024-11-14T08:14:39.667Z","code":"600"},"log":{"level":"information"},"host":{"mac":["00-FF-14-66-C1-B3","0A-00-27-00-00-12","80-B6-55-54-6C-4E","80-B6-55-54-6C-4F","80-B6-55-54-6C-52","82-B6-55-54-6C-4E","D8-BB-C1-74-1C-24"],"name":"msi","hostname":"msi","architecture":"x86_64","os":{"platform":"windows","family":"windows","version":"10.0","name":"Windows 11 Home Single Language","build":"22631.4460","kernel":"10.0.22621.4455 (WinBuild.160101.0800)","type":"windows"},"ip":["169.254.5.113","192.168.56.1","169.254.27.160","169.254.242.69","169.254.117.31","192.168.207.153","169.254.135.196"],"id":"9ed805a2-1686-4d05-b328-395a2152cd70"},"@timestamp":"2023-01-03T14:16:30.623Z","winlog":{"opcode":"Info","event_data":{"param1":"Environment","param2":"Started","param3":"\tProviderName=Environment\n\tNewProviderState=Started\n\n\tSequenceNumber=5\n\n\tHostName=ConsoleHost\n\tHostVersion=5.1.22621.963\n\tHostId=8428b76e-f669-42d3-8a14-d7bdd5d32616\n\tHostApplication=powershell.exe -ExecutionPolicy Restricted -Command Write-Host 'Final result: 1';\n\tEngineVersion=\n\tRunspaceId=\n\tPipelineId=\n\tCommandName=\n\tCommandType=\n\tScriptName=\n\tCommandPath=\n\tCommandLine="},"process":{"pid":3860},"task":"Provider Lifecycle","channel":"Windows PowerShell","provider_name":"PowerShell","api":"wineventlog","event_id":"600","record_id":2609,"keywords":["Classic"],"computer_name":"MSI"},"agent":{"ephemeral_id":"28ff186b-bd6d-470f-a1b6-1c7ccc3dfe26","id":"ad84ffee-22d0-464b-81dd-06b1181ecd47","name":"MSI","type":"winlogbeat","version":"8.15.2"}}},{"_index":"winlogbeat-2023.01.03","_type":"_doc","_id":"EZm9KZMBylAKiVITaI70","_score":1.0,"_source":{"@version":"1","tags":["beats_input_codec_plain_applied"],"ecs":{"version":"8.0.0"},"message":"Provider \"FileSystem\" is Started. \n\nDetails: \n\tProviderName=FileSystem\n\tNewProviderState=Started\n\n\tSequenceNumber=7\n\n\tHostName=ConsoleHost\n\tHostVersion=5.1.22621.963\n\tHostId=8428b76e-f669-42d3-8a14-d7bdd5d32616\n\tHostApplication=powershell.exe -ExecutionPolicy Restricted -Command Write-Host 'Final result: 1';\n\tEngineVersion=\n\tRunspaceId=\n\tPipelineId=\n\tCommandName=\n\tCommandType=\n\tScriptName=\n\tCommandPath=\n\tCommandLine=","event":{"action":"Provider Lifecycle","kind":"event","provider":"PowerShell","created":"2024-11-14T08:14:39.667Z","code":"600"},"host":{"mac":["00-FF-14-66-C1-B3","0A-00-27-00-00-12","80-B6-55-54-6C-4E","80-B6-55-54-6C-4F","80-B6-55-54-6C-52","82-B6-55-54-6C-4E","D8-BB-C1-74-1C-24"],"name":"msi","hostname":"msi","architecture":"x86_64","os":{"platform":"windows","name":"Windows 11 Home Single Language","version":"10.0","family":"windows","build":"22631.4460","kernel":"10.0.22621.4455 (WinBuild.160101.0800)","type":"windows"},"ip":["169.254.5.113","192.168.56.1","169.254.27.160","169.254.242.69","169.254.117.31","192.168.207.153","169.254.135.196"],"id":"9ed805a2-1686-4d05-b328-395a2152cd70"},"log":{"level":"information"},"@timestamp":"2023-01-03T14:16:30.625Z","winlog":{"opcode":"Info","event_data":{"param1":"FileSystem","param2":"Started","param3":"\tProviderName=FileSystem\n\tNewProviderState=Started\n\n\tSequenceNumber=7\n\n\tHostName=ConsoleHost\n\tHostVersion=5.1.22621.963\n\tHostId=8428b76e-f669-42d3-8a14-d7bdd5d32616\n\tHostApplication=powershell.exe -ExecutionPolicy Restricted -Command Write-Host 'Final result: 1';\n\tEngineVersion=\n\tRunspaceId=\n\tPipelineId=\n\tCommandName=\n\tCommandType=\n\tScriptName=\n\tCommandPath=\n\tCommandLine="},"process":{"pid":3860},"task":"Provider Lifecycle","provider_name":"PowerShell","api":"wineventlog","channel":"Windows PowerShell","event_id":"600","record_id":2610,"keywords":["Classic"],"computer_name":"MSI"},"agent":{"ephemeral_id":"28ff186b-bd6d-470f-a1b6-1c7ccc3dfe26","id":"ad84ffee-22d0-464b-81dd-06b1181ecd47","name":"MSI","type":"winlogbeat","version":"8.15.2"}}},{"_index":"winlogbeat-2023.01.03","_type":"_doc","_id":"Epm9KZMBylAKiVITaI70","_score":1.0,"_source":{"@version":"1","tags":["beats_input_codec_plain_applied"],"ecs":{"version":"8.0.0"},"message":"Provider \"Function\" is Started. \n\nDetails: \n\tProviderName=Function\n\tNewProviderState=Started\n\n\tSequenceNumber=9\n\n\tHostName=ConsoleHost\n\tHostVersion=5.1.22621.963\n\tHostId=8428b76e-f669-42d3-8a14-d7bdd5d32616\n\tHostApplication=powershell.exe -ExecutionPolicy Restricted -Command Write-Host 'Final result: 1';\n\tEngineVersion=\n\tRunspaceId=\n\tPipelineId=\n\tCommandName=\n\tCommandType=\n\tScriptName=\n\tCommandPath=\n\tCommandLine=","event":{"action":"Provider Lifecycle","kind":"event","provider":"PowerShell","created":"2024-11-14T08:14:39.667Z","code":"600"},"host":{"mac":["00-FF-14-66-C1-B3","0A-00-27-00-00-12","80-B6-55-54-6C-4E","80-B6-55-54-6C-4F","80-B6-55-54-6C-52","82-B6-55-54-6C-4E","D8-BB-C1-74-1C-24"],"name":"msi","hostname":"msi","ip":["169.254.5.113","192.168.56.1","169.254.27.160","169.254.242.69","169.254.117.31","192.168.207.153","169.254.135.196"],"architecture":"x86_64","os":{"platform":"windows","family":"windows","version":"10.0","name":"Windows 11 Home Single Language","build":"22631.4460","kernel":"10.0.22621.4455 (WinBuild.160101.0800)","type":"windows"},"id":"9ed805a2-1686-4d05-b328-395a2152cd70"},"log":{"level":"information"},"@timestamp":"2023-01-03T14:16:30.625Z","winlog":{"opcode":"Info","event_data":{"param1":"Function","param2":"Started","param3":"\tProviderName=Function\n\tNewProviderState=Started\n\n\tSequenceNumber=9\n\n\tHostName=ConsoleHost\n\tHostVersion=5.1.22621.963\n\tHostId=8428b76e-f669-42d3-8a14-d7bdd5d32616\n\tHostApplication=powershell.exe -ExecutionPolicy Restricted -Command Write-Host 'Final result: 1';\n\tEngineVersion=\n\tRunspaceId=\n\tPipelineId=\n\tCommandName=\n\tCommandType=\n\tScriptName=\n\tCommandPath=\n\tCommandLine="},"process":{"pid":3860},"task":"Provider Lifecycle","api":"wineventlog","provider_name":"PowerShell","channel":"Windows PowerShell","event_id":"600","record_id":2611,"computer_name":"MSI","keywords":["Classic"]},"agent":{"ephemeral_id":"28ff186b-bd6d-470f-a1b6-1c7ccc3dfe26","id":"ad84ffee-22d0-464b-81dd-06b1181ecd47","name":"MSI","type":"winlogbeat","version":"8.15.2"}}},{"_index":"winlogbeat-2023.01.03","_type":"_doc","_id":"E5m9KZMBylAKiVITaI70","_score":1.0,"_source":{"@version":"1","tags":["beats_input_codec_plain_applied"],"ecs":{"version":"8.0.0"},"message":"Provider \"Variable\" is Started. \n\nDetails: \n\tProviderName=Variable\n\tNewProviderState=Started\n\n\tSequenceNumber=11\n\n\tHostName=ConsoleHost\n\tHostVersion=5.1.22621.963\n\tHostId=8428b76e-f669-42d3-8a14-d7bdd5d32616\n\tHostApplication=powershell.exe -ExecutionPolicy Restricted -Command Write-Host 'Final result: 1';\n\tEngineVersion=\n\tRunspaceId=\n\tPipelineId=\n\tCommandName=\n\tCommandType=\n\tScriptName=\n\tCommandPath=\n\tCommandLine=","event":{"action":"Provider Lifecycle","kind":"event","provider":"PowerShell","created":"2024-11-14T08:14:39.667Z","code":"600"},"host":{"mac":["00-FF-14-66-C1-B3","0A-00-27-00-00-12","80-B6-55-54-6C-4E","80-B6-55-54-6C-4F","80-B6-55-54-6C-52","82-B6-55-54-6C-4E","D8-BB-C1-74-1C-24"],"name":"msi","hostname":"msi","ip":["169.254.5.113","192.168.56.1","169.254.27.160","169.254.242.69","169.254.117.31","192.168.207.153","169.254.135.196"],"os":{"platform":"windows","family":"windows","version":"10.0","name":"Windows 11 Home Single Language","build":"22631.4460","kernel":"10.0.22621.4455 (WinBuild.160101.0800)","type":"windows"},"architecture":"x86_64","id":"9ed805a2-1686-4d05-b328-395a2152cd70"},"log":{"level":"information"},"@timestamp":"2023-01-03T14:16:30.625Z","winlog":{"opcode":"Info","event_data":{"param1":"Variable","param2":"Started","param3":"\tProviderName=Variable\n\tNewProviderState=Started\n\n\tSequenceNumber=11\n\n\tHostName=ConsoleHost\n\tHostVersion=5.1.22621.963\n\tHostId=8428b76e-f669-42d3-8a14-d7bdd5d32616\n\tHostApplication=powershell.exe -ExecutionPolicy Restricted -Command Write-Host 'Final result: 1';\n\tEngineVersion=\n\tRunspaceId=\n\tPipelineId=\n\tCommandName=\n\tCommandType=\n\tScriptName=\n\tCommandPath=\n\tCommandLine="},"process":{"pid":3860},"task":"Provider Lifecycle","provider_name":"PowerShell","channel":"Windows PowerShell","api":"wineventlog","event_id":"600","record_id":2612,"keywords":["Classic"],"computer_name":"MSI"},"agent":{"ephemeral_id":"28ff186b-bd6d-470f-a1b6-1c7ccc3dfe26","id":"ad84ffee-22d0-464b-81dd-06b1181ecd47","name":"MSI","type":"winlogbeat","version":"8.15.2"}}},{"_index":"winlogbeat-2023.01.03","_type":"_doc","_id":"FJm9KZMBylAKiVITaI70","_score":1.0,"_source":{"@version":"1","tags":["beats_input_codec_plain_applied"],"ecs":{"version":"8.0.0"},"message":"Engine state is changed from None to Available. \n\nDetails: \n\tNewEngineState=Available\n\tPreviousEngineState=None\n\n\tSequenceNumber=13\n\n\tHostName=ConsoleHost\n\tHostVersion=5.1.22621.963\n\tHostId=8428b76e-f669-42d3-8a14-d7bdd5d32616\n\tHostApplication=powershell.exe -ExecutionPolicy Restricted -Command Write-Host 'Final result: 1';\n\tEngineVersion=5.1.22621.963\n\tRunspaceId=8d1eef16-85e4-4eaf-bfeb-48b34e804d6c\n\tPipelineId=\n\tCommandName=\n\tCommandType=\n\tScriptName=\n\tCommandPath=\n\tCommandLine=","event":{"action":"Engine Lifecycle","kind":"event","provider":"PowerShell","created":"2024-11-14T08:14:39.667Z","code":"400"},"log":{"level":"information"},"host":{"mac":["00-FF-14-66-C1-B3","0A-00-27-00-00-12","80-B6-55-54-6C-4E","80-B6-55-54-6C-4F","80-B6-55-54-6C-52","82-B6-55-54-6C-4E","D8-BB-C1-74-1C-24"],"name":"msi","hostname":"msi","ip":["169.254.5.113","192.168.56.1","169.254.27.160","169.254.242.69","169.254.117.31","192.168.207.153","169.254.135.196"],"architecture":"x86_64","os":{"platform":"windows","family":"windows","version":"10.0","name":"Windows 11 Home Single Language","build":"22631.4460","kernel":"10.0.22621.4455 (WinBuild.160101.0800)","type":"windows"},"id":"9ed805a2-1686-4d05-b328-395a2152cd70"},"@timestamp":"2023-01-03T14:16:30.691Z","winlog":{"opcode":"Info","event_data":{"param1":"Available","param2":"None","param3":"\tNewEngineState=Available\n\tPreviousEngineState=None\n\n\tSequenceNumber=13\n\n\tHostName=ConsoleHost\n\tHostVersion=5.1.22621.963\n\tHostId=8428b76e-f669-42d3-8a14-d7bdd5d32616\n\tHostApplication=powershell.exe -ExecutionPolicy Restricted -Command Write-Host 'Final result: 1';\n\tEngineVersion=5.1.22621.963\n\tRunspaceId=8d1eef16-85e4-4eaf-bfeb-48b34e804d6c\n\tPipelineId=\n\tCommandName=\n\tCommandType=\n\tScriptName=\n\tCommandPath=\n\tCommandLine="},"process":{"pid":3860},"task":"Engine Lifecycle","channel":"Windows PowerShell","api":"wineventlog","provider_name":"PowerShell","event_id":"400","record_id":2613,"computer_name":"MSI","keywords":["Classic"]},"agent":{"ephemeral_id":"28ff186b-bd6d-470f-a1b6-1c7ccc3dfe26","id":"ad84ffee-22d0-464b-81dd-06b1181ecd47","name":"MSI","type":"winlogbeat","version":"8.15.2"}}},{"_index":"winlogbeat-2023.01.03","_type":"_doc","_id":"FZm9KZMBylAKiVITaI70","_score":1.0,"_source":{"@version":"1","tags":["beats_input_codec_plain_applied"],"ecs":{"version":"8.0.0"},"message":"Engine state is changed from Available to Stopped. \n\nDetails: \n\tNewEngineState=Stopped\n\tPreviousEngineState=Available\n\n\tSequenceNumber=15\n\n\tHostName=ConsoleHost\n\tHostVersion=5.1.22621.963\n\tHostId=8428b76e-f669-42d3-8a14-d7bdd5d32616\n\tHostApplication=powershell.exe -ExecutionPolicy Restricted -Command Write-Host 'Final result: 1';\n\tEngineVersion=5.1.22621.963\n\tRunspaceId=8d1eef16-85e4-4eaf-bfeb-48b34e804d6c\n\tPipelineId=\n\tCommandName=\n\tCommandType=\n\tScriptName=\n\tCommandPath=\n\tCommandLine=","event":{"action":"Engine Lifecycle","kind":"event","provider":"PowerShell","created":"2024-11-14T08:14:39.667Z","code":"403"},"log":{"level":"information"},"host":{"mac":["00-FF-14-66-C1-B3","0A-00-27-00-00-12","80-B6-55-54-6C-4E","80-B6-55-54-6C-4F","80-B6-55-54-6C-52","82-B6-55-54-6C-4E","D8-BB-C1-74-1C-24"],"name":"msi","hostname":"msi","architecture":"x86_64","os":{"platform":"windows","name":"Windows 11 Home Single Language","version":"10.0","family":"windows","build":"22631.4460","kernel":"10.0.22621.4455 (WinBuild.160101.0800)","type":"windows"},"ip":["169.254.5.113","192.168.56.1","169.254.27.160","169.254.242.69","169.254.117.31","192.168.207.153","169.254.135.196"],"id":"9ed805a2-1686-4d05-b328-395a2152cd70"},"@timestamp":"2023-01-03T14:16:31.643Z","winlog":{"opcode":"Info","event_data":{"param1":"Stopped","param2":"Available","param3":"\tNewEngineState=Stopped\n\tPreviousEngineState=Available\n\n\tSequenceNumber=15\n\n\tHostName=ConsoleHost\n\tHostVersion=5.1.22621.963\n\tHostId=8428b76e-f669-42d3-8a14-d7bdd5d32616\n\tHostApplication=powershell.exe -ExecutionPolicy Restricted -Command Write-Host 'Final result: 1';\n\tEngineVersion=5.1.22621.963\n\tRunspaceId=8d1eef16-85e4-4eaf-bfeb-48b34e804d6c\n\tPipelineId=\n\tCommandName=\n\tCommandType=\n\tScriptName=\n\tCommandPath=\n\tCommandLine="},"process":{"pid":3860},"task":"Engine Lifecycle","api":"wineventlog","channel":"Windows PowerShell","provider_name":"PowerShell","event_id":"403","record_id":2614,"keywords":["Classic"],"computer_name":"MSI"},"agent":{"ephemeral_id":"28ff186b-bd6d-470f-a1b6-1c7ccc3dfe26","id":"ad84ffee-22d0-464b-81dd-06b1181ecd47","name":"MSI","version":"8.15.2","type":"winlogbeat"}}},{"_index":"winlogbeat-2023.01.04","_type":"_doc","_id":"Fpm9KZMBylAKiVITaI70","_score":1.0,"_source":{"@version":"1","tags":["beats_input_codec_plain_applied"],"ecs":{"version":"8.0.0"},"message":"Provider \"Registry\" is Started. \n\nDetails: \n\tProviderName=Registry\n\tNewProviderState=Started\n\n\tSequenceNumber=1\n\n\tHostName=Default Host\n\tHostVersion=5.1.22621.963\n\tHostId=c33d59d5-26e7-4600-b1f8-53bc869796f7\n\tHostApplication=C:\\Program Files\\WindowsApps\\9426MICRO-STARINTERNATION.MSICenter_1.0.67.0_x64__kzh8wxbdkxb8p\\DCv2\\DCv2.exe msi-mc:Startup\n\tEngineVersion=\n\tRunspaceId=\n\tPipelineId=\n\tCommandName=\n\tCommandType=\n\tScriptName=\n\tCommandPath=\n\tCommandLine=","event":{"action":"Provider Lifecycle","kind":"event","provider":"PowerShell","created":"2024-11-14T08:14:39.667Z","code":"600"},"host":{"mac":["00-FF-14-66-C1-B3","0A-00-27-00-00-12","80-B6-55-54-6C-4E","80-B6-55-54-6C-4F","80-B6-55-54-6C-52","82-B6-55-54-6C-4E","D8-BB-C1-74-1C-24"],"name":"msi","hostname":"msi","architecture":"x86_64","os":{"platform":"windows","family":"windows","version":"10.0","name":"Windows 11 Home Single Language","build":"22631.4460","kernel":"10.0.22621.4455 (WinBuild.160101.0800)","type":"windows"},"ip":["169.254.5.113","192.168.56.1","169.254.27.160","169.254.242.69","169.254.117.31","192.168.207.153","169.254.135.196"],"id":"9ed805a2-1686-4d05-b328-395a2152cd70"},"log":{"level":"information"},"@timestamp":"2023-01-04T06:29:34.649Z","winlog":{"opcode":"Info","event_data":{"param1":"Registry","param2":"Started","param3":"\tProviderName=Registry\n\tNewProviderState=Started\n\n\tSequenceNumber=1\n\n\tHostName=Default Host\n\tHostVersion=5.1.22621.963\n\tHostId=c33d59d5-26e7-4600-b1f8-53bc869796f7\n\tHostApplication=C:\\Program Files\\WindowsApps\\9426MICRO-STARINTERNATION.MSICenter_1.0.67.0_x64__kzh8wxbdkxb8p\\DCv2\\DCv2.exe msi-mc:Startup\n\tEngineVersion=\n\tRunspaceId=\n\tPipelineId=\n\tCommandName=\n\tCommandType=\n\tScriptName=\n\tCommandPath=\n\tCommandLine="},"process":{"pid":21004},"task":"Provider Lifecycle","provider_name":"PowerShell","channel":"Windows PowerShell","api":"wineventlog","event_id":"600","record_id":2615,"keywords":["Classic"],"computer_name":"MSI"},"agent":{"ephemeral_id":"28ff186b-bd6d-470f-a1b6-1c7ccc3dfe26","id":"ad84ffee-22d0-464b-81dd-06b1181ecd47","name":"MSI","type":"winlogbeat","version":"8.15.2"}}},{"_index":"winlogbeat-2023.01.04","_type":"_doc","_id":"F5m9KZMBylAKiVITaI70","_score":1.0,"_source":{"@version":"1","tags":["beats_input_codec_plain_applied"],"ecs":{"version":"8.0.0"},"message":"Provider \"Alias\" is Started. \n\nDetails: \n\tProviderName=Alias\n\tNewProviderState=Started\n\n\tSequenceNumber=3\n\n\tHostName=Default Host\n\tHostVersion=5.1.22621.963\n\tHostId=c33d59d5-26e7-4600-b1f8-53bc869796f7\n\tHostApplication=C:\\Program Files\\WindowsApps\\9426MICRO-STARINTERNATION.MSICenter_1.0.67.0_x64__kzh8wxbdkxb8p\\DCv2\\DCv2.exe msi-mc:Startup\n\tEngineVersion=\n\tRunspaceId=\n\tPipelineId=\n\tCommandName=\n\tCommandType=\n\tScriptName=\n\tCommandPath=\n\tCommandLine=","event":{"action":"Provider Lifecycle","kind":"event","provider":"PowerShell","created":"2024-11-14T08:14:39.667Z","code":"600"},"log":{"level":"information"},"host":{"mac":["00-FF-14-66-C1-B3","0A-00-27-00-00-12","80-B6-55-54-6C-4E","80-B6-55-54-6C-4F","80-B6-55-54-6C-52","82-B6-55-54-6C-4E","D8-BB-C1-74-1C-24"],"name":"msi","hostname":"msi","ip":["169.254.5.113","192.168.56.1","169.254.27.160","169.254.242.69","169.254.117.31","192.168.207.153","169.254.135.196"],"architecture":"x86_64","os":{"platform":"windows","family":"windows","version":"10.0","name":"Windows 11 Home Single Language","build":"22631.4460","kernel":"10.0.22621.4455 (WinBuild.160101.0800)","type":"windows"},"id":"9ed805a2-1686-4d05-b328-395a2152cd70"},"@timestamp":"2023-01-04T06:29:34.651Z","winlog":{"opcode":"Info","event_data":{"param1":"Alias","param2":"Started","param3":"\tProviderName=Alias\n\tNewProviderState=Started\n\n\tSequenceNumber=3\n\n\tHostName=Default Host\n\tHostVersion=5.1.22621.963\n\tHostId=c33d59d5-26e7-4600-b1f8-53bc869796f7\n\tHostApplication=C:\\Program Files\\WindowsApps\\9426MICRO-STARINTERNATION.MSICenter_1.0.67.0_x64__kzh8wxbdkxb8p\\DCv2\\DCv2.exe msi-mc:Startup\n\tEngineVersion=\n\tRunspaceId=\n\tPipelineId=\n\tCommandName=\n\tCommandType=\n\tScriptName=\n\tCommandPath=\n\tCommandLine="},"process":{"pid":21004},"task":"Provider Lifecycle","api":"wineventlog","provider_name":"PowerShell","channel":"Windows PowerShell","event_id":"600","record_id":2616,"keywords":["Classic"],"computer_name":"MSI"},"agent":{"ephemeral_id":"28ff186b-bd6d-470f-a1b6-1c7ccc3dfe26","id":"ad84ffee-22d0-464b-81dd-06b1181ecd47","name":"MSI","type":"winlogbeat","version":"8.15.2"}}},{"_index":"winlogbeat-2023.01.04","_type":"_doc","_id":"GJm9KZMBylAKiVITaI70","_score":1.0,"_source":{"@version":"1","tags":["beats_input_codec_plain_applied"],"ecs":{"version":"8.0.0"},"message":"Provider \"Environment\" is Started. \n\nDetails: \n\tProviderName=Environment\n\tNewProviderState=Started\n\n\tSequenceNumber=5\n\n\tHostName=Default Host\n\tHostVersion=5.1.22621.963\n\tHostId=c33d59d5-26e7-4600-b1f8-53bc869796f7\n\tHostApplication=C:\\Program Files\\WindowsApps\\9426MICRO-STARINTERNATION.MSICenter_1.0.67.0_x64__kzh8wxbdkxb8p\\DCv2\\DCv2.exe msi-mc:Startup\n\tEngineVersion=\n\tRunspaceId=\n\tPipelineId=\n\tCommandName=\n\tCommandType=\n\tScriptName=\n\tCommandPath=\n\tCommandLine=","event":{"action":"Provider Lifecycle","kind":"event","provider":"PowerShell","created":"2024-11-14T08:14:39.668Z","code":"600"},"host":{"mac":["00-FF-14-66-C1-B3","0A-00-27-00-00-12","80-B6-55-54-6C-4E","80-B6-55-54-6C-4F","80-B6-55-54-6C-52","82-B6-55-54-6C-4E","D8-BB-C1-74-1C-24"],"name":"msi","hostname":"msi","ip":["169.254.5.113","192.168.56.1","169.254.27.160","169.254.242.69","169.254.117.31","192.168.207.153","169.254.135.196"],"os":{"platform":"windows","family":"windows","version":"10.0","name":"Windows 11 Home Single Language","build":"22631.4460","kernel":"10.0.22621.4455 (WinBuild.160101.0800)","type":"windows"},"architecture":"x86_64","id":"9ed805a2-1686-4d05-b328-395a2152cd70"},"log":{"level":"information"},"@timestamp":"2023-01-04T06:29:34.651Z","winlog":{"opcode":"Info","event_data":{"param1":"Environment","param2":"Started","param3":"\tProviderName=Environment\n\tNewProviderState=Started\n\n\tSequenceNumber=5\n\n\tHostName=Default Host\n\tHostVersion=5.1.22621.963\n\tHostId=c33d59d5-26e7-4600-b1f8-53bc869796f7\n\tHostApplication=C:\\Program Files\\WindowsApps\\9426MICRO-STARINTERNATION.MSICenter_1.0.67.0_x64__kzh8wxbdkxb8p\\DCv2\\DCv2.exe msi-mc:Startup\n\tEngineVersion=\n\tRunspaceId=\n\tPipelineId=\n\tCommandName=\n\tCommandType=\n\tScriptName=\n\tCommandPath=\n\tCommandLine="},"process":{"pid":21004},"task":"Provider Lifecycle","channel":"Windows PowerShell","provider_name":"PowerShell","api":"wineventlog","event_id":"600","record_id":2617,"computer_name":"MSI","keywords":["Classic"]},"agent":{"ephemeral_id":"28ff186b-bd6d-470f-a1b6-1c7ccc3dfe26","id":"ad84ffee-22d0-464b-81dd-06b1181ecd47","name":"MSI","type":"winlogbeat","version":"8.15.2"}}},{"_index":"winlogbeat-2023.01.04","_type":"_doc","_id":"GZm9KZMBylAKiVITaI70","_score":1.0,"_source":{"@version":"1","tags":["beats_input_codec_plain_applied"],"ecs":{"version":"8.0.0"},"message":"Provider \"FileSystem\" is Started. \n\nDetails: \n\tProviderName=FileSystem\n\tNewProviderState=Started\n\n\tSequenceNumber=7\n\n\tHostName=Default Host\n\tHostVersion=5.1.22621.963\n\tHostId=c33d59d5-26e7-4600-b1f8-53bc869796f7\n\tHostApplication=C:\\Program Files\\WindowsApps\\9426MICRO-STARINTERNATION.MSICenter_1.0.67.0_x64__kzh8wxbdkxb8p\\DCv2\\DCv2.exe msi-mc:Startup\n\tEngineVersion=\n\tRunspaceId=\n\tPipelineId=\n\tCommandName=\n\tCommandType=\n\tScriptName=\n\tCommandPath=\n\tCommandLine=","event":{"action":"Provider Lifecycle","kind":"event","provider":"PowerShell","created":"2024-11-14T08:14:39.668Z","code":"600"},"log":{"level":"information"},"host":{"mac":["00-FF-14-66-C1-B3","0A-00-27-00-00-12","80-B6-55-54-6C-4E","80-B6-55-54-6C-4F","80-B6-55-54-6C-52","82-B6-55-54-6C-4E","D8-BB-C1-74-1C-24"],"name":"msi","hostname":"msi","ip":["169.254.5.113","192.168.56.1","169.254.27.160","169.254.242.69","169.254.117.31","192.168.207.153","169.254.135.196"],"architecture":"x86_64","os":{"platform":"windows","family":"windows","version":"10.0","name":"Windows 11 Home Single Language","build":"22631.4460","kernel":"10.0.22621.4455 (WinBuild.160101.0800)","type":"windows"},"id":"9ed805a2-1686-4d05-b328-395a2152cd70"},"@timestamp":"2023-01-04T06:29:34.653Z","winlog":{"opcode":"Info","event_data":{"param1":"FileSystem","param2":"Started","param3":"\tProviderName=FileSystem\n\tNewProviderState=Started\n\n\tSequenceNumber=7\n\n\tHostName=Default Host\n\tHostVersion=5.1.22621.963\n\tHostId=c33d59d5-26e7-4600-b1f8-53bc869796f7\n\tHostApplication=C:\\Program Files\\WindowsApps\\9426MICRO-STARINTERNATION.MSICenter_1.0.67.0_x64__kzh8wxbdkxb8p\\DCv2\\DCv2.exe msi-mc:Startup\n\tEngineVersion=\n\tRunspaceId=\n\tPipelineId=\n\tCommandName=\n\tCommandType=\n\tScriptName=\n\tCommandPath=\n\tCommandLine="},"process":{"pid":21004},"task":"Provider Lifecycle","provider_name":"PowerShell","api":"wineventlog","channel":"Windows PowerShell","event_id":"600","record_id":2618,"keywords":["Classic"],"computer_name":"MSI"},"agent":{"ephemeral_id":"28ff186b-bd6d-470f-a1b6-1c7ccc3dfe26","id":"ad84ffee-22d0-464b-81dd-06b1181ecd47","name":"MSI","type":"winlogbeat","version":"8.15.2"}}},