{"_index":"winlogbeat-2022.12.363","_type":"_doc","_id":"Ipm9KZMBylAKiVITW4yv","_score":1.0,"_source":{"@version":"1","tags":["beats_input_codec_plain_applied"],"ecs":{"version":"8.0.0"},"message":"Provider \"Environment\" is Started. \n\nDetails: \n\tProviderName=Environment\n\tNewProviderState=Started\n\n\tSequenceNumber=5\n\n\tHostName=Default Host\n\tHostVersion=5.1.22621.963\n\tHostId=a7d35a00-bdd5-4135-864e-d67182523c77\n\tHostApplication=C:\\Program Files\\WindowsApps\\9426MICRO-STARINTERNATION.MSICenter_1.0.67.0_x64__kzh8wxbdkxb8p\\DCv2\\DCv2.exe msi-mc:Startup\n\tEngineVersion=\n\tRunspaceId=\n\tPipelineId=\n\tCommandName=\n\tCommandType=\n\tScriptName=\n\tCommandPath=\n\tCommandLine=","event":{"action":"Provider Lifecycle","kind":"event","provider":"PowerShell","created":"2024-11-14T08:14:39.517Z","code":"600"},"host":{"mac":["00-FF-14-66-C1-B3","0A-00-27-00-00-12","80-B6-55-54-6C-4E","80-B6-55-54-6C-4F","80-B6-55-54-6C-52","82-B6-55-54-6C-4E","D8-BB-C1-74-1C-24"],"name":"msi","hostname":"msi","architecture":"x86_64","os":{"platform":"windows","family":"windows","version":"10.0","name":"Windows 11 Home Single Language","build":"22631.4460","kernel":"10.0.22621.4455 (WinBuild.160101.0800)","type":"windows"},"ip":["169.254.5.113","192.168.56.1","169.254.27.160","169.254.242.69","169.254.117.31","192.168.207.153","169.254.135.196"],"id":"9ed805a2-1686-4d05-b328-395a2152cd70"},"log":{"level":"information"},"@timestamp":"2022-12-29T06:58:15.926Z","winlog":{"opcode":"Info","event_data":{"param1":"Environment","param2":"Started","param3":"\tProviderName=Environment\n\tNewProviderState=Started\n\n\tSequenceNumber=5\n\n\tHostName=Default Host\n\tHostVersion=5.1.22621.963\n\tHostId=a7d35a00-bdd5-4135-864e-d67182523c77\n\tHostApplication=C:\\Program Files\\WindowsApps\\9426MICRO-STARINTERNATION.MSICenter_1.0.67.0_x64__kzh8wxbdkxb8p\\DCv2\\DCv2.exe msi-mc:Startup\n\tEngineVersion=\n\tRunspaceId=\n\tPipelineId=\n\tCommandName=\n\tCommandType=\n\tScriptName=\n\tCommandPath=\n\tCommandLine="},"process":{"pid":13116},"task":"Provider Lifecycle","api":"wineventlog","provider_name":"PowerShell","channel":"Windows PowerShell","event_id":"600","record_id":2517,"computer_name":"MSI","keywords":["Classic"]},"agent":{"ephemeral_id":"28ff186b-bd6d-470f-a1b6-1c7ccc3dfe26","id":"ad84ffee-22d0-464b-81dd-06b1181ecd47","name":"MSI","version":"8.15.2","type":"winlogbeat"}}},{"_index":"winlogbeat-2022.12.363","_type":"_doc","_id":"I5m9KZMBylAKiVITW4yv","_score":1.0,"_source":{"@version":"1","tags":["beats_input_codec_plain_applied"],"ecs":{"version":"8.0.0"},"message":"Provider \"FileSystem\" is Started. \n\nDetails: \n\tProviderName=FileSystem\n\tNewProviderState=Started\n\n\tSequenceNumber=7\n\n\tHostName=Default Host\n\tHostVersion=5.1.22621.963\n\tHostId=a7d35a00-bdd5-4135-864e-d67182523c77\n\tHostApplication=C:\\Program Files\\WindowsApps\\9426MICRO-STARINTERNATION.MSICenter_1.0.67.0_x64__kzh8wxbdkxb8p\\DCv2\\DCv2.exe msi-mc:Startup\n\tEngineVersion=\n\tRunspaceId=\n\tPipelineId=\n\tCommandName=\n\tCommandType=\n\tScriptName=\n\tCommandPath=\n\tCommandLine=","event":{"action":"Provider Lifecycle","kind":"event","provider":"PowerShell","created":"2024-11-14T08:14:39.517Z","code":"600"},"host":{"mac":["00-FF-14-66-C1-B3","0A-00-27-00-00-12","80-B6-55-54-6C-4E","80-B6-55-54-6C-4F","80-B6-55-54-6C-52","82-B6-55-54-6C-4E","D8-BB-C1-74-1C-24"],"name":"msi","hostname":"msi","architecture":"x86_64","os":{"platform":"windows","family":"windows","name":"Windows 11 Home Single Language","version":"10.0","build":"22631.4460","kernel":"10.0.22621.4455 (WinBuild.160101.0800)","type":"windows"},"ip":["169.254.5.113","192.168.56.1","169.254.27.160","169.254.242.69","169.254.117.31","192.168.207.153","169.254.135.196"],"id":"9ed805a2-1686-4d05-b328-395a2152cd70"},"log":{"level":"information"},"@timestamp":"2022-12-29T06:58:15.927Z","winlog":{"opcode":"Info","event_data":{"param1":"FileSystem","param2":"Started","param3":"\tProviderName=FileSystem\n\tNewProviderState=Started\n\n\tSequenceNumber=7\n\n\tHostName=Default Host\n\tHostVersion=5.1.22621.963\n\tHostId=a7d35a00-bdd5-4135-864e-d67182523c77\n\tHostApplication=C:\\Program Files\\WindowsApps\\9426MICRO-STARINTERNATION.MSICenter_1.0.67.0_x64__kzh8wxbdkxb8p\\DCv2\\DCv2.exe msi-mc:Startup\n\tEngineVersion=\n\tRunspaceId=\n\tPipelineId=\n\tCommandName=\n\tCommandType=\n\tScriptName=\n\tCommandPath=\n\tCommandLine="},"process":{"pid":13116},"task":"Provider Lifecycle","provider_name":"PowerShell","channel":"Windows PowerShell","api":"wineventlog","event_id":"600","record_id":2518,"computer_name":"MSI","keywords":["Classic"]},"agent":{"ephemeral_id":"28ff186b-bd6d-470f-a1b6-1c7ccc3dfe26","id":"ad84ffee-22d0-464b-81dd-06b1181ecd47","name":"MSI","version":"8.15.2","type":"winlogbeat"}}},{"_index":"winlogbeat-2022.12.363","_type":"_doc","_id":"JJm9KZMBylAKiVITW4yw","_score":1.0,"_source":{"@version":"1","tags":["beats_input_codec_plain_applied"],"ecs":{"version":"8.0.0"},"message":"Provider \"Function\" is Started. \n\nDetails: \n\tProviderName=Function\n\tNewProviderState=Started\n\n\tSequenceNumber=9\n\n\tHostName=Default Host\n\tHostVersion=5.1.22621.963\n\tHostId=a7d35a00-bdd5-4135-864e-d67182523c77\n\tHostApplication=C:\\Program Files\\WindowsApps\\9426MICRO-STARINTERNATION.MSICenter_1.0.67.0_x64__kzh8wxbdkxb8p\\DCv2\\DCv2.exe msi-mc:Startup\n\tEngineVersion=\n\tRunspaceId=\n\tPipelineId=\n\tCommandName=\n\tCommandType=\n\tScriptName=\n\tCommandPath=\n\tCommandLine=","event":{"action":"Provider Lifecycle","kind":"event","provider":"PowerShell","created":"2024-11-14T08:14:39.517Z","code":"600"},"host":{"mac":["00-FF-14-66-C1-B3","0A-00-27-00-00-12","80-B6-55-54-6C-4E","80-B6-55-54-6C-4F","80-B6-55-54-6C-52","82-B6-55-54-6C-4E","D8-BB-C1-74-1C-24"],"name":"msi","hostname":"msi","ip":["169.254.5.113","192.168.56.1","169.254.27.160","169.254.242.69","169.254.117.31","192.168.207.153","169.254.135.196"],"os":{"platform":"windows","family":"windows","version":"10.0","name":"Windows 11 Home Single Language","build":"22631.4460","kernel":"10.0.22621.4455 (WinBuild.160101.0800)","type":"windows"},"architecture":"x86_64","id":"9ed805a2-1686-4d05-b328-395a2152cd70"},"log":{"level":"information"},"@timestamp":"2022-12-29T06:58:15.927Z","winlog":{"opcode":"Info","event_data":{"param1":"Function","param2":"Started","param3":"\tProviderName=Function\n\tNewProviderState=Started\n\n\tSequenceNumber=9\n\n\tHostName=Default Host\n\tHostVersion=5.1.22621.963\n\tHostId=a7d35a00-bdd5-4135-864e-d67182523c77\n\tHostApplication=C:\\Program Files\\WindowsApps\\9426MICRO-STARINTERNATION.MSICenter_1.0.67.0_x64__kzh8wxbdkxb8p\\DCv2\\DCv2.exe msi-mc:Startup\n\tEngineVersion=\n\tRunspaceId=\n\tPipelineId=\n\tCommandName=\n\tCommandType=\n\tScriptName=\n\tCommandPath=\n\tCommandLine="},"process":{"pid":13116},"task":"Provider Lifecycle","channel":"Windows PowerShell","provider_name":"PowerShell","api":"wineventlog","event_id":"600","record_id":2519,"computer_name":"MSI","keywords":["Classic"]},"agent":{"ephemeral_id":"28ff186b-bd6d-470f-a1b6-1c7ccc3dfe26","id":"ad84ffee-22d0-464b-81dd-06b1181ecd47","name":"MSI","version":"8.15.2","type":"winlogbeat"}}},{"_index":"winlogbeat-2022.12.363","_type":"_doc","_id":"JZm9KZMBylAKiVITW4yw","_score":1.0,"_source":{"@version":"1","tags":["beats_input_codec_plain_applied"],"ecs":{"version":"8.0.0"},"message":"Provider \"Variable\" is Started. \n\nDetails: \n\tProviderName=Variable\n\tNewProviderState=Started\n\n\tSequenceNumber=11\n\n\tHostName=Default Host\n\tHostVersion=5.1.22621.963\n\tHostId=a7d35a00-bdd5-4135-864e-d67182523c77\n\tHostApplication=C:\\Program Files\\WindowsApps\\9426MICRO-STARINTERNATION.MSICenter_1.0.67.0_x64__kzh8wxbdkxb8p\\DCv2\\DCv2.exe msi-mc:Startup\n\tEngineVersion=\n\tRunspaceId=\n\tPipelineId=\n\tCommandName=\n\tCommandType=\n\tScriptName=\n\tCommandPath=\n\tCommandLine=","event":{"action":"Provider Lifecycle","kind":"event","provider":"PowerShell","created":"2024-11-14T08:14:39.517Z","code":"600"},"log":{"level":"information"},"host":{"mac":["00-FF-14-66-C1-B3","0A-00-27-00-00-12","80-B6-55-54-6C-4E","80-B6-55-54-6C-4F","80-B6-55-54-6C-52","82-B6-55-54-6C-4E","D8-BB-C1-74-1C-24"],"name":"msi","hostname":"msi","architecture":"x86_64","os":{"platform":"windows","family":"windows","version":"10.0","name":"Windows 11 Home Single Language","build":"22631.4460","kernel":"10.0.22621.4455 (WinBuild.160101.0800)","type":"windows"},"ip":["169.254.5.113","192.168.56.1","169.254.27.160","169.254.242.69","169.254.117.31","192.168.207.153","169.254.135.196"],"id":"9ed805a2-1686-4d05-b328-395a2152cd70"},"@timestamp":"2022-12-29T06:58:15.928Z","winlog":{"opcode":"Info","event_data":{"param1":"Variable","param2":"Started","param3":"\tProviderName=Variable\n\tNewProviderState=Started\n\n\tSequenceNumber=11\n\n\tHostName=Default Host\n\tHostVersion=5.1.22621.963\n\tHostId=a7d35a00-bdd5-4135-864e-d67182523c77\n\tHostApplication=C:\\Program Files\\WindowsApps\\9426MICRO-STARINTERNATION.MSICenter_1.0.67.0_x64__kzh8wxbdkxb8p\\DCv2\\DCv2.exe msi-mc:Startup\n\tEngineVersion=\n\tRunspaceId=\n\tPipelineId=\n\tCommandName=\n\tCommandType=\n\tScriptName=\n\tCommandPath=\n\tCommandLine="},"process":{"pid":13116},"task":"Provider Lifecycle","provider_name":"PowerShell","channel":"Windows PowerShell","api":"wineventlog","event_id":"600","record_id":2520,"computer_name":"MSI","keywords":["Classic"]},"agent":{"ephemeral_id":"28ff186b-bd6d-470f-a1b6-1c7ccc3dfe26","id":"ad84ffee-22d0-464b-81dd-06b1181ecd47","name":"MSI","version":"8.15.2","type":"winlogbeat"}}},{"_index":"winlogbeat-2022.12.363","_type":"_doc","_id":"Jpm9KZMBylAKiVITW4yw","_score":1.0,"_source":{"@version":"1","tags":["beats_input_codec_plain_applied"],"ecs":{"version":"8.0.0"},"message":"Provider \"Certificate\" is Started. \n\nDetails: \n\tProviderName=Certificate\n\tNewProviderState=Started\n\n\tSequenceNumber=13\n\n\tHostName=Default Host\n\tHostVersion=5.1.22621.963\n\tHostId=a7d35a00-bdd5-4135-864e-d67182523c77\n\tHostApplication=C:\\Program Files\\WindowsApps\\9426MICRO-STARINTERNATION.MSICenter_1.0.67.0_x64__kzh8wxbdkxb8p\\DCv2\\DCv2.exe msi-mc:Startup\n\tEngineVersion=\n\tRunspaceId=\n\tPipelineId=\n\tCommandName=\n\tCommandType=\n\tScriptName=\n\tCommandPath=\n\tCommandLine=","event":{"action":"Provider Lifecycle","kind":"event","provider":"PowerShell","created":"2024-11-14T08:14:39.517Z","code":"600"},"host":{"mac":["00-FF-14-66-C1-B3","0A-00-27-00-00-12","80-B6-55-54-6C-4E","80-B6-55-54-6C-4F","80-B6-55-54-6C-52","82-B6-55-54-6C-4E","D8-BB-C1-74-1C-24"],"name":"msi","hostname":"msi","architecture":"x86_64","os":{"platform":"windows","family":"windows","version":"10.0","name":"Windows 11 Home Single Language","build":"22631.4460","kernel":"10.0.22621.4455 (WinBuild.160101.0800)","type":"windows"},"ip":["169.254.5.113","192.168.56.1","169.254.27.160","169.254.242.69","169.254.117.31","192.168.207.153","169.254.135.196"],"id":"9ed805a2-1686-4d05-b328-395a2152cd70"},"log":{"level":"information"},"@timestamp":"2022-12-29T06:58:15.930Z","winlog":{"opcode":"Info","event_data":{"param1":"Certificate","param2":"Started","param3":"\tProviderName=Certificate\n\tNewProviderState=Started\n\n\tSequenceNumber=13\n\n\tHostName=Default Host\n\tHostVersion=5.1.22621.963\n\tHostId=a7d35a00-bdd5-4135-864e-d67182523c77\n\tHostApplication=C:\\Program Files\\WindowsApps\\9426MICRO-STARINTERNATION.MSICenter_1.0.67.0_x64__kzh8wxbdkxb8p\\DCv2\\DCv2.exe msi-mc:Startup\n\tEngineVersion=\n\tRunspaceId=\n\tPipelineId=\n\tCommandName=\n\tCommandType=\n\tScriptName=\n\tCommandPath=\n\tCommandLine="},"process":{"pid":13116},"task":"Provider Lifecycle","api":"wineventlog","channel":"Windows PowerShell","provider_name":"PowerShell","event_id":"600","record_id":2521,"keywords":["Classic"],"computer_name":"MSI"},"agent":{"ephemeral_id":"28ff186b-bd6d-470f-a1b6-1c7ccc3dfe26","id":"ad84ffee-22d0-464b-81dd-06b1181ecd47","name":"MSI","type":"winlogbeat","version":"8.15.2"}}},{"_index":"winlogbeat-2022.12.363","_type":"_doc","_id":"J5m9KZMBylAKiVITW4yw","_score":1.0,"_source":{"@version":"1","tags":["beats_input_codec_plain_applied"],"ecs":{"version":"8.0.0"},"message":"Provider \"WSMan\" is Started. \n\nDetails: \n\tProviderName=WSMan\n\tNewProviderState=Started\n\n\tSequenceNumber=15\n\n\tHostName=Default Host\n\tHostVersion=5.1.22621.963\n\tHostId=a7d35a00-bdd5-4135-864e-d67182523c77\n\tHostApplication=C:\\Program Files\\WindowsApps\\9426MICRO-STARINTERNATION.MSICenter_1.0.67.0_x64__kzh8wxbdkxb8p\\DCv2\\DCv2.exe msi-mc:Startup\n\tEngineVersion=\n\tRunspaceId=\n\tPipelineId=\n\tCommandName=\n\tCommandType=\n\tScriptName=\n\tCommandPath=\n\tCommandLine=","event":{"action":"Provider Lifecycle","kind":"event","provider":"PowerShell","created":"2024-11-14T08:14:39.517Z","code":"600"},"log":{"level":"information"},"host":{"mac":["00-FF-14-66-C1-B3","0A-00-27-00-00-12","80-B6-55-54-6C-4E","80-B6-55-54-6C-4F","80-B6-55-54-6C-52","82-B6-55-54-6C-4E","D8-BB-C1-74-1C-24"],"name":"msi","hostname":"msi","architecture":"x86_64","os":{"platform":"windows","family":"windows","version":"10.0","name":"Windows 11 Home Single Language","build":"22631.4460","kernel":"10.0.22621.4455 (WinBuild.160101.0800)","type":"windows"},"ip":["169.254.5.113","192.168.56.1","169.254.27.160","169.254.242.69","169.254.117.31","192.168.207.153","169.254.135.196"],"id":"9ed805a2-1686-4d05-b328-395a2152cd70"},"@timestamp":"2022-12-29T06:58:15.933Z","winlog":{"opcode":"Info","event_data":{"param1":"WSMan","param2":"Started","param3":"\tProviderName=WSMan\n\tNewProviderState=Started\n\n\tSequenceNumber=15\n\n\tHostName=Default Host\n\tHostVersion=5.1.22621.963\n\tHostId=a7d35a00-bdd5-4135-864e-d67182523c77\n\tHostApplication=C:\\Program Files\\WindowsApps\\9426MICRO-STARINTERNATION.MSICenter_1.0.67.0_x64__kzh8wxbdkxb8p\\DCv2\\DCv2.exe msi-mc:Startup\n\tEngineVersion=\n\tRunspaceId=\n\tPipelineId=\n\tCommandName=\n\tCommandType=\n\tScriptName=\n\tCommandPath=\n\tCommandLine="},"process":{"pid":13116},"task":"Provider Lifecycle","provider_name":"PowerShell","channel":"Windows PowerShell","api":"wineventlog","event_id":"600","record_id":2522,"keywords":["Classic"],"computer_name":"MSI"},"agent":{"ephemeral_id":"28ff186b-bd6d-470f-a1b6-1c7ccc3dfe26","id":"ad84ffee-22d0-464b-81dd-06b1181ecd47","name":"MSI","version":"8.15.2","type":"winlogbeat"}}},{"_index":"winlogbeat-2022.12.363","_type":"_doc","_id":"KJm9KZMBylAKiVITW4yw","_score":1.0,"_source":{"@version":"1","tags":["beats_input_codec_plain_applied"],"ecs":{"version":"8.0.0"},"message":"Engine state is changed from None to Available. \n\nDetails: \n\tNewEngineState=Available\n\tPreviousEngineState=None\n\n\tSequenceNumber=17\n\n\tHostName=Default Host\n\tHostVersion=5.1.22621.963\n\tHostId=a7d35a00-bdd5-4135-864e-d67182523c77\n\tHostApplication=C:\\Program Files\\WindowsApps\\9426MICRO-STARINTERNATION.MSICenter_1.0.67.0_x64__kzh8wxbdkxb8p\\DCv2\\DCv2.exe msi-mc:Startup\n\tEngineVersion=5.1.22621.963\n\tRunspaceId=12d053aa-7951-4737-a3a9-6427897cf974\n\tPipelineId=\n\tCommandName=\n\tCommandType=\n\tScriptName=\n\tCommandPath=\n\tCommandLine=","event":{"action":"Engine Lifecycle","kind":"event","provider":"PowerShell","created":"2024-11-14T08:14:39.517Z","code":"400"},"host":{"mac":["00-FF-14-66-C1-B3","0A-00-27-00-00-12","80-B6-55-54-6C-4E","80-B6-55-54-6C-4F","80-B6-55-54-6C-52","82-B6-55-54-6C-4E","D8-BB-C1-74-1C-24"],"name":"msi","hostname":"msi","ip":["169.254.5.113","192.168.56.1","169.254.27.160","169.254.242.69","169.254.117.31","192.168.207.153","169.254.135.196"],"os":{"platform":"windows","family":"windows","version":"10.0","name":"Windows 11 Home Single Language","build":"22631.4460","kernel":"10.0.22621.4455 (WinBuild.160101.0800)","type":"windows"},"architecture":"x86_64","id":"9ed805a2-1686-4d05-b328-395a2152cd70"},"log":{"level":"information"},"@timestamp":"2022-12-29T06:58:15.939Z","winlog":{"opcode":"Info","event_data":{"param1":"Available","param2":"None","param3":"\tNewEngineState=Available\n\tPreviousEngineState=None\n\n\tSequenceNumber=17\n\n\tHostName=Default Host\n\tHostVersion=5.1.22621.963\n\tHostId=a7d35a00-bdd5-4135-864e-d67182523c77\n\tHostApplication=C:\\Program Files\\WindowsApps\\9426MICRO-STARINTERNATION.MSICenter_1.0.67.0_x64__kzh8wxbdkxb8p\\DCv2\\DCv2.exe msi-mc:Startup\n\tEngineVersion=5.1.22621.963\n\tRunspaceId=12d053aa-7951-4737-a3a9-6427897cf974\n\tPipelineId=\n\tCommandName=\n\tCommandType=\n\tScriptName=\n\tCommandPath=\n\tCommandLine="},"process":{"pid":13116},"task":"Engine Lifecycle","channel":"Windows PowerShell","api":"wineventlog","provider_name":"PowerShell","event_id":"400","record_id":2523,"computer_name":"MSI","keywords":["Classic"]},"agent":{"ephemeral_id":"28ff186b-bd6d-470f-a1b6-1c7ccc3dfe26","id":"ad84ffee-22d0-464b-81dd-06b1181ecd47","name":"MSI","type":"winlogbeat","version":"8.15.2"}}},{"_index":"winlogbeat-2022.12.363","_type":"_doc","_id":"KZm9KZMBylAKiVITW4yw","_score":1.0,"_source":{"@version":"1","tags":["beats_input_codec_plain_applied"],"ecs":{"version":"8.0.0"},"message":"Engine state is changed from Available to Stopped. \n\nDetails: \n\tNewEngineState=Stopped\n\tPreviousEngineState=Available\n\n\tSequenceNumber=19\n\n\tHostName=Default Host\n\tHostVersion=5.1.22621.963\n\tHostId=a7d35a00-bdd5-4135-864e-d67182523c77\n\tHostApplication=C:\\Program Files\\WindowsApps\\9426MICRO-STARINTERNATION.MSICenter_1.0.67.0_x64__kzh8wxbdkxb8p\\DCv2\\DCv2.exe msi-mc:Startup\n\tEngineVersion=5.1.22621.963\n\tRunspaceId=12d053aa-7951-4737-a3a9-6427897cf974\n\tPipelineId=\n\tCommandName=\n\tCommandType=\n\tScriptName=\n\tCommandPath=\n\tCommandLine=","event":{"action":"Engine Lifecycle","kind":"event","provider":"PowerShell","created":"2024-11-14T08:14:39.517Z","code":"403"},"log":{"level":"information"},"host":{"mac":["00-FF-14-66-C1-B3","0A-00-27-00-00-12","80-B6-55-54-6C-4E","80-B6-55-54-6C-4F","80-B6-55-54-6C-52","82-B6-55-54-6C-4E","D8-BB-C1-74-1C-24"],"name":"msi","hostname":"msi","ip":["169.254.5.113","192.168.56.1","169.254.27.160","169.254.242.69","169.254.117.31","192.168.207.153","169.254.135.196"],"os":{"platform":"windows","family":"windows","version":"10.0","name":"Windows 11 Home Single Language","build":"22631.4460","kernel":"10.0.22621.4455 (WinBuild.160101.0800)","type":"windows"},"architecture":"x86_64","id":"9ed805a2-1686-4d05-b328-395a2152cd70"},"@timestamp":"2022-12-29T06:58:16.545Z","winlog":{"opcode":"Info","event_data":{"param1":"Stopped","param2":"Available","param3":"\tNewEngineState=Stopped\n\tPreviousEngineState=Available\n\n\tSequenceNumber=19\n\n\tHostName=Default Host\n\tHostVersion=5.1.22621.963\n\tHostId=a7d35a00-bdd5-4135-864e-d67182523c77\n\tHostApplication=C:\\Program Files\\WindowsApps\\9426MICRO-STARINTERNATION.MSICenter_1.0.67.0_x64__kzh8wxbdkxb8p\\DCv2\\DCv2.exe msi-mc:Startup\n\tEngineVersion=5.1.22621.963\n\tRunspaceId=12d053aa-7951-4737-a3a9-6427897cf974\n\tPipelineId=\n\tCommandName=\n\tCommandType=\n\tScriptName=\n\tCommandPath=\n\tCommandLine="},"process":{"pid":13116},"task":"Engine Lifecycle","channel":"Windows PowerShell","provider_name":"PowerShell","api":"wineventlog","event_id":"403","record_id":2524,"computer_name":"MSI","keywords":["Classic"]},"agent":{"ephemeral_id":"28ff186b-bd6d-470f-a1b6-1c7ccc3dfe26","id":"ad84ffee-22d0-464b-81dd-06b1181ecd47","name":"MSI","type":"winlogbeat","version":"8.15.2"}}},{"_index":"winlogbeat-2022.12.363","_type":"_doc","_id":"Kpm9KZMBylAKiVITW4yw","_score":1.0,"_source":{"@version":"1","tags":["beats_input_codec_plain_applied"],"ecs":{"version":"8.0.0"},"message":"Provider \"Registry\" is Started. \n\nDetails: \n\tProviderName=Registry\n\tNewProviderState=Started\n\n\tSequenceNumber=21\n\n\tHostName=Default Host\n\tHostVersion=5.1.22621.963\n\tHostId=19701c77-7c97-4917-9f41-bd61993c9c3a\n\tHostApplication=C:\\Program Files\\WindowsApps\\9426MICRO-STARINTERNATION.MSICenter_1.0.67.0_x64__kzh8wxbdkxb8p\\DCv2\\DCv2.exe msi-mc:Startup\n\tEngineVersion=\n\tRunspaceId=\n\tPipelineId=\n\tCommandName=\n\tCommandType=\n\tScriptName=\n\tCommandPath=\n\tCommandLine=","event":{"action":"Provider Lifecycle","kind":"event","provider":"PowerShell","created":"2024-11-14T08:14:39.517Z","code":"600"},"host":{"mac":["00-FF-14-66-C1-B3","0A-00-27-00-00-12","80-B6-55-54-6C-4E","80-B6-55-54-6C-4F","80-B6-55-54-6C-52","82-B6-55-54-6C-4E","D8-BB-C1-74-1C-24"],"name":"msi","hostname":"msi","ip":["169.254.5.113","192.168.56.1","169.254.27.160","169.254.242.69","169.254.117.31","192.168.207.153","169.254.135.196"],"architecture":"x86_64","os":{"platform":"windows","family":"windows","name":"Windows 11 Home Single Language","version":"10.0","build":"22631.4460","kernel":"10.0.22621.4455 (WinBuild.160101.0800)","type":"windows"},"id":"9ed805a2-1686-4d05-b328-395a2152cd70"},"log":{"level":"information"},"@timestamp":"2022-12-29T06:59:06.716Z","winlog":{"opcode":"Info","event_data":{"param1":"Registry","param2":"Started","param3":"\tProviderName=Registry\n\tNewProviderState=Started\n\n\tSequenceNumber=21\n\n\tHostName=Default Host\n\tHostVersion=5.1.22621.963\n\tHostId=19701c77-7c97-4917-9f41-bd61993c9c3a\n\tHostApplication=C:\\Program Files\\WindowsApps\\9426MICRO-STARINTERNATION.MSICenter_1.0.67.0_x64__kzh8wxbdkxb8p\\DCv2\\DCv2.exe msi-mc:Startup\n\tEngineVersion=\n\tRunspaceId=\n\tPipelineId=\n\tCommandName=\n\tCommandType=\n\tScriptName=\n\tCommandPath=\n\tCommandLine="},"process":{"pid":13116},"task":"Provider Lifecycle","provider_name":"PowerShell","channel":"Windows PowerShell","api":"wineventlog","event_id":"600","record_id":2525,"keywords":["Classic"],"computer_name":"MSI"},"agent":{"ephemeral_id":"28ff186b-bd6d-470f-a1b6-1c7ccc3dfe26","id":"ad84ffee-22d0-464b-81dd-06b1181ecd47","name":"MSI","version":"8.15.2","type":"winlogbeat"}}},{"_index":"winlogbeat-2022.12.363","_type":"_doc","_id":"K5m9KZMBylAKiVITW4yw","_score":1.0,"_source":{"@version":"1","tags":["beats_input_codec_plain_applied"],"ecs":{"version":"8.0.0"},"message":"Provider \"Alias\" is Started. \n\nDetails: \n\tProviderName=Alias\n\tNewProviderState=Started\n\n\tSequenceNumber=23\n\n\tHostName=Default Host\n\tHostVersion=5.1.22621.963\n\tHostId=19701c77-7c97-4917-9f41-bd61993c9c3a\n\tHostApplication=C:\\Program Files\\WindowsApps\\9426MICRO-STARINTERNATION.MSICenter_1.0.67.0_x64__kzh8wxbdkxb8p\\DCv2\\DCv2.exe msi-mc:Startup\n\tEngineVersion=\n\tRunspaceId=\n\tPipelineId=\n\tCommandName=\n\tCommandType=\n\tScriptName=\n\tCommandPath=\n\tCommandLine=","event":{"action":"Provider Lifecycle","kind":"event","provider":"PowerShell","created":"2024-11-14T08:14:39.517Z","code":"600"},"log":{"level":"information"},"host":{"mac":["00-FF-14-66-C1-B3","0A-00-27-00-00-12","80-B6-55-54-6C-4E","80-B6-55-54-6C-4F","80-B6-55-54-6C-52","82-B6-55-54-6C-4E","D8-BB-C1-74-1C-24"],"name":"msi","hostname":"msi","ip":["169.254.5.113","192.168.56.1","169.254.27.160","169.254.242.69","169.254.117.31","192.168.207.153","169.254.135.196"],"architecture":"x86_64","os":{"platform":"windows","name":"Windows 11 Home Single Language","version":"10.0","family":"windows","build":"22631.4460","kernel":"10.0.22621.4455 (WinBuild.160101.0800)","type":"windows"},"id":"9ed805a2-1686-4d05-b328-395a2152cd70"},"@timestamp":"2022-12-29T06:59:06.716Z","winlog":{"opcode":"Info","event_data":{"param1":"Alias","param2":"Started","param3":"\tProviderName=Alias\n\tNewProviderState=Started\n\n\tSequenceNumber=23\n\n\tHostName=Default Host\n\tHostVersion=5.1.22621.963\n\tHostId=19701c77-7c97-4917-9f41-bd61993c9c3a\n\tHostApplication=C:\\Program Files\\WindowsApps\\9426MICRO-STARINTERNATION.MSICenter_1.0.67.0_x64__kzh8wxbdkxb8p\\DCv2\\DCv2.exe msi-mc:Startup\n\tEngineVersion=\n\tRunspaceId=\n\tPipelineId=\n\tCommandName=\n\tCommandType=\n\tScriptName=\n\tCommandPath=\n\tCommandLine="},"process":{"pid":13116},"task":"Provider Lifecycle","provider_name":"PowerShell","api":"wineventlog","channel":"Windows PowerShell","event_id":"600","record_id":2526,"computer_name":"MSI","keywords":["Classic"]},"agent":{"ephemeral_id":"28ff186b-bd6d-470f-a1b6-1c7ccc3dfe26","id":"ad84ffee-22d0-464b-81dd-06b1181ecd47","name":"MSI","type":"winlogbeat","version":"8.15.2"}}},{"_index":"winlogbeat-2022.12.363","_type":"_doc","_id":"LJm9KZMBylAKiVITW4yw","_score":1.0,"_source":{"@version":"1","tags":["beats_input_codec_plain_applied"],"ecs":{"version":"8.0.0"},"message":"Provider \"Environment\" is Started. \n\nDetails: \n\tProviderName=Environment\n\tNewProviderState=Started\n\n\tSequenceNumber=25\n\n\tHostName=Default Host\n\tHostVersion=5.1.22621.963\n\tHostId=19701c77-7c97-4917-9f41-bd61993c9c3a\n\tHostApplication=C:\\Program Files\\WindowsApps\\9426MICRO-STARINTERNATION.MSICenter_1.0.67.0_x64__kzh8wxbdkxb8p\\DCv2\\DCv2.exe msi-mc:Startup\n\tEngineVersion=\n\tRunspaceId=\n\tPipelineId=\n\tCommandName=\n\tCommandType=\n\tScriptName=\n\tCommandPath=\n\tCommandLine=","event":{"action":"Provider Lifecycle","kind":"event","provider":"PowerShell","created":"2024-11-14T08:14:39.517Z","code":"600"},"host":{"mac":["00-FF-14-66-C1-B3","0A-00-27-00-00-12","80-B6-55-54-6C-4E","80-B6-55-54-6C-4F","80-B6-55-54-6C-52","82-B6-55-54-6C-4E","D8-BB-C1-74-1C-24"],"name":"msi","hostname":"msi","architecture":"x86_64","os":{"platform":"windows","name":"Windows 11 Home Single Language","version":"10.0","family":"windows","build":"22631.4460","kernel":"10.0.22621.4455 (WinBuild.160101.0800)","type":"windows"},"ip":["169.254.5.113","192.168.56.1","169.254.27.160","169.254.242.69","169.254.117.31","192.168.207.153","169.254.135.196"],"id":"9ed805a2-1686-4d05-b328-395a2152cd70"},"log":{"level":"information"},"@timestamp":"2022-12-29T06:59:06.716Z","winlog":{"opcode":"Info","event_data":{"param1":"Environment","param2":"Started","param3":"\tProviderName=Environment\n\tNewProviderState=Started\n\n\tSequenceNumber=25\n\n\tHostName=Default Host\n\tHostVersion=5.1.22621.963\n\tHostId=19701c77-7c97-4917-9f41-bd61993c9c3a\n\tHostApplication=C:\\Program Files\\WindowsApps\\9426MICRO-STARINTERNATION.MSICenter_1.0.67.0_x64__kzh8wxbdkxb8p\\DCv2\\DCv2.exe msi-mc:Startup\n\tEngineVersion=\n\tRunspaceId=\n\tPipelineId=\n\tCommandName=\n\tCommandType=\n\tScriptName=\n\tCommandPath=\n\tCommandLine="},"process":{"pid":13116},"task":"Provider Lifecycle","provider_name":"PowerShell","api":"wineventlog","channel":"Windows PowerShell","event_id":"600","record_id":2527,"computer_name":"MSI","keywords":["Classic"]},"agent":{"ephemeral_id":"28ff186b-bd6d-470f-a1b6-1c7ccc3dfe26","id":"ad84ffee-22d0-464b-81dd-06b1181ecd47","name":"MSI","type":"winlogbeat","version":"8.15.2"}}},{"_index":"winlogbeat-2022.12.363","_type":"_doc","_id":"LZm9KZMBylAKiVITW4yw","_score":1.0,"_source":{"@version":"1","tags":["beats_input_codec_plain_applied"],"ecs":{"version":"8.0.0"},"message":"Provider \"FileSystem\" is Started. \n\nDetails: \n\tProviderName=FileSystem\n\tNewProviderState=Started\n\n\tSequenceNumber=27\n\n\tHostName=Default Host\n\tHostVersion=5.1.22621.963\n\tHostId=19701c77-7c97-4917-9f41-bd61993c9c3a\n\tHostApplication=C:\\Program Files\\WindowsApps\\9426MICRO-STARINTERNATION.MSICenter_1.0.67.0_x64__kzh8wxbdkxb8p\\DCv2\\DCv2.exe msi-mc:Startup\n\tEngineVersion=\n\tRunspaceId=\n\tPipelineId=\n\tCommandName=\n\tCommandType=\n\tScriptName=\n\tCommandPath=\n\tCommandLine=","event":{"action":"Provider Lifecycle","kind":"event","provider":"PowerShell","created":"2024-11-14T08:14:39.517Z","code":"600"},"log":{"level":"information"},"host":{"mac":["00-FF-14-66-C1-B3","0A-00-27-00-00-12","80-B6-55-54-6C-4E","80-B6-55-54-6C-4F","80-B6-55-54-6C-52","82-B6-55-54-6C-4E","D8-BB-C1-74-1C-24"],"name":"msi","hostname":"msi","architecture":"x86_64","os":{"platform":"windows","name":"Windows 11 Home Single Language","version":"10.0","family":"windows","build":"22631.4460","kernel":"10.0.22621.4455 (WinBuild.160101.0800)","type":"windows"},"ip":["169.254.5.113","192.168.56.1","169.254.27.160","169.254.242.69","169.254.117.31","192.168.207.153","169.254.135.196"],"id":"9ed805a2-1686-4d05-b328-395a2152cd70"},"@timestamp":"2022-12-29T06:59:06.716Z","winlog":{"opcode":"Info","event_data":{"param1":"FileSystem","param2":"Started","param3":"\tProviderName=FileSystem\n\tNewProviderState=Started\n\n\tSequenceNumber=27\n\n\tHostName=Default Host\n\tHostVersion=5.1.22621.963\n\tHostId=19701c77-7c97-4917-9f41-bd61993c9c3a\n\tHostApplication=C:\\Program Files\\WindowsApps\\9426MICRO-STARINTERNATION.MSICenter_1.0.67.0_x64__kzh8wxbdkxb8p\\DCv2\\DCv2.exe msi-mc:Startup\n\tEngineVersion=\n\tRunspaceId=\n\tPipelineId=\n\tCommandName=\n\tCommandType=\n\tScriptName=\n\tCommandPath=\n\tCommandLine="},"process":{"pid":13116},"task":"Provider Lifecycle","api":"wineventlog","channel":"Windows PowerShell","provider_name":"PowerShell","event_id":"600","record_id":2528,"keywords":["Classic"],"computer_name":"MSI"},"agent":{"ephemeral_id":"28ff186b-bd6d-470f-a1b6-1c7ccc3dfe26","id":"ad84ffee-22d0-464b-81dd-06b1181ecd47","name":"MSI","type":"winlogbeat","version":"8.15.2"}}},{"_index":"winlogbeat-2022.12.363","_type":"_doc","_id":"Lpm9KZMBylAKiVITW4yw","_score":1.0,"_source":{"@version":"1","tags":["beats_input_codec_plain_applied"],"ecs":{"version":"8.0.0"},"message":"Provider \"Function\" is Started. \n\nDetails: \n\tProviderName=Function\n\tNewProviderState=Started\n\n\tSequenceNumber=29\n\n\tHostName=Default Host\n\tHostVersion=5.1.22621.963\n\tHostId=19701c77-7c97-4917-9f41-bd61993c9c3a\n\tHostApplication=C:\\Program Files\\WindowsApps\\9426MICRO-STARINTERNATION.MSICenter_1.0.67.0_x64__kzh8wxbdkxb8p\\DCv2\\DCv2.exe msi-mc:Startup\n\tEngineVersion=\n\tRunspaceId=\n\tPipelineId=\n\tCommandName=\n\tCommandType=\n\tScriptName=\n\tCommandPath=\n\tCommandLine=","event":{"action":"Provider Lifecycle","kind":"event","provider":"PowerShell","created":"2024-11-14T08:14:39.517Z","code":"600"},"log":{"level":"information"},"host":{"mac":["00-FF-14-66-C1-B3","0A-00-27-00-00-12","80-B6-55-54-6C-4E","80-B6-55-54-6C-4F","80-B6-55-54-6C-52","82-B6-55-54-6C-4E","D8-BB-C1-74-1C-24"],"name":"msi","hostname":"msi","ip":["169.254.5.113","192.168.56.1","169.254.27.160","169.254.242.69","169.254.117.31","192.168.207.153","169.254.135.196"],"architecture":"x86_64","os":{"platform":"windows","name":"Windows 11 Home Single Language","version":"10.0","family":"windows","build":"22631.4460","kernel":"10.0.22621.4455 (WinBuild.160101.0800)","type":"windows"},"id":"9ed805a2-1686-4d05-b328-395a2152cd70"},"@timestamp":"2022-12-29T06:59:06.716Z","winlog":{"opcode":"Info","event_data":{"param1":"Function","param2":"Started","param3":"\tProviderName=Function\n\tNewProviderState=Started\n\n\tSequenceNumber=29\n\n\tHostName=Default Host\n\tHostVersion=5.1.22621.963\n\tHostId=19701c77-7c97-4917-9f41-bd61993c9c3a\n\tHostApplication=C:\\Program Files\\WindowsApps\\9426MICRO-STARINTERNATION.MSICenter_1.0.67.0_x64__kzh8wxbdkxb8p\\DCv2\\DCv2.exe msi-mc:Startup\n\tEngineVersion=\n\tRunspaceId=\n\tPipelineId=\n\tCommandName=\n\tCommandType=\n\tScriptName=\n\tCommandPath=\n\tCommandLine="},"process":{"pid":13116},"task":"Provider Lifecycle","channel":"Windows PowerShell","provider_name":"PowerShell","api":"wineventlog","event_id":"600","record_id":2529,"keywords":["Classic"],"computer_name":"MSI"},"agent":{"ephemeral_id":"28ff186b-bd6d-470f-a1b6-1c7ccc3dfe26","id":"ad84ffee-22d0-464b-81dd-06b1181ecd47","name":"MSI","type":"winlogbeat","version":"8.15.2"}}},{"_index":"winlogbeat-2022.12.363","_type":"_doc","_id":"L5m9KZMBylAKiVITW4yw","_score":1.0,"_source":{"@version":"1","tags":["beats_input_codec_plain_applied"],"ecs":{"version":"8.0.0"},"message":"Provider \"Variable\" is Started. \n\nDetails: \n\tProviderName=Variable\n\tNewProviderState=Started\n\n\tSequenceNumber=31\n\n\tHostName=Default Host\n\tHostVersion=5.1.22621.963\n\tHostId=19701c77-7c97-4917-9f41-bd61993c9c3a\n\tHostApplication=C:\\Program Files\\WindowsApps\\9426MICRO-STARINTERNATION.MSICenter_1.0.67.0_x64__kzh8wxbdkxb8p\\DCv2\\DCv2.exe msi-mc:Startup\n\tEngineVersion=\n\tRunspaceId=\n\tPipelineId=\n\tCommandName=\n\tCommandType=\n\tScriptName=\n\tCommandPath=\n\tCommandLine=","event":{"action":"Provider Lifecycle","kind":"event","provider":"PowerShell","created":"2024-11-14T08:14:39.517Z","code":"600"},"log":{"level":"information"},"host":{"mac":["00-FF-14-66-C1-B3","0A-00-27-00-00-12","80-B6-55-54-6C-4E","80-B6-55-54-6C-4F","80-B6-55-54-6C-52","82-B6-55-54-6C-4E","D8-BB-C1-74-1C-24"],"name":"msi","hostname":"msi","ip":["169.254.5.113","192.168.56.1","169.254.27.160","169.254.242.69","169.254.117.31","192.168.207.153","169.254.135.196"],"architecture":"x86_64","os":{"platform":"windows","family":"windows","version":"10.0","name":"Windows 11 Home Single Language","build":"22631.4460","kernel":"10.0.22621.4455 (WinBuild.160101.0800)","type":"windows"},"id":"9ed805a2-1686-4d05-b328-395a2152cd70"},"@timestamp":"2022-12-29T06:59:06.716Z","winlog":{"opcode":"Info","event_data":{"param1":"Variable","param2":"Started","param3":"\tProviderName=Variable\n\tNewProviderState=Started\n\n\tSequenceNumber=31\n\n\tHostName=Default Host\n\tHostVersion=5.1.22621.963\n\tHostId=19701c77-7c97-4917-9f41-bd61993c9c3a\n\tHostApplication=C:\\Program Files\\WindowsApps\\9426MICRO-STARINTERNATION.MSICenter_1.0.67.0_x64__kzh8wxbdkxb8p\\DCv2\\DCv2.exe msi-mc:Startup\n\tEngineVersion=\n\tRunspaceId=\n\tPipelineId=\n\tCommandName=\n\tCommandType=\n\tScriptName=\n\tCommandPath=\n\tCommandLine="},"process":{"pid":13116},"task":"Provider Lifecycle","api":"wineventlog","channel":"Windows PowerShell","provider_name":"PowerShell","event_id":"600","record_id":2530,"keywords":["Classic"],"computer_name":"MSI"},"agent":{"ephemeral_id":"28ff186b-bd6d-470f-a1b6-1c7ccc3dfe26","id":"ad84ffee-22d0-464b-81dd-06b1181ecd47","name":"MSI","type":"winlogbeat","version":"8.15.2"}}},{"_index":"winlogbeat-2022.12.363","_type":"_doc","_id":"MJm9KZMBylAKiVITW4yw","_score":1.0,"_source":{"@version":"1","tags":["beats_input_codec_plain_applied"],"ecs":{"version":"8.0.0"},"message":"Provider \"Certificate\" is Started. \n\nDetails: \n\tProviderName=Certificate\n\tNewProviderState=Started\n\n\tSequenceNumber=33\n\n\tHostName=Default Host\n\tHostVersion=5.1.22621.963\n\tHostId=19701c77-7c97-4917-9f41-bd61993c9c3a\n\tHostApplication=C:\\Program Files\\WindowsApps\\9426MICRO-STARINTERNATION.MSICenter_1.0.67.0_x64__kzh8wxbdkxb8p\\DCv2\\DCv2.exe msi-mc:Startup\n\tEngineVersion=\n\tRunspaceId=\n\tPipelineId=\n\tCommandName=\n\tCommandType=\n\tScriptName=\n\tCommandPath=\n\tCommandLine=","event":{"action":"Provider Lifecycle","kind":"event","provider":"PowerShell","created":"2024-11-14T08:14:39.518Z","code":"600"},"log":{"level":"information"},"host":{"mac":["00-FF-14-66-C1-B3","0A-00-27-00-00-12","80-B6-55-54-6C-4E","80-B6-55-54-6C-4F","80-B6-55-54-6C-52","82-B6-55-54-6C-4E","D8-BB-C1-74-1C-24"],"name":"msi","hostname":"msi","architecture":"x86_64","os":{"platform":"windows","family":"windows","version":"10.0","name":"Windows 11 Home Single Language","build":"22631.4460","kernel":"10.0.22621.4455 (WinBuild.160101.0800)","type":"windows"},"ip":["169.254.5.113","192.168.56.1","169.254.27.160","169.254.242.69","169.254.117.31","192.168.207.153","169.254.135.196"],"id":"9ed805a2-1686-4d05-b328-395a2152cd70"},"@timestamp":"2022-12-29T06:59:06.716Z","winlog":{"opcode":"Info","event_data":{"param1":"Certificate","param2":"Started","param3":"\tProviderName=Certificate\n\tNewProviderState=Started\n\n\tSequenceNumber=33\n\n\tHostName=Default Host\n\tHostVersion=5.1.22621.963\n\tHostId=19701c77-7c97-4917-9f41-bd61993c9c3a\n\tHostApplication=C:\\Program Files\\WindowsApps\\9426MICRO-STARINTERNATION.MSICenter_1.0.67.0_x64__kzh8wxbdkxb8p\\DCv2\\DCv2.exe msi-mc:Startup\n\tEngineVersion=\n\tRunspaceId=\n\tPipelineId=\n\tCommandName=\n\tCommandType=\n\tScriptName=\n\tCommandPath=\n\tCommandLine="},"process":{"pid":13116},"task":"Provider Lifecycle","api":"wineventlog","channel":"Windows PowerShell","provider_name":"PowerShell","event_id":"600","record_id":2531,"keywords":["Classic"],"computer_name":"MSI"},"agent":{"ephemeral_id":"28ff186b-bd6d-470f-a1b6-1c7ccc3dfe26","id":"ad84ffee-22d0-464b-81dd-06b1181ecd47","name":"MSI","version":"8.15.2","type":"winlogbeat"}}},{"_index":"winlogbeat-2022.12.363","_type":"_doc","_id":"MZm9KZMBylAKiVITW4yw","_score":1.0,"_source":{"@version":"1","tags":["beats_input_codec_plain_applied"],"ecs":{"version":"8.0.0"},"message":"Provider \"WSMan\" is Started. \n\nDetails: \n\tProviderName=WSMan\n\tNewProviderState=Started\n\n\tSequenceNumber=35\n\n\tHostName=Default Host\n\tHostVersion=5.1.22621.963\n\tHostId=19701c77-7c97-4917-9f41-bd61993c9c3a\n\tHostApplication=C:\\Program Files\\WindowsApps\\9426MICRO-STARINTERNATION.MSICenter_1.0.67.0_x64__kzh8wxbdkxb8p\\DCv2\\DCv2.exe msi-mc:Startup\n\tEngineVersion=\n\tRunspaceId=\n\tPipelineId=\n\tCommandName=\n\tCommandType=\n\tScriptName=\n\tCommandPath=\n\tCommandLine=","event":{"action":"Provider Lifecycle","kind":"event","provider":"PowerShell","created":"2024-11-14T08:14:39.518Z","code":"600"},"host":{"mac":["00-FF-14-66-C1-B3","0A-00-27-00-00-12","80-B6-55-54-6C-4E","80-B6-55-54-6C-4F","80-B6-55-54-6C-52","82-B6-55-54-6C-4E","D8-BB-C1-74-1C-24"],"name":"msi","hostname":"msi","architecture":"x86_64","os":{"platform":"windows","family":"windows","name":"Windows 11 Home Single Language","version":"10.0","build":"22631.4460","kernel":"10.0.22621.4455 (WinBuild.160101.0800)","type":"windows"},"ip":["169.254.5.113","192.168.56.1","169.254.27.160","169.254.242.69","169.254.117.31","192.168.207.153","169.254.135.196"],"id":"9ed805a2-1686-4d05-b328-395a2152cd70"},"log":{"level":"information"},"@timestamp":"2022-12-29T06:59:06.717Z","winlog":{"opcode":"Info","event_data":{"param1":"WSMan","param2":"Started","param3":"\tProviderName=WSMan\n\tNewProviderState=Started\n\n\tSequenceNumber=35\n\n\tHostName=Default Host\n\tHostVersion=5.1.22621.963\n\tHostId=19701c77-7c97-4917-9f41-bd61993c9c3a\n\tHostApplication=C:\\Program Files\\WindowsApps\\9426MICRO-STARINTERNATION.MSICenter_1.0.67.0_x64__kzh8wxbdkxb8p\\DCv2\\DCv2.exe msi-mc:Startup\n\tEngineVersion=\n\tRunspaceId=\n\tPipelineId=\n\tCommandName=\n\tCommandType=\n\tScriptName=\n\tCommandPath=\n\tCommandLine="},"process":{"pid":13116},"task":"Provider Lifecycle","provider_name":"PowerShell","api":"wineventlog","channel":"Windows PowerShell","event_id":"600","record_id":2532,"computer_name":"MSI","keywords":["Classic"]},"agent":{"ephemeral_id":"28ff186b-bd6d-470f-a1b6-1c7ccc3dfe26","id":"ad84ffee-22d0-464b-81dd-06b1181ecd47","name":"MSI","type":"winlogbeat","version":"8.15.2"}}},{"_index":"winlogbeat-2022.12.363","_type":"_doc","_id":"Mpm9KZMBylAKiVITW4yw","_score":1.0,"_source":{"@version":"1","tags":["beats_input_codec_plain_applied"],"ecs":{"version":"8.0.0"},"message":"Engine state is changed from None to Available. \n\nDetails: \n\tNewEngineState=Available\n\tPreviousEngineState=None\n\n\tSequenceNumber=37\n\n\tHostName=Default Host\n\tHostVersion=5.1.22621.963\n\tHostId=19701c77-7c97-4917-9f41-bd61993c9c3a\n\tHostApplication=C:\\Program Files\\WindowsApps\\9426MICRO-STARINTERNATION.MSICenter_1.0.67.0_x64__kzh8wxbdkxb8p\\DCv2\\DCv2.exe msi-mc:Startup\n\tEngineVersion=5.1.22621.963\n\tRunspaceId=d3fa554b-df98-457b-94c8-ed0f775b469a\n\tPipelineId=\n\tCommandName=\n\tCommandType=\n\tScriptName=\n\tCommandPath=\n\tCommandLine=","event":{"action":"Engine Lifecycle","kind":"event","provider":"PowerShell","created":"2024-11-14T08:14:39.518Z","code":"400"},"host":{"mac":["00-FF-14-66-C1-B3","0A-00-27-00-00-12","80-B6-55-54-6C-4E","80-B6-55-54-6C-4F","80-B6-55-54-6C-52","82-B6-55-54-6C-4E","D8-BB-C1-74-1C-24"],"name":"msi","hostname":"msi","ip":["169.254.5.113","192.168.56.1","169.254.27.160","169.254.242.69","169.254.117.31","192.168.207.153","169.254.135.196"],"architecture":"x86_64","os":{"platform":"windows","family":"windows","version":"10.0","name":"Windows 11 Home Single Language","build":"22631.4460","kernel":"10.0.22621.4455 (WinBuild.160101.0800)","type":"windows"},"id":"9ed805a2-1686-4d05-b328-395a2152cd70"},"log":{"level":"information"},"@timestamp":"2022-12-29T06:59:06.717Z","winlog":{"opcode":"Info","event_data":{"param1":"Available","param2":"None","param3":"\tNewEngineState=Available\n\tPreviousEngineState=None\n\n\tSequenceNumber=37\n\n\tHostName=Default Host\n\tHostVersion=5.1.22621.963\n\tHostId=19701c77-7c97-4917-9f41-bd61993c9c3a\n\tHostApplication=C:\\Program Files\\WindowsApps\\9426MICRO-STARINTERNATION.MSICenter_1.0.67.0_x64__kzh8wxbdkxb8p\\DCv2\\DCv2.exe msi-mc:Startup\n\tEngineVersion=5.1.22621.963\n\tRunspaceId=d3fa554b-df98-457b-94c8-ed0f775b469a\n\tPipelineId=\n\tCommandName=\n\tCommandType=\n\tScriptName=\n\tCommandPath=\n\tCommandLine="},"process":{"pid":13116},"task":"Engine Lifecycle","api":"wineventlog","provider_name":"PowerShell","channel":"Windows PowerShell","event_id":"400","record_id":2533,"computer_name":"MSI","keywords":["Classic"]},"agent":{"ephemeral_id":"28ff186b-bd6d-470f-a1b6-1c7ccc3dfe26","id":"ad84ffee-22d0-464b-81dd-06b1181ecd47","name":"MSI","type":"winlogbeat","version":"8.15.2"}}},{"_index":"winlogbeat-2022.12.363","_type":"_doc","_id":"M5m9KZMBylAKiVITW4yw","_score":1.0,"_source":{"@version":"1","tags":["beats_input_codec_plain_applied"],"ecs":{"version":"8.0.0"},"message":"Engine state is changed from Available to Stopped. \n\nDetails: \n\tNewEngineState=Stopped\n\tPreviousEngineState=Available\n\n\tSequenceNumber=39\n\n\tHostName=Default Host\n\tHostVersion=5.1.22621.963\n\tHostId=19701c77-7c97-4917-9f41-bd61993c9c3a\n\tHostApplication=C:\\Program Files\\WindowsApps\\9426MICRO-STARINTERNATION.MSICenter_1.0.67.0_x64__kzh8wxbdkxb8p\\DCv2\\DCv2.exe msi-mc:Startup\n\tEngineVersion=5.1.22621.963\n\tRunspaceId=d3fa554b-df98-457b-94c8-ed0f775b469a\n\tPipelineId=\n\tCommandName=\n\tCommandType=\n\tScriptName=\n\tCommandPath=\n\tCommandLine=","event":{"action":"Engine Lifecycle","kind":"event","provider":"PowerShell","created":"2024-11-14T08:14:39.518Z","code":"403"},"log":{"level":"information"},"host":{"mac":["00-FF-14-66-C1-B3","0A-00-27-00-00-12","80-B6-55-54-6C-4E","80-B6-55-54-6C-4F","80-B6-55-54-6C-52","82-B6-55-54-6C-4E","D8-BB-C1-74-1C-24"],"name":"msi","hostname":"msi","architecture":"x86_64","os":{"platform":"windows","family":"windows","version":"10.0","name":"Windows 11 Home Single Language","build":"22631.4460","kernel":"10.0.22621.4455 (WinBuild.160101.0800)","type":"windows"},"ip":["169.254.5.113","192.168.56.1","169.254.27.160","169.254.242.69","169.254.117.31","192.168.207.153","169.254.135.196"],"id":"9ed805a2-1686-4d05-b328-395a2152cd70"},"@timestamp":"2022-12-29T06:59:06.810Z","winlog":{"opcode":"Info","event_data":{"param1":"Stopped","param2":"Available","param3":"\tNewEngineState=Stopped\n\tPreviousEngineState=Available\n\n\tSequenceNumber=39\n\n\tHostName=Default Host\n\tHostVersion=5.1.22621.963\n\tHostId=19701c77-7c97-4917-9f41-bd61993c9c3a\n\tHostApplication=C:\\Program Files\\WindowsApps\\9426MICRO-STARINTERNATION.MSICenter_1.0.67.0_x64__kzh8wxbdkxb8p\\DCv2\\DCv2.exe msi-mc:Startup\n\tEngineVersion=5.1.22621.963\n\tRunspaceId=d3fa554b-df98-457b-94c8-ed0f775b469a\n\tPipelineId=\n\tCommandName=\n\tCommandType=\n\tScriptName=\n\tCommandPath=\n\tCommandLine="},"process":{"pid":13116},"task":"Engine Lifecycle","channel":"Windows PowerShell","provider_name":"PowerShell","api":"wineventlog","event_id":"403","record_id":2534,"computer_name":"MSI","keywords":["Classic"]},"agent":{"ephemeral_id":"28ff186b-bd6d-470f-a1b6-1c7ccc3dfe26","id":"ad84ffee-22d0-464b-81dd-06b1181ecd47","name":"MSI","type":"winlogbeat","version":"8.15.2"}}},{"_index":"winlogbeat-2022.12.363","_type":"_doc","_id":"NJm9KZMBylAKiVITW4yw","_score":1.0,"_source":{"@version":"1","tags":["beats_input_codec_plain_applied"],"ecs":{"version":"8.0.0"},"message":"Provider \"Registry\" is Started. \n\nDetails: \n\tProviderName=Registry\n\tNewProviderState=Started\n\n\tSequenceNumber=41\n\n\tHostName=Default Host\n\tHostVersion=5.1.22621.963\n\tHostId=7ff57f80-f202-46b9-bae8-d252f092611f\n\tHostApplication=C:\\Program Files\\WindowsApps\\9426MICRO-STARINTERNATION.MSICenter_1.0.67.0_x64__kzh8wxbdkxb8p\\DCv2\\DCv2.exe msi-mc:Startup\n\tEngineVersion=\n\tRunspaceId=\n\tPipelineId=\n\tCommandName=\n\tCommandType=\n\tScriptName=\n\tCommandPath=\n\tCommandLine=","event":{"action":"Provider Lifecycle","kind":"event","provider":"PowerShell","created":"2024-11-14T08:14:39.518Z","code":"600"},"host":{"mac":["00-FF-14-66-C1-B3","0A-00-27-00-00-12","80-B6-55-54-6C-4E","80-B6-55-54-6C-4F","80-B6-55-54-6C-52","82-B6-55-54-6C-4E","D8-BB-C1-74-1C-24"],"name":"msi","hostname":"msi","architecture":"x86_64","os":{"platform":"windows","family":"windows","version":"10.0","name":"Windows 11 Home Single Language","build":"22631.4460","kernel":"10.0.22621.4455 (WinBuild.160101.0800)","type":"windows"},"ip":["169.254.5.113","192.168.56.1","169.254.27.160","169.254.242.69","169.254.117.31","192.168.207.153","169.254.135.196"],"id":"9ed805a2-1686-4d05-b328-395a2152cd70"},"log":{"level":"information"},"@timestamp":"2022-12-29T16:14:14.938Z","winlog":{"opcode":"Info","event_data":{"param1":"Registry","param2":"Started","param3":"\tProviderName=Registry\n\tNewProviderState=Started\n\n\tSequenceNumber=41\n\n\tHostName=Default Host\n\tHostVersion=5.1.22621.963\n\tHostId=7ff57f80-f202-46b9-bae8-d252f092611f\n\tHostApplication=C:\\Program Files\\WindowsApps\\9426MICRO-STARINTERNATION.MSICenter_1.0.67.0_x64__kzh8wxbdkxb8p\\DCv2\\DCv2.exe msi-mc:Startup\n\tEngineVersion=\n\tRunspaceId=\n\tPipelineId=\n\tCommandName=\n\tCommandType=\n\tScriptName=\n\tCommandPath=\n\tCommandLine="},"process":{"pid":13116},"task":"Provider Lifecycle","provider_name":"PowerShell","channel":"Windows PowerShell","api":"wineventlog","event_id":"600","record_id":2535,"computer_name":"MSI","keywords":["Classic"]},"agent":{"ephemeral_id":"28ff186b-bd6d-470f-a1b6-1c7ccc3dfe26","id":"ad84ffee-22d0-464b-81dd-06b1181ecd47","name":"MSI","version":"8.15.2","type":"winlogbeat"}}},{"_index":"winlogbeat-2022.12.363","_type":"_doc","_id":"NZm9KZMBylAKiVITW4yw","_score":1.0,"_source":{"@version":"1","tags":["beats_input_codec_plain_applied"],"ecs":{"version":"8.0.0"},"message":"Provider \"Alias\" is Started. \n\nDetails: \n\tProviderName=Alias\n\tNewProviderState=Started\n\n\tSequenceNumber=43\n\n\tHostName=Default Host\n\tHostVersion=5.1.22621.963\n\tHostId=7ff57f80-f202-46b9-bae8-d252f092611f\n\tHostApplication=C:\\Program Files\\WindowsApps\\9426MICRO-STARINTERNATION.MSICenter_1.0.67.0_x64__kzh8wxbdkxb8p\\DCv2\\DCv2.exe msi-mc:Startup\n\tEngineVersion=\n\tRunspaceId=\n\tPipelineId=\n\tCommandName=\n\tCommandType=\n\tScriptName=\n\tCommandPath=\n\tCommandLine=","event":{"action":"Provider Lifecycle","kind":"event","provider":"PowerShell","created":"2024-11-14T08:14:39.518Z","code":"600"},"log":{"level":"information"},"host":{"mac":["00-FF-14-66-C1-B3","0A-00-27-00-00-12","80-B6-55-54-6C-4E","80-B6-55-54-6C-4F","80-B6-55-54-6C-52","82-B6-55-54-6C-4E","D8-BB-C1-74-1C-24"],"name":"msi","hostname":"msi","ip":["169.254.5.113","192.168.56.1","169.254.27.160","169.254.242.69","169.254.117.31","192.168.207.153","169.254.135.196"],"os":{"platform":"windows","family":"windows","version":"10.0","name":"Windows 11 Home Single Language","build":"22631.4460","kernel":"10.0.22621.4455 (WinBuild.160101.0800)","type":"windows"},"architecture":"x86_64","id":"9ed805a2-1686-4d05-b328-395a2152cd70"},"@timestamp":"2022-12-29T16:14:14.939Z","winlog":{"opcode":"Info","event_data":{"param1":"Alias","param2":"Started","param3":"\tProviderName=Alias\n\tNewProviderState=Started\n\n\tSequenceNumber=43\n\n\tHostName=Default Host\n\tHostVersion=5.1.22621.963\n\tHostId=7ff57f80-f202-46b9-bae8-d252f092611f\n\tHostApplication=C:\\Program Files\\WindowsApps\\9426MICRO-STARINTERNATION.MSICenter_1.0.67.0_x64__kzh8wxbdkxb8p\\DCv2\\DCv2.exe msi-mc:Startup\n\tEngineVersion=\n\tRunspaceId=\n\tPipelineId=\n\tCommandName=\n\tCommandType=\n\tScriptName=\n\tCommandPath=\n\tCommandLine="},"process":{"pid":13116},"task":"Provider Lifecycle","api":"wineventlog","channel":"Windows PowerShell","provider_name":"PowerShell","event_id":"600","record_id":2536,"computer_name":"MSI","keywords":["Classic"]},"agent":{"ephemeral_id":"28ff186b-bd6d-470f-a1b6-1c7ccc3dfe26","id":"ad84ffee-22d0-464b-81dd-06b1181ecd47","name":"MSI","type":"winlogbeat","version":"8.15.2"}}},