{"_index":"winlogbeat-2023.01.18","_type":"_doc","_id":"4pm9KZMBylAKiVITao7a","_score":1.0,"_source":{"@version":"1","tags":["beats_input_codec_plain_applied"],"ecs":{"version":"8.0.0"},"message":"Provider \"Environment\" is Started. \n\nDetails: \n\tProviderName=Environment\n\tNewProviderState=Started\n\n\tSequenceNumber=5\n\n\tHostName=ConsoleHost\n\tHostVersion=5.1.22621.963\n\tHostId=6815baa9-6418-4172-9537-936d1c74b90c\n\tHostApplication=C:\\WINDOWS\\System32\\WindowsPowerShell\\v1.0\\powershell.exe -noexit -command try { . \"c:\\Users\\vaibk\\AppData\\Local\\Programs\\Microsoft VS Code\\resources\\app\\out\\vs\\workbench\\contrib\\terminal\\browser\\media\\shellIntegration.ps1\" } catch {}\n\tEngineVersion=\n\tRunspaceId=\n\tPipelineId=\n\tCommandName=\n\tCommandType=\n\tScriptName=\n\tCommandPath=\n\tCommandLine=","event":{"action":"Provider Lifecycle","kind":"event","provider":"PowerShell","created":"2024-11-14T08:14:39.988Z","code":"600"},"log":{"level":"information"},"host":{"mac":["00-FF-14-66-C1-B3","0A-00-27-00-00-12","80-B6-55-54-6C-4E","80-B6-55-54-6C-4F","80-B6-55-54-6C-52","82-B6-55-54-6C-4E","D8-BB-C1-74-1C-24"],"name":"msi","hostname":"msi","architecture":"x86_64","os":{"platform":"windows","family":"windows","version":"10.0","name":"Windows 11 Home Single Language","build":"22631.4460","kernel":"10.0.22621.4455 (WinBuild.160101.0800)","type":"windows"},"ip":["169.254.5.113","192.168.56.1","169.254.27.160","169.254.242.69","169.254.117.31","192.168.207.153","169.254.135.196"],"id":"9ed805a2-1686-4d05-b328-395a2152cd70"},"@timestamp":"2023-01-18T06:04:29.902Z","winlog":{"opcode":"Info","event_data":{"param1":"Environment","param2":"Started","param3":"\tProviderName=Environment\n\tNewProviderState=Started\n\n\tSequenceNumber=5\n\n\tHostName=ConsoleHost\n\tHostVersion=5.1.22621.963\n\tHostId=6815baa9-6418-4172-9537-936d1c74b90c\n\tHostApplication=C:\\WINDOWS\\System32\\WindowsPowerShell\\v1.0\\powershell.exe -noexit -command try { . \"c:\\Users\\vaibk\\AppData\\Local\\Programs\\Microsoft VS Code\\resources\\app\\out\\vs\\workbench\\contrib\\terminal\\browser\\media\\shellIntegration.ps1\" } catch {}\n\tEngineVersion=\n\tRunspaceId=\n\tPipelineId=\n\tCommandName=\n\tCommandType=\n\tScriptName=\n\tCommandPath=\n\tCommandLine="},"process":{"pid":5484},"task":"Provider Lifecycle","api":"wineventlog","provider_name":"PowerShell","channel":"Windows PowerShell","event_id":"600","record_id":2794,"keywords":["Classic"],"computer_name":"MSI"},"agent":{"ephemeral_id":"28ff186b-bd6d-470f-a1b6-1c7ccc3dfe26","id":"ad84ffee-22d0-464b-81dd-06b1181ecd47","name":"MSI","version":"8.15.2","type":"winlogbeat"}}},{"_index":"winlogbeat-2023.01.18","_type":"_doc","_id":"ZJm9KZMBylAKiVITbI8m","_score":1.0,"_source":{"@version":"1","tags":["beats_input_codec_plain_applied"],"ecs":{"version":"8.0.0"},"message":"Provider \"Registry\" is Started. \n\nDetails: \n\tProviderName=Registry\n\tNewProviderState=Started\n\n\tSequenceNumber=1\n\n\tHostName=ConsoleHost\n\tHostVersion=5.1.22621.963\n\tHostId=c8b9d46e-6271-4694-8871-4b03ff8eb667\n\tHostApplication=powershell.exe -NoLogo -InputFormat Text -NoExit -ExecutionPolicy Unrestricted -Command -\n\tEngineVersion=\n\tRunspaceId=\n\tPipelineId=\n\tCommandName=\n\tCommandType=\n\tScriptName=\n\tCommandPath=\n\tCommandLine=","event":{"action":"Provider Lifecycle","kind":"event","provider":"PowerShell","created":"2024-11-14T08:14:39.788Z","code":"600"},"log":{"level":"information"},"host":{"mac":["00-FF-14-66-C1-B3","0A-00-27-00-00-12","80-B6-55-54-6C-4E","80-B6-55-54-6C-4F","80-B6-55-54-6C-52","82-B6-55-54-6C-4E","D8-BB-C1-74-1C-24"],"name":"msi","hostname":"msi","architecture":"x86_64","os":{"platform":"windows","family":"windows","version":"10.0","name":"Windows 11 Home Single Language","build":"22631.4460","kernel":"10.0.22621.4455 (WinBuild.160101.0800)","type":"windows"},"ip":["169.254.5.113","192.168.56.1","169.254.27.160","169.254.242.69","169.254.117.31","192.168.207.153","169.254.135.196"],"id":"9ed805a2-1686-4d05-b328-395a2152cd70"},"@timestamp":"2023-01-18T05:43:08.821Z","winlog":{"opcode":"Info","event_data":{"param1":"Registry","param2":"Started","param3":"\tProviderName=Registry\n\tNewProviderState=Started\n\n\tSequenceNumber=1\n\n\tHostName=ConsoleHost\n\tHostVersion=5.1.22621.963\n\tHostId=c8b9d46e-6271-4694-8871-4b03ff8eb667\n\tHostApplication=powershell.exe -NoLogo -InputFormat Text -NoExit -ExecutionPolicy Unrestricted -Command -\n\tEngineVersion=\n\tRunspaceId=\n\tPipelineId=\n\tCommandName=\n\tCommandType=\n\tScriptName=\n\tCommandPath=\n\tCommandLine="},"process":{"pid":1240},"task":"Provider Lifecycle","provider_name":"PowerShell","channel":"Windows PowerShell","api":"wineventlog","event_id":"600","record_id":2774,"computer_name":"MSI","keywords":["Classic"]},"agent":{"ephemeral_id":"28ff186b-bd6d-470f-a1b6-1c7ccc3dfe26","id":"ad84ffee-22d0-464b-81dd-06b1181ecd47","name":"MSI","type":"winlogbeat","version":"8.15.2"}}},{"_index":"winlogbeat-2023.01.18","_type":"_doc","_id":"5pm9KZMBylAKiVITao7a","_score":1.0,"_source":{"@version":"1","tags":["beats_input_codec_plain_applied"],"ecs":{"version":"8.0.0"},"message":"Engine state is changed from None to Available. \n\nDetails: \n\tNewEngineState=Available\n\tPreviousEngineState=None\n\n\tSequenceNumber=13\n\n\tHostName=ConsoleHost\n\tHostVersion=5.1.22621.963\n\tHostId=6815baa9-6418-4172-9537-936d1c74b90c\n\tHostApplication=C:\\WINDOWS\\System32\\WindowsPowerShell\\v1.0\\powershell.exe -noexit -command try { . \"c:\\Users\\vaibk\\AppData\\Local\\Programs\\Microsoft VS Code\\resources\\app\\out\\vs\\workbench\\contrib\\terminal\\browser\\media\\shellIntegration.ps1\" } catch {}\n\tEngineVersion=5.1.22621.963\n\tRunspaceId=61200397-b384-480b-9d47-36982616c909\n\tPipelineId=\n\tCommandName=\n\tCommandType=\n\tScriptName=\n\tCommandPath=\n\tCommandLine=","event":{"action":"Engine Lifecycle","kind":"event","provider":"PowerShell","created":"2024-11-14T08:14:39.989Z","code":"400"},"log":{"level":"information"},"host":{"mac":["00-FF-14-66-C1-B3","0A-00-27-00-00-12","80-B6-55-54-6C-4E","80-B6-55-54-6C-4F","80-B6-55-54-6C-52","82-B6-55-54-6C-4E","D8-BB-C1-74-1C-24"],"name":"msi","hostname":"msi","ip":["169.254.5.113","192.168.56.1","169.254.27.160","169.254.242.69","169.254.117.31","192.168.207.153","169.254.135.196"],"architecture":"x86_64","os":{"platform":"windows","family":"windows","version":"10.0","name":"Windows 11 Home Single Language","build":"22631.4460","kernel":"10.0.22621.4455 (WinBuild.160101.0800)","type":"windows"},"id":"9ed805a2-1686-4d05-b328-395a2152cd70"},"@timestamp":"2023-01-18T06:04:29.908Z","winlog":{"opcode":"Info","event_data":{"param1":"Available","param2":"None","param3":"\tNewEngineState=Available\n\tPreviousEngineState=None\n\n\tSequenceNumber=13\n\n\tHostName=ConsoleHost\n\tHostVersion=5.1.22621.963\n\tHostId=6815baa9-6418-4172-9537-936d1c74b90c\n\tHostApplication=C:\\WINDOWS\\System32\\WindowsPowerShell\\v1.0\\powershell.exe -noexit -command try { . \"c:\\Users\\vaibk\\AppData\\Local\\Programs\\Microsoft VS Code\\resources\\app\\out\\vs\\workbench\\contrib\\terminal\\browser\\media\\shellIntegration.ps1\" } catch {}\n\tEngineVersion=5.1.22621.963\n\tRunspaceId=61200397-b384-480b-9d47-36982616c909\n\tPipelineId=\n\tCommandName=\n\tCommandType=\n\tScriptName=\n\tCommandPath=\n\tCommandLine="},"process":{"pid":5484},"task":"Engine Lifecycle","provider_name":"PowerShell","channel":"Windows PowerShell","api":"wineventlog","event_id":"400","record_id":2798,"computer_name":"MSI","keywords":["Classic"]},"agent":{"ephemeral_id":"28ff186b-bd6d-470f-a1b6-1c7ccc3dfe26","id":"ad84ffee-22d0-464b-81dd-06b1181ecd47","name":"MSI","version":"8.15.2","type":"winlogbeat"}}},{"_index":"winlogbeat-2023.01.18","_type":"_doc","_id":"Z5m9KZMBylAKiVITbI8m","_score":1.0,"_source":{"@version":"1","tags":["beats_input_codec_plain_applied"],"ecs":{"version":"8.0.0"},"message":"Provider \"FileSystem\" is Started. \n\nDetails: \n\tProviderName=FileSystem\n\tNewProviderState=Started\n\n\tSequenceNumber=7\n\n\tHostName=ConsoleHost\n\tHostVersion=5.1.22621.963\n\tHostId=c8b9d46e-6271-4694-8871-4b03ff8eb667\n\tHostApplication=powershell.exe -NoLogo -InputFormat Text -NoExit -ExecutionPolicy Unrestricted -Command -\n\tEngineVersion=\n\tRunspaceId=\n\tPipelineId=\n\tCommandName=\n\tCommandType=\n\tScriptName=\n\tCommandPath=\n\tCommandLine=","event":{"action":"Provider Lifecycle","kind":"event","provider":"PowerShell","created":"2024-11-14T08:14:39.788Z","code":"600"},"log":{"level":"information"},"host":{"mac":["00-FF-14-66-C1-B3","0A-00-27-00-00-12","80-B6-55-54-6C-4E","80-B6-55-54-6C-4F","80-B6-55-54-6C-52","82-B6-55-54-6C-4E","D8-BB-C1-74-1C-24"],"name":"msi","hostname":"msi","architecture":"x86_64","os":{"platform":"windows","family":"windows","version":"10.0","name":"Windows 11 Home Single Language","build":"22631.4460","kernel":"10.0.22621.4455 (WinBuild.160101.0800)","type":"windows"},"ip":["169.254.5.113","192.168.56.1","169.254.27.160","169.254.242.69","169.254.117.31","192.168.207.153","169.254.135.196"],"id":"9ed805a2-1686-4d05-b328-395a2152cd70"},"@timestamp":"2023-01-18T05:43:08.823Z","winlog":{"opcode":"Info","event_data":{"param1":"FileSystem","param2":"Started","param3":"\tProviderName=FileSystem\n\tNewProviderState=Started\n\n\tSequenceNumber=7\n\n\tHostName=ConsoleHost\n\tHostVersion=5.1.22621.963\n\tHostId=c8b9d46e-6271-4694-8871-4b03ff8eb667\n\tHostApplication=powershell.exe -NoLogo -InputFormat Text -NoExit -ExecutionPolicy Unrestricted -Command -\n\tEngineVersion=\n\tRunspaceId=\n\tPipelineId=\n\tCommandName=\n\tCommandType=\n\tScriptName=\n\tCommandPath=\n\tCommandLine="},"process":{"pid":1240},"task":"Provider Lifecycle","api":"wineventlog","channel":"Windows PowerShell","provider_name":"PowerShell","event_id":"600","record_id":2777,"keywords":["Classic"],"computer_name":"MSI"},"agent":{"ephemeral_id":"28ff186b-bd6d-470f-a1b6-1c7ccc3dfe26","id":"ad84ffee-22d0-464b-81dd-06b1181ecd47","name":"MSI","version":"8.15.2","type":"winlogbeat"}}},{"_index":"winlogbeat-2023.01.18","_type":"_doc","_id":"6Jm9KZMBylAKiVITao7a","_score":1.0,"_source":{"@version":"1","tags":["beats_input_codec_plain_applied"],"ecs":{"version":"8.0.0"},"message":"Provider \"Alias\" is Started. \n\nDetails: \n\tProviderName=Alias\n\tNewProviderState=Started\n\n\tSequenceNumber=3\n\n\tHostName=ConsoleHost\n\tHostVersion=5.1.22621.963\n\tHostId=1d1960d0-4fbe-4f1b-b164-67c1c8cd1b8d\n\tHostApplication=powershell.exe -NoLogo -InputFormat Text -NoExit -ExecutionPolicy Unrestricted -Command -\n\tEngineVersion=\n\tRunspaceId=\n\tPipelineId=\n\tCommandName=\n\tCommandType=\n\tScriptName=\n\tCommandPath=\n\tCommandLine=","event":{"action":"Provider Lifecycle","kind":"event","provider":"PowerShell","created":"2024-11-14T08:14:39.989Z","code":"600"},"log":{"level":"information"},"host":{"mac":["00-FF-14-66-C1-B3","0A-00-27-00-00-12","80-B6-55-54-6C-4E","80-B6-55-54-6C-4F","80-B6-55-54-6C-52","82-B6-55-54-6C-4E","D8-BB-C1-74-1C-24"],"name":"msi","hostname":"msi","architecture":"x86_64","os":{"platform":"windows","family":"windows","version":"10.0","name":"Windows 11 Home Single Language","build":"22631.4460","kernel":"10.0.22621.4455 (WinBuild.160101.0800)","type":"windows"},"ip":["169.254.5.113","192.168.56.1","169.254.27.160","169.254.242.69","169.254.117.31","192.168.207.153","169.254.135.196"],"id":"9ed805a2-1686-4d05-b328-395a2152cd70"},"@timestamp":"2023-01-18T06:14:17.172Z","winlog":{"opcode":"Info","event_data":{"param1":"Alias","param2":"Started","param3":"\tProviderName=Alias\n\tNewProviderState=Started\n\n\tSequenceNumber=3\n\n\tHostName=ConsoleHost\n\tHostVersion=5.1.22621.963\n\tHostId=1d1960d0-4fbe-4f1b-b164-67c1c8cd1b8d\n\tHostApplication=powershell.exe -NoLogo -InputFormat Text -NoExit -ExecutionPolicy Unrestricted -Command -\n\tEngineVersion=\n\tRunspaceId=\n\tPipelineId=\n\tCommandName=\n\tCommandType=\n\tScriptName=\n\tCommandPath=\n\tCommandLine="},"process":{"pid":5560},"task":"Provider Lifecycle","provider_name":"PowerShell","channel":"Windows PowerShell","api":"wineventlog","event_id":"600","record_id":2800,"keywords":["Classic"],"computer_name":"MSI"},"agent":{"ephemeral_id":"28ff186b-bd6d-470f-a1b6-1c7ccc3dfe26","id":"ad84ffee-22d0-464b-81dd-06b1181ecd47","name":"MSI","type":"winlogbeat","version":"8.15.2"}}},{"_index":"winlogbeat-2023.01.18","_type":"_doc","_id":"aZm9KZMBylAKiVITbI8m","_score":1.0,"_source":{"@version":"1","tags":["beats_input_codec_plain_applied"],"ecs":{"version":"8.0.0"},"message":"Provider \"Variable\" is Started. \n\nDetails: \n\tProviderName=Variable\n\tNewProviderState=Started\n\n\tSequenceNumber=11\n\n\tHostName=ConsoleHost\n\tHostVersion=5.1.22621.963\n\tHostId=c8b9d46e-6271-4694-8871-4b03ff8eb667\n\tHostApplication=powershell.exe -NoLogo -InputFormat Text -NoExit -ExecutionPolicy Unrestricted -Command -\n\tEngineVersion=\n\tRunspaceId=\n\tPipelineId=\n\tCommandName=\n\tCommandType=\n\tScriptName=\n\tCommandPath=\n\tCommandLine=","event":{"action":"Provider Lifecycle","kind":"event","provider":"PowerShell","created":"2024-11-14T08:14:39.788Z","code":"600"},"log":{"level":"information"},"host":{"mac":["00-FF-14-66-C1-B3","0A-00-27-00-00-12","80-B6-55-54-6C-4E","80-B6-55-54-6C-4F","80-B6-55-54-6C-52","82-B6-55-54-6C-4E","D8-BB-C1-74-1C-24"],"name":"msi","hostname":"msi","architecture":"x86_64","os":{"platform":"windows","name":"Windows 11 Home Single Language","version":"10.0","family":"windows","build":"22631.4460","kernel":"10.0.22621.4455 (WinBuild.160101.0800)","type":"windows"},"ip":["169.254.5.113","192.168.56.1","169.254.27.160","169.254.242.69","169.254.117.31","192.168.207.153","169.254.135.196"],"id":"9ed805a2-1686-4d05-b328-395a2152cd70"},"@timestamp":"2023-01-18T05:43:08.823Z","winlog":{"opcode":"Info","event_data":{"param1":"Variable","param2":"Started","param3":"\tProviderName=Variable\n\tNewProviderState=Started\n\n\tSequenceNumber=11\n\n\tHostName=ConsoleHost\n\tHostVersion=5.1.22621.963\n\tHostId=c8b9d46e-6271-4694-8871-4b03ff8eb667\n\tHostApplication=powershell.exe -NoLogo -InputFormat Text -NoExit -ExecutionPolicy Unrestricted -Command -\n\tEngineVersion=\n\tRunspaceId=\n\tPipelineId=\n\tCommandName=\n\tCommandType=\n\tScriptName=\n\tCommandPath=\n\tCommandLine="},"process":{"pid":1240},"task":"Provider Lifecycle","provider_name":"PowerShell","api":"wineventlog","channel":"Windows PowerShell","event_id":"600","record_id":2779,"computer_name":"MSI","keywords":["Classic"]},"agent":{"ephemeral_id":"28ff186b-bd6d-470f-a1b6-1c7ccc3dfe26","id":"ad84ffee-22d0-464b-81dd-06b1181ecd47","name":"MSI","version":"8.15.2","type":"winlogbeat"}}},{"_index":"winlogbeat-2023.01.18","_type":"_doc","_id":"6pm9KZMBylAKiVITao7a","_score":1.0,"_source":{"@version":"1","tags":["beats_input_codec_plain_applied"],"ecs":{"version":"8.0.0"},"message":"Provider \"FileSystem\" is Started. \n\nDetails: \n\tProviderName=FileSystem\n\tNewProviderState=Started\n\n\tSequenceNumber=7\n\n\tHostName=ConsoleHost\n\tHostVersion=5.1.22621.963\n\tHostId=1d1960d0-4fbe-4f1b-b164-67c1c8cd1b8d\n\tHostApplication=powershell.exe -NoLogo -InputFormat Text -NoExit -ExecutionPolicy Unrestricted -Command -\n\tEngineVersion=\n\tRunspaceId=\n\tPipelineId=\n\tCommandName=\n\tCommandType=\n\tScriptName=\n\tCommandPath=\n\tCommandLine=","event":{"action":"Provider Lifecycle","kind":"event","provider":"PowerShell","created":"2024-11-14T08:14:39.989Z","code":"600"},"log":{"level":"information"},"host":{"mac":["00-FF-14-66-C1-B3","0A-00-27-00-00-12","80-B6-55-54-6C-4E","80-B6-55-54-6C-4F","80-B6-55-54-6C-52","82-B6-55-54-6C-4E","D8-BB-C1-74-1C-24"],"name":"msi","hostname":"msi","architecture":"x86_64","os":{"platform":"windows","family":"windows","version":"10.0","name":"Windows 11 Home Single Language","build":"22631.4460","kernel":"10.0.22621.4455 (WinBuild.160101.0800)","type":"windows"},"ip":["169.254.5.113","192.168.56.1","169.254.27.160","169.254.242.69","169.254.117.31","192.168.207.153","169.254.135.196"],"id":"9ed805a2-1686-4d05-b328-395a2152cd70"},"@timestamp":"2023-01-18T06:14:17.173Z","winlog":{"opcode":"Info","event_data":{"param1":"FileSystem","param2":"Started","param3":"\tProviderName=FileSystem\n\tNewProviderState=Started\n\n\tSequenceNumber=7\n\n\tHostName=ConsoleHost\n\tHostVersion=5.1.22621.963\n\tHostId=1d1960d0-4fbe-4f1b-b164-67c1c8cd1b8d\n\tHostApplication=powershell.exe -NoLogo -InputFormat Text -NoExit -ExecutionPolicy Unrestricted -Command -\n\tEngineVersion=\n\tRunspaceId=\n\tPipelineId=\n\tCommandName=\n\tCommandType=\n\tScriptName=\n\tCommandPath=\n\tCommandLine="},"process":{"pid":5560},"task":"Provider Lifecycle","api":"wineventlog","provider_name":"PowerShell","channel":"Windows PowerShell","event_id":"600","record_id":2802,"computer_name":"MSI","keywords":["Classic"]},"agent":{"ephemeral_id":"28ff186b-bd6d-470f-a1b6-1c7ccc3dfe26","id":"ad84ffee-22d0-464b-81dd-06b1181ecd47","name":"MSI","version":"8.15.2","type":"winlogbeat"}}},{"_index":"winlogbeat-2023.01.18","_type":"_doc","_id":"65m9KZMBylAKiVITao7a","_score":1.0,"_source":{"@version":"1","tags":["beats_input_codec_plain_applied"],"ecs":{"version":"8.0.0"},"message":"Provider \"Function\" is Started. \n\nDetails: \n\tProviderName=Function\n\tNewProviderState=Started\n\n\tSequenceNumber=9\n\n\tHostName=ConsoleHost\n\tHostVersion=5.1.22621.963\n\tHostId=1d1960d0-4fbe-4f1b-b164-67c1c8cd1b8d\n\tHostApplication=powershell.exe -NoLogo -InputFormat Text -NoExit -ExecutionPolicy Unrestricted -Command -\n\tEngineVersion=\n\tRunspaceId=\n\tPipelineId=\n\tCommandName=\n\tCommandType=\n\tScriptName=\n\tCommandPath=\n\tCommandLine=","event":{"action":"Provider Lifecycle","kind":"event","provider":"PowerShell","created":"2024-11-14T08:14:39.989Z","code":"600"},"host":{"mac":["00-FF-14-66-C1-B3","0A-00-27-00-00-12","80-B6-55-54-6C-4E","80-B6-55-54-6C-4F","80-B6-55-54-6C-52","82-B6-55-54-6C-4E","D8-BB-C1-74-1C-24"],"name":"msi","hostname":"msi","ip":["169.254.5.113","192.168.56.1","169.254.27.160","169.254.242.69","169.254.117.31","192.168.207.153","169.254.135.196"],"os":{"platform":"windows","family":"windows","version":"10.0","name":"Windows 11 Home Single Language","build":"22631.4460","kernel":"10.0.22621.4455 (WinBuild.160101.0800)","type":"windows"},"architecture":"x86_64","id":"9ed805a2-1686-4d05-b328-395a2152cd70"},"log":{"level":"information"},"@timestamp":"2023-01-18T06:14:17.173Z","winlog":{"opcode":"Info","event_data":{"param1":"Function","param2":"Started","param3":"\tProviderName=Function\n\tNewProviderState=Started\n\n\tSequenceNumber=9\n\n\tHostName=ConsoleHost\n\tHostVersion=5.1.22621.963\n\tHostId=1d1960d0-4fbe-4f1b-b164-67c1c8cd1b8d\n\tHostApplication=powershell.exe -NoLogo -InputFormat Text -NoExit -ExecutionPolicy Unrestricted -Command -\n\tEngineVersion=\n\tRunspaceId=\n\tPipelineId=\n\tCommandName=\n\tCommandType=\n\tScriptName=\n\tCommandPath=\n\tCommandLine="},"process":{"pid":5560},"task":"Provider Lifecycle","api":"wineventlog","provider_name":"PowerShell","channel":"Windows PowerShell","event_id":"600","record_id":2803,"computer_name":"MSI","keywords":["Classic"]},"agent":{"ephemeral_id":"28ff186b-bd6d-470f-a1b6-1c7ccc3dfe26","id":"ad84ffee-22d0-464b-81dd-06b1181ecd47","name":"MSI","type":"winlogbeat","version":"8.15.2"}}},{"_index":"winlogbeat-2023.01.18","_type":"_doc","_id":"7Jm9KZMBylAKiVITao7a","_score":1.0,"_source":{"@version":"1","tags":["beats_input_codec_plain_applied"],"ecs":{"version":"8.0.0"},"message":"Provider \"Variable\" is Started. \n\nDetails: \n\tProviderName=Variable\n\tNewProviderState=Started\n\n\tSequenceNumber=11\n\n\tHostName=ConsoleHost\n\tHostVersion=5.1.22621.963\n\tHostId=1d1960d0-4fbe-4f1b-b164-67c1c8cd1b8d\n\tHostApplication=powershell.exe -NoLogo -InputFormat Text -NoExit -ExecutionPolicy Unrestricted -Command -\n\tEngineVersion=\n\tRunspaceId=\n\tPipelineId=\n\tCommandName=\n\tCommandType=\n\tScriptName=\n\tCommandPath=\n\tCommandLine=","event":{"action":"Provider Lifecycle","kind":"event","provider":"PowerShell","created":"2024-11-14T08:14:39.989Z","code":"600"},"log":{"level":"information"},"host":{"mac":["00-FF-14-66-C1-B3","0A-00-27-00-00-12","80-B6-55-54-6C-4E","80-B6-55-54-6C-4F","80-B6-55-54-6C-52","82-B6-55-54-6C-4E","D8-BB-C1-74-1C-24"],"name":"msi","hostname":"msi","ip":["169.254.5.113","192.168.56.1","169.254.27.160","169.254.242.69","169.254.117.31","192.168.207.153","169.254.135.196"],"os":{"platform":"windows","family":"windows","name":"Windows 11 Home Single Language","version":"10.0","build":"22631.4460","kernel":"10.0.22621.4455 (WinBuild.160101.0800)","type":"windows"},"architecture":"x86_64","id":"9ed805a2-1686-4d05-b328-395a2152cd70"},"@timestamp":"2023-01-18T06:14:17.173Z","winlog":{"opcode":"Info","event_data":{"param1":"Variable","param2":"Started","param3":"\tProviderName=Variable\n\tNewProviderState=Started\n\n\tSequenceNumber=11\n\n\tHostName=ConsoleHost\n\tHostVersion=5.1.22621.963\n\tHostId=1d1960d0-4fbe-4f1b-b164-67c1c8cd1b8d\n\tHostApplication=powershell.exe -NoLogo -InputFormat Text -NoExit -ExecutionPolicy Unrestricted -Command -\n\tEngineVersion=\n\tRunspaceId=\n\tPipelineId=\n\tCommandName=\n\tCommandType=\n\tScriptName=\n\tCommandPath=\n\tCommandLine="},"process":{"pid":5560},"task":"Provider Lifecycle","channel":"Windows PowerShell","api":"wineventlog","provider_name":"PowerShell","event_id":"600","record_id":2804,"keywords":["Classic"],"computer_name":"MSI"},"agent":{"ephemeral_id":"28ff186b-bd6d-470f-a1b6-1c7ccc3dfe26","id":"ad84ffee-22d0-464b-81dd-06b1181ecd47","name":"MSI","type":"winlogbeat","version":"8.15.2"}}},{"_index":"winlogbeat-2023.01.18","_type":"_doc","_id":"7Zm9KZMBylAKiVITao7a","_score":1.0,"_source":{"@version":"1","tags":["beats_input_codec_plain_applied"],"ecs":{"version":"8.0.0"},"message":"Engine state is changed from None to Available. \n\nDetails: \n\tNewEngineState=Available\n\tPreviousEngineState=None\n\n\tSequenceNumber=13\n\n\tHostName=ConsoleHost\n\tHostVersion=5.1.22621.963\n\tHostId=1d1960d0-4fbe-4f1b-b164-67c1c8cd1b8d\n\tHostApplication=powershell.exe -NoLogo -InputFormat Text -NoExit -ExecutionPolicy Unrestricted -Command -\n\tEngineVersion=5.1.22621.963\n\tRunspaceId=ae820668-fd4a-4ddf-8bb1-f1c4d8930126\n\tPipelineId=\n\tCommandName=\n\tCommandType=\n\tScriptName=\n\tCommandPath=\n\tCommandLine=","event":{"action":"Engine Lifecycle","kind":"event","provider":"PowerShell","created":"2024-11-14T08:14:39.989Z","code":"400"},"log":{"level":"information"},"host":{"mac":["00-FF-14-66-C1-B3","0A-00-27-00-00-12","80-B6-55-54-6C-4E","80-B6-55-54-6C-4F","80-B6-55-54-6C-52","82-B6-55-54-6C-4E","D8-BB-C1-74-1C-24"],"name":"msi","hostname":"msi","ip":["169.254.5.113","192.168.56.1","169.254.27.160","169.254.242.69","169.254.117.31","192.168.207.153","169.254.135.196"],"architecture":"x86_64","os":{"platform":"windows","family":"windows","version":"10.0","name":"Windows 11 Home Single Language","build":"22631.4460","kernel":"10.0.22621.4455 (WinBuild.160101.0800)","type":"windows"},"id":"9ed805a2-1686-4d05-b328-395a2152cd70"},"@timestamp":"2023-01-18T06:14:17.184Z","winlog":{"opcode":"Info","event_data":{"param1":"Available","param2":"None","param3":"\tNewEngineState=Available\n\tPreviousEngineState=None\n\n\tSequenceNumber=13\n\n\tHostName=ConsoleHost\n\tHostVersion=5.1.22621.963\n\tHostId=1d1960d0-4fbe-4f1b-b164-67c1c8cd1b8d\n\tHostApplication=powershell.exe -NoLogo -InputFormat Text -NoExit -ExecutionPolicy Unrestricted -Command -\n\tEngineVersion=5.1.22621.963\n\tRunspaceId=ae820668-fd4a-4ddf-8bb1-f1c4d8930126\n\tPipelineId=\n\tCommandName=\n\tCommandType=\n\tScriptName=\n\tCommandPath=\n\tCommandLine="},"process":{"pid":5560},"task":"Engine Lifecycle","api":"wineventlog","provider_name":"PowerShell","channel":"Windows PowerShell","event_id":"400","record_id":2805,"computer_name":"MSI","keywords":["Classic"]},"agent":{"ephemeral_id":"28ff186b-bd6d-470f-a1b6-1c7ccc3dfe26","id":"ad84ffee-22d0-464b-81dd-06b1181ecd47","name":"MSI","version":"8.15.2","type":"winlogbeat"}}},{"_index":"winlogbeat-2023.01.18","_type":"_doc","_id":"7pm9KZMBylAKiVITao7a","_score":1.0,"_source":{"@version":"1","tags":["beats_input_codec_plain_applied"],"ecs":{"version":"8.0.0"},"message":"Pipeline execution details for command line: Add-Type -AssemblyName System.Windows.Forms; [System.Windows.Forms.SystemInformation]::TerminalServerSession. \n\nContext Information: \n\tDetailSequence=1\n\tDetailTotal=1\n\n\tSequenceNumber=15\n\n\tUserId=MSI\\vaibk\n\tHostName=ConsoleHost\n\tHostVersion=5.1.22621.963\n\tHostId=1d1960d0-4fbe-4f1b-b164-67c1c8cd1b8d\n\tHostApplication=powershell.exe -NoLogo -InputFormat Text -NoExit -ExecutionPolicy Unrestricted -Command -\n\tEngineVersion=5.1.22621.963\n\tRunspaceId=ae820668-fd4a-4ddf-8bb1-f1c4d8930126\n\tPipelineId=4\n\tScriptName=\n\tCommandLine=Add-Type -AssemblyName System.Windows.Forms; [System.Windows.Forms.SystemInformation]::TerminalServerSession \n\nDetails: \nCommandInvocation(Add-Type): \"Add-Type\"\nParameterBinding(Add-Type): name=\"AssemblyName\"; value=\"System.Windows.Forms\"","event":{"action":"Pipeline Execution Details","kind":"event","provider":"PowerShell","created":"2024-11-14T08:14:39.989Z","code":"800"},"log":{"level":"information"},"host":{"mac":["00-FF-14-66-C1-B3","0A-00-27-00-00-12","80-B6-55-54-6C-4E","80-B6-55-54-6C-4F","80-B6-55-54-6C-52","82-B6-55-54-6C-4E","D8-BB-C1-74-1C-24"],"name":"msi","hostname":"msi","architecture":"x86_64","os":{"platform":"windows","name":"Windows 11 Home Single Language","version":"10.0","family":"windows","build":"22631.4460","kernel":"10.0.22621.4455 (WinBuild.160101.0800)","type":"windows"},"ip":["169.254.5.113","192.168.56.1","169.254.27.160","169.254.242.69","169.254.117.31","192.168.207.153","169.254.135.196"],"id":"9ed805a2-1686-4d05-b328-395a2152cd70"},"@timestamp":"2023-01-18T06:14:17.477Z","winlog":{"opcode":"Info","event_data":{"param1":"Add-Type -AssemblyName System.Windows.Forms; [System.Windows.Forms.SystemInformation]::TerminalServerSession","param2":"\tDetailSequence=1\n\tDetailTotal=1\n\n\tSequenceNumber=15\n\n\tUserId=MSI\\vaibk\n\tHostName=ConsoleHost\n\tHostVersion=5.1.22621.963\n\tHostId=1d1960d0-4fbe-4f1b-b164-67c1c8cd1b8d\n\tHostApplication=powershell.exe -NoLogo -InputFormat Text -NoExit -ExecutionPolicy Unrestricted -Command -\n\tEngineVersion=5.1.22621.963\n\tRunspaceId=ae820668-fd4a-4ddf-8bb1-f1c4d8930126\n\tPipelineId=4\n\tScriptName=\n\tCommandLine=Add-Type -AssemblyName System.Windows.Forms; [System.Windows.Forms.SystemInformation]::TerminalServerSession","param3":"CommandInvocation(Add-Type): \"Add-Type\"\nParameterBinding(Add-Type): name=\"AssemblyName\"; value=\"System.Windows.Forms\""},"process":{"pid":5560},"task":"Pipeline Execution Details","channel":"Windows PowerShell","provider_name":"PowerShell","api":"wineventlog","event_id":"800","record_id":2806,"computer_name":"MSI","keywords":["Classic"]},"agent":{"ephemeral_id":"28ff186b-bd6d-470f-a1b6-1c7ccc3dfe26","id":"ad84ffee-22d0-464b-81dd-06b1181ecd47","name":"MSI","type":"winlogbeat","version":"8.15.2"}}},{"_index":"winlogbeat-2023.01.18","_type":"_doc","_id":"75m9KZMBylAKiVITao7a","_score":1.0,"_source":{"@version":"1","tags":["beats_input_codec_plain_applied"],"ecs":{"version":"8.0.0"},"message":"Engine state is changed from Available to Stopped. \n\nDetails: \n\tNewEngineState=Stopped\n\tPreviousEngineState=Available\n\n\tSequenceNumber=17\n\n\tHostName=ConsoleHost\n\tHostVersion=5.1.22621.963\n\tHostId=1d1960d0-4fbe-4f1b-b164-67c1c8cd1b8d\n\tHostApplication=powershell.exe -NoLogo -InputFormat Text -NoExit -ExecutionPolicy Unrestricted -Command -\n\tEngineVersion=5.1.22621.963\n\tRunspaceId=ae820668-fd4a-4ddf-8bb1-f1c4d8930126\n\tPipelineId=\n\tCommandName=\n\tCommandType=\n\tScriptName=\n\tCommandPath=\n\tCommandLine=","event":{"action":"Engine Lifecycle","kind":"event","provider":"PowerShell","created":"2024-11-14T08:14:39.989Z","code":"403"},"host":{"mac":["00-FF-14-66-C1-B3","0A-00-27-00-00-12","80-B6-55-54-6C-4E","80-B6-55-54-6C-4F","80-B6-55-54-6C-52","82-B6-55-54-6C-4E","D8-BB-C1-74-1C-24"],"name":"msi","hostname":"msi","ip":["169.254.5.113","192.168.56.1","169.254.27.160","169.254.242.69","169.254.117.31","192.168.207.153","169.254.135.196"],"architecture":"x86_64","os":{"platform":"windows","family":"windows","version":"10.0","name":"Windows 11 Home Single Language","build":"22631.4460","kernel":"10.0.22621.4455 (WinBuild.160101.0800)","type":"windows"},"id":"9ed805a2-1686-4d05-b328-395a2152cd70"},"log":{"level":"information"},"@timestamp":"2023-01-18T06:14:17.488Z","winlog":{"opcode":"Info","event_data":{"param1":"Stopped","param2":"Available","param3":"\tNewEngineState=Stopped\n\tPreviousEngineState=Available\n\n\tSequenceNumber=17\n\n\tHostName=ConsoleHost\n\tHostVersion=5.1.22621.963\n\tHostId=1d1960d0-4fbe-4f1b-b164-67c1c8cd1b8d\n\tHostApplication=powershell.exe -NoLogo -InputFormat Text -NoExit -ExecutionPolicy Unrestricted -Command -\n\tEngineVersion=5.1.22621.963\n\tRunspaceId=ae820668-fd4a-4ddf-8bb1-f1c4d8930126\n\tPipelineId=\n\tCommandName=\n\tCommandType=\n\tScriptName=\n\tCommandPath=\n\tCommandLine="},"process":{"pid":5560},"task":"Engine Lifecycle","api":"wineventlog","provider_name":"PowerShell","channel":"Windows PowerShell","event_id":"403","record_id":2807,"keywords":["Classic"],"computer_name":"MSI"},"agent":{"ephemeral_id":"28ff186b-bd6d-470f-a1b6-1c7ccc3dfe26","id":"ad84ffee-22d0-464b-81dd-06b1181ecd47","name":"MSI","version":"8.15.2","type":"winlogbeat"}}},{"_index":"winlogbeat-2023.01.18","_type":"_doc","_id":"8Jm9KZMBylAKiVITao7a","_score":1.0,"_source":{"@version":"1","tags":["beats_input_codec_plain_applied"],"ecs":{"version":"8.0.0"},"message":"Provider \"Registry\" is Started. \n\nDetails: \n\tProviderName=Registry\n\tNewProviderState=Started\n\n\tSequenceNumber=1\n\n\tHostName=ConsoleHost\n\tHostVersion=5.1.22621.963\n\tHostId=1fa9bdd6-e4bd-49e9-beac-c4a0d6019b75\n\tHostApplication=C:\\WINDOWS\\System32\\WindowsPowerShell\\v1.0\\powershell.exe -noexit -command try { . \"c:\\Users\\vaibk\\AppData\\Local\\Programs\\Microsoft VS Code\\resources\\app\\out\\vs\\workbench\\contrib\\terminal\\browser\\media\\shellIntegration.ps1\" } catch {}\n\tEngineVersion=\n\tRunspaceId=\n\tPipelineId=\n\tCommandName=\n\tCommandType=\n\tScriptName=\n\tCommandPath=\n\tCommandLine=","event":{"action":"Provider Lifecycle","kind":"event","provider":"PowerShell","created":"2024-11-14T08:14:39.989Z","code":"600"},"log":{"level":"information"},"host":{"mac":["00-FF-14-66-C1-B3","0A-00-27-00-00-12","80-B6-55-54-6C-4E","80-B6-55-54-6C-4F","80-B6-55-54-6C-52","82-B6-55-54-6C-4E","D8-BB-C1-74-1C-24"],"name":"msi","hostname":"msi","architecture":"x86_64","os":{"platform":"windows","family":"windows","version":"10.0","name":"Windows 11 Home Single Language","build":"22631.4460","kernel":"10.0.22621.4455 (WinBuild.160101.0800)","type":"windows"},"ip":["169.254.5.113","192.168.56.1","169.254.27.160","169.254.242.69","169.254.117.31","192.168.207.153","169.254.135.196"],"id":"9ed805a2-1686-4d05-b328-395a2152cd70"},"@timestamp":"2023-01-18T06:31:35.220Z","winlog":{"opcode":"Info","event_data":{"param1":"Registry","param2":"Started","param3":"\tProviderName=Registry\n\tNewProviderState=Started\n\n\tSequenceNumber=1\n\n\tHostName=ConsoleHost\n\tHostVersion=5.1.22621.963\n\tHostId=1fa9bdd6-e4bd-49e9-beac-c4a0d6019b75\n\tHostApplication=C:\\WINDOWS\\System32\\WindowsPowerShell\\v1.0\\powershell.exe -noexit -command try { . \"c:\\Users\\vaibk\\AppData\\Local\\Programs\\Microsoft VS Code\\resources\\app\\out\\vs\\workbench\\contrib\\terminal\\browser\\media\\shellIntegration.ps1\" } catch {}\n\tEngineVersion=\n\tRunspaceId=\n\tPipelineId=\n\tCommandName=\n\tCommandType=\n\tScriptName=\n\tCommandPath=\n\tCommandLine="},"process":{"pid":13548},"task":"Provider Lifecycle","api":"wineventlog","provider_name":"PowerShell","channel":"Windows PowerShell","event_id":"600","record_id":2808,"keywords":["Classic"],"computer_name":"MSI"},"agent":{"ephemeral_id":"28ff186b-bd6d-470f-a1b6-1c7ccc3dfe26","id":"ad84ffee-22d0-464b-81dd-06b1181ecd47","name":"MSI","version":"8.15.2","type":"winlogbeat"}}},{"_index":"winlogbeat-2023.01.18","_type":"_doc","_id":"8Zm9KZMBylAKiVITao7a","_score":1.0,"_source":{"@version":"1","tags":["beats_input_codec_plain_applied"],"ecs":{"version":"8.0.0"},"message":"Provider \"Alias\" is Started. \n\nDetails: \n\tProviderName=Alias\n\tNewProviderState=Started\n\n\tSequenceNumber=3\n\n\tHostName=ConsoleHost\n\tHostVersion=5.1.22621.963\n\tHostId=1fa9bdd6-e4bd-49e9-beac-c4a0d6019b75\n\tHostApplication=C:\\WINDOWS\\System32\\WindowsPowerShell\\v1.0\\powershell.exe -noexit -command try { . \"c:\\Users\\vaibk\\AppData\\Local\\Programs\\Microsoft VS Code\\resources\\app\\out\\vs\\workbench\\contrib\\terminal\\browser\\media\\shellIntegration.ps1\" } catch {}\n\tEngineVersion=\n\tRunspaceId=\n\tPipelineId=\n\tCommandName=\n\tCommandType=\n\tScriptName=\n\tCommandPath=\n\tCommandLine=","event":{"action":"Provider Lifecycle","kind":"event","provider":"PowerShell","created":"2024-11-14T08:14:39.989Z","code":"600"},"host":{"mac":["00-FF-14-66-C1-B3","0A-00-27-00-00-12","80-B6-55-54-6C-4E","80-B6-55-54-6C-4F","80-B6-55-54-6C-52","82-B6-55-54-6C-4E","D8-BB-C1-74-1C-24"],"name":"msi","hostname":"msi","architecture":"x86_64","os":{"platform":"windows","family":"windows","version":"10.0","name":"Windows 11 Home Single Language","build":"22631.4460","kernel":"10.0.22621.4455 (WinBuild.160101.0800)","type":"windows"},"ip":["169.254.5.113","192.168.56.1","169.254.27.160","169.254.242.69","169.254.117.31","192.168.207.153","169.254.135.196"],"id":"9ed805a2-1686-4d05-b328-395a2152cd70"},"log":{"level":"information"},"@timestamp":"2023-01-18T06:31:35.221Z","winlog":{"opcode":"Info","event_data":{"param1":"Alias","param2":"Started","param3":"\tProviderName=Alias\n\tNewProviderState=Started\n\n\tSequenceNumber=3\n\n\tHostName=ConsoleHost\n\tHostVersion=5.1.22621.963\n\tHostId=1fa9bdd6-e4bd-49e9-beac-c4a0d6019b75\n\tHostApplication=C:\\WINDOWS\\System32\\WindowsPowerShell\\v1.0\\powershell.exe -noexit -command try { . \"c:\\Users\\vaibk\\AppData\\Local\\Programs\\Microsoft VS Code\\resources\\app\\out\\vs\\workbench\\contrib\\terminal\\browser\\media\\shellIntegration.ps1\" } catch {}\n\tEngineVersion=\n\tRunspaceId=\n\tPipelineId=\n\tCommandName=\n\tCommandType=\n\tScriptName=\n\tCommandPath=\n\tCommandLine="},"process":{"pid":13548},"task":"Provider Lifecycle","provider_name":"PowerShell","api":"wineventlog","channel":"Windows PowerShell","event_id":"600","record_id":2809,"computer_name":"MSI","keywords":["Classic"]},"agent":{"ephemeral_id":"28ff186b-bd6d-470f-a1b6-1c7ccc3dfe26","id":"ad84ffee-22d0-464b-81dd-06b1181ecd47","name":"MSI","type":"winlogbeat","version":"8.15.2"}}},{"_index":"winlogbeat-2023.01.18","_type":"_doc","_id":"8pm9KZMBylAKiVITao7a","_score":1.0,"_source":{"@version":"1","tags":["beats_input_codec_plain_applied"],"ecs":{"version":"8.0.0"},"message":"Provider \"Environment\" is Started. \n\nDetails: \n\tProviderName=Environment\n\tNewProviderState=Started\n\n\tSequenceNumber=5\n\n\tHostName=ConsoleHost\n\tHostVersion=5.1.22621.963\n\tHostId=1fa9bdd6-e4bd-49e9-beac-c4a0d6019b75\n\tHostApplication=C:\\WINDOWS\\System32\\WindowsPowerShell\\v1.0\\powershell.exe -noexit -command try { . \"c:\\Users\\vaibk\\AppData\\Local\\Programs\\Microsoft VS Code\\resources\\app\\out\\vs\\workbench\\contrib\\terminal\\browser\\media\\shellIntegration.ps1\" } catch {}\n\tEngineVersion=\n\tRunspaceId=\n\tPipelineId=\n\tCommandName=\n\tCommandType=\n\tScriptName=\n\tCommandPath=\n\tCommandLine=","event":{"action":"Provider Lifecycle","kind":"event","provider":"PowerShell","created":"2024-11-14T08:14:39.989Z","code":"600"},"log":{"level":"information"},"host":{"mac":["00-FF-14-66-C1-B3","0A-00-27-00-00-12","80-B6-55-54-6C-4E","80-B6-55-54-6C-4F","80-B6-55-54-6C-52","82-B6-55-54-6C-4E","D8-BB-C1-74-1C-24"],"name":"msi","hostname":"msi","ip":["169.254.5.113","192.168.56.1","169.254.27.160","169.254.242.69","169.254.117.31","192.168.207.153","169.254.135.196"],"architecture":"x86_64","os":{"platform":"windows","family":"windows","version":"10.0","name":"Windows 11 Home Single Language","build":"22631.4460","kernel":"10.0.22621.4455 (WinBuild.160101.0800)","type":"windows"},"id":"9ed805a2-1686-4d05-b328-395a2152cd70"},"@timestamp":"2023-01-18T06:31:35.221Z","winlog":{"opcode":"Info","event_data":{"param1":"Environment","param2":"Started","param3":"\tProviderName=Environment\n\tNewProviderState=Started\n\n\tSequenceNumber=5\n\n\tHostName=ConsoleHost\n\tHostVersion=5.1.22621.963\n\tHostId=1fa9bdd6-e4bd-49e9-beac-c4a0d6019b75\n\tHostApplication=C:\\WINDOWS\\System32\\WindowsPowerShell\\v1.0\\powershell.exe -noexit -command try { . \"c:\\Users\\vaibk\\AppData\\Local\\Programs\\Microsoft VS Code\\resources\\app\\out\\vs\\workbench\\contrib\\terminal\\browser\\media\\shellIntegration.ps1\" } catch {}\n\tEngineVersion=\n\tRunspaceId=\n\tPipelineId=\n\tCommandName=\n\tCommandType=\n\tScriptName=\n\tCommandPath=\n\tCommandLine="},"process":{"pid":13548},"task":"Provider Lifecycle","api":"wineventlog","channel":"Windows PowerShell","provider_name":"PowerShell","event_id":"600","record_id":2810,"computer_name":"MSI","keywords":["Classic"]},"agent":{"ephemeral_id":"28ff186b-bd6d-470f-a1b6-1c7ccc3dfe26","id":"ad84ffee-22d0-464b-81dd-06b1181ecd47","name":"MSI","type":"winlogbeat","version":"8.15.2"}}},{"_index":"winlogbeat-2023.01.18","_type":"_doc","_id":"85m9KZMBylAKiVITao7a","_score":1.0,"_source":{"@version":"1","tags":["beats_input_codec_plain_applied"],"ecs":{"version":"8.0.0"},"message":"Provider \"FileSystem\" is Started. \n\nDetails: \n\tProviderName=FileSystem\n\tNewProviderState=Started\n\n\tSequenceNumber=7\n\n\tHostName=ConsoleHost\n\tHostVersion=5.1.22621.963\n\tHostId=1fa9bdd6-e4bd-49e9-beac-c4a0d6019b75\n\tHostApplication=C:\\WINDOWS\\System32\\WindowsPowerShell\\v1.0\\powershell.exe -noexit -command try { . \"c:\\Users\\vaibk\\AppData\\Local\\Programs\\Microsoft VS Code\\resources\\app\\out\\vs\\workbench\\contrib\\terminal\\browser\\media\\shellIntegration.ps1\" } catch {}\n\tEngineVersion=\n\tRunspaceId=\n\tPipelineId=\n\tCommandName=\n\tCommandType=\n\tScriptName=\n\tCommandPath=\n\tCommandLine=","event":{"action":"Provider Lifecycle","kind":"event","provider":"PowerShell","created":"2024-11-14T08:14:39.989Z","code":"600"},"log":{"level":"information"},"host":{"mac":["00-FF-14-66-C1-B3","0A-00-27-00-00-12","80-B6-55-54-6C-4E","80-B6-55-54-6C-4F","80-B6-55-54-6C-52","82-B6-55-54-6C-4E","D8-BB-C1-74-1C-24"],"name":"msi","hostname":"msi","architecture":"x86_64","os":{"platform":"windows","family":"windows","version":"10.0","name":"Windows 11 Home Single Language","build":"22631.4460","kernel":"10.0.22621.4455 (WinBuild.160101.0800)","type":"windows"},"ip":["169.254.5.113","192.168.56.1","169.254.27.160","169.254.242.69","169.254.117.31","192.168.207.153","169.254.135.196"],"id":"9ed805a2-1686-4d05-b328-395a2152cd70"},"@timestamp":"2023-01-18T06:31:35.221Z","winlog":{"opcode":"Info","event_data":{"param1":"FileSystem","param2":"Started","param3":"\tProviderName=FileSystem\n\tNewProviderState=Started\n\n\tSequenceNumber=7\n\n\tHostName=ConsoleHost\n\tHostVersion=5.1.22621.963\n\tHostId=1fa9bdd6-e4bd-49e9-beac-c4a0d6019b75\n\tHostApplication=C:\\WINDOWS\\System32\\WindowsPowerShell\\v1.0\\powershell.exe -noexit -command try { . \"c:\\Users\\vaibk\\AppData\\Local\\Programs\\Microsoft VS Code\\resources\\app\\out\\vs\\workbench\\contrib\\terminal\\browser\\media\\shellIntegration.ps1\" } catch {}\n\tEngineVersion=\n\tRunspaceId=\n\tPipelineId=\n\tCommandName=\n\tCommandType=\n\tScriptName=\n\tCommandPath=\n\tCommandLine="},"process":{"pid":13548},"task":"Provider Lifecycle","api":"wineventlog","channel":"Windows PowerShell","provider_name":"PowerShell","event_id":"600","record_id":2811,"keywords":["Classic"],"computer_name":"MSI"},"agent":{"ephemeral_id":"28ff186b-bd6d-470f-a1b6-1c7ccc3dfe26","id":"ad84ffee-22d0-464b-81dd-06b1181ecd47","name":"MSI","type":"winlogbeat","version":"8.15.2"}}},{"_index":"winlogbeat-2023.01.18","_type":"_doc","_id":"9Jm9KZMBylAKiVITao7a","_score":1.0,"_source":{"@version":"1","tags":["beats_input_codec_plain_applied"],"ecs":{"version":"8.0.0"},"message":"Provider \"Function\" is Started. \n\nDetails: \n\tProviderName=Function\n\tNewProviderState=Started\n\n\tSequenceNumber=9\n\n\tHostName=ConsoleHost\n\tHostVersion=5.1.22621.963\n\tHostId=1fa9bdd6-e4bd-49e9-beac-c4a0d6019b75\n\tHostApplication=C:\\WINDOWS\\System32\\WindowsPowerShell\\v1.0\\powershell.exe -noexit -command try { . \"c:\\Users\\vaibk\\AppData\\Local\\Programs\\Microsoft VS Code\\resources\\app\\out\\vs\\workbench\\contrib\\terminal\\browser\\media\\shellIntegration.ps1\" } catch {}\n\tEngineVersion=\n\tRunspaceId=\n\tPipelineId=\n\tCommandName=\n\tCommandType=\n\tScriptName=\n\tCommandPath=\n\tCommandLine=","event":{"action":"Provider Lifecycle","kind":"event","provider":"PowerShell","created":"2024-11-14T08:14:39.989Z","code":"600"},"log":{"level":"information"},"host":{"mac":["00-FF-14-66-C1-B3","0A-00-27-00-00-12","80-B6-55-54-6C-4E","80-B6-55-54-6C-4F","80-B6-55-54-6C-52","82-B6-55-54-6C-4E","D8-BB-C1-74-1C-24"],"name":"msi","hostname":"msi","ip":["169.254.5.113","192.168.56.1","169.254.27.160","169.254.242.69","169.254.117.31","192.168.207.153","169.254.135.196"],"os":{"platform":"windows","name":"Windows 11 Home Single Language","version":"10.0","family":"windows","build":"22631.4460","kernel":"10.0.22621.4455 (WinBuild.160101.0800)","type":"windows"},"architecture":"x86_64","id":"9ed805a2-1686-4d05-b328-395a2152cd70"},"@timestamp":"2023-01-18T06:31:35.222Z","winlog":{"opcode":"Info","event_data":{"param1":"Function","param2":"Started","param3":"\tProviderName=Function\n\tNewProviderState=Started\n\n\tSequenceNumber=9\n\n\tHostName=ConsoleHost\n\tHostVersion=5.1.22621.963\n\tHostId=1fa9bdd6-e4bd-49e9-beac-c4a0d6019b75\n\tHostApplication=C:\\WINDOWS\\System32\\WindowsPowerShell\\v1.0\\powershell.exe -noexit -command try { . \"c:\\Users\\vaibk\\AppData\\Local\\Programs\\Microsoft VS Code\\resources\\app\\out\\vs\\workbench\\contrib\\terminal\\browser\\media\\shellIntegration.ps1\" } catch {}\n\tEngineVersion=\n\tRunspaceId=\n\tPipelineId=\n\tCommandName=\n\tCommandType=\n\tScriptName=\n\tCommandPath=\n\tCommandLine="},"process":{"pid":13548},"task":"Provider Lifecycle","api":"wineventlog","channel":"Windows PowerShell","provider_name":"PowerShell","event_id":"600","record_id":2812,"keywords":["Classic"],"computer_name":"MSI"},"agent":{"ephemeral_id":"28ff186b-bd6d-470f-a1b6-1c7ccc3dfe26","id":"ad84ffee-22d0-464b-81dd-06b1181ecd47","name":"MSI","version":"8.15.2","type":"winlogbeat"}}},{"_index":"winlogbeat-2023.01.18","_type":"_doc","_id":"9Zm9KZMBylAKiVITao7a","_score":1.0,"_source":{"@version":"1","tags":["beats_input_codec_plain_applied"],"ecs":{"version":"8.0.0"},"message":"Provider \"Variable\" is Started. \n\nDetails: \n\tProviderName=Variable\n\tNewProviderState=Started\n\n\tSequenceNumber=11\n\n\tHostName=ConsoleHost\n\tHostVersion=5.1.22621.963\n\tHostId=1fa9bdd6-e4bd-49e9-beac-c4a0d6019b75\n\tHostApplication=C:\\WINDOWS\\System32\\WindowsPowerShell\\v1.0\\powershell.exe -noexit -command try { . \"c:\\Users\\vaibk\\AppData\\Local\\Programs\\Microsoft VS Code\\resources\\app\\out\\vs\\workbench\\contrib\\terminal\\browser\\media\\shellIntegration.ps1\" } catch {}\n\tEngineVersion=\n\tRunspaceId=\n\tPipelineId=\n\tCommandName=\n\tCommandType=\n\tScriptName=\n\tCommandPath=\n\tCommandLine=","event":{"action":"Provider Lifecycle","kind":"event","provider":"PowerShell","created":"2024-11-14T08:14:39.989Z","code":"600"},"log":{"level":"information"},"host":{"mac":["00-FF-14-66-C1-B3","0A-00-27-00-00-12","80-B6-55-54-6C-4E","80-B6-55-54-6C-4F","80-B6-55-54-6C-52","82-B6-55-54-6C-4E","D8-BB-C1-74-1C-24"],"name":"msi","hostname":"msi","ip":["169.254.5.113","192.168.56.1","169.254.27.160","169.254.242.69","169.254.117.31","192.168.207.153","169.254.135.196"],"architecture":"x86_64","os":{"platform":"windows","family":"windows","name":"Windows 11 Home Single Language","version":"10.0","build":"22631.4460","kernel":"10.0.22621.4455 (WinBuild.160101.0800)","type":"windows"},"id":"9ed805a2-1686-4d05-b328-395a2152cd70"},"@timestamp":"2023-01-18T06:31:35.222Z","winlog":{"opcode":"Info","event_data":{"param1":"Variable","param2":"Started","param3":"\tProviderName=Variable\n\tNewProviderState=Started\n\n\tSequenceNumber=11\n\n\tHostName=ConsoleHost\n\tHostVersion=5.1.22621.963\n\tHostId=1fa9bdd6-e4bd-49e9-beac-c4a0d6019b75\n\tHostApplication=C:\\WINDOWS\\System32\\WindowsPowerShell\\v1.0\\powershell.exe -noexit -command try { . \"c:\\Users\\vaibk\\AppData\\Local\\Programs\\Microsoft VS Code\\resources\\app\\out\\vs\\workbench\\contrib\\terminal\\browser\\media\\shellIntegration.ps1\" } catch {}\n\tEngineVersion=\n\tRunspaceId=\n\tPipelineId=\n\tCommandName=\n\tCommandType=\n\tScriptName=\n\tCommandPath=\n\tCommandLine="},"process":{"pid":13548},"task":"Provider Lifecycle","api":"wineventlog","provider_name":"PowerShell","channel":"Windows PowerShell","event_id":"600","record_id":2813,"keywords":["Classic"],"computer_name":"MSI"},"agent":{"ephemeral_id":"28ff186b-bd6d-470f-a1b6-1c7ccc3dfe26","id":"ad84ffee-22d0-464b-81dd-06b1181ecd47","name":"MSI","type":"winlogbeat","version":"8.15.2"}}},{"_index":"winlogbeat-2023.01.18","_type":"_doc","_id":"9pm9KZMBylAKiVITao7a","_score":1.0,"_source":{"@version":"1","tags":["beats_input_codec_plain_applied"],"ecs":{"version":"8.0.0"},"message":"Engine state is changed from None to Available. \n\nDetails: \n\tNewEngineState=Available\n\tPreviousEngineState=None\n\n\tSequenceNumber=13\n\n\tHostName=ConsoleHost\n\tHostVersion=5.1.22621.963\n\tHostId=1fa9bdd6-e4bd-49e9-beac-c4a0d6019b75\n\tHostApplication=C:\\WINDOWS\\System32\\WindowsPowerShell\\v1.0\\powershell.exe -noexit -command try { . \"c:\\Users\\vaibk\\AppData\\Local\\Programs\\Microsoft VS Code\\resources\\app\\out\\vs\\workbench\\contrib\\terminal\\browser\\media\\shellIntegration.ps1\" } catch {}\n\tEngineVersion=5.1.22621.963\n\tRunspaceId=81afe16a-96f4-44d4-af8a-318abffb1487\n\tPipelineId=\n\tCommandName=\n\tCommandType=\n\tScriptName=\n\tCommandPath=\n\tCommandLine=","event":{"action":"Engine Lifecycle","kind":"event","provider":"PowerShell","created":"2024-11-14T08:14:39.989Z","code":"400"},"log":{"level":"information"},"host":{"mac":["00-FF-14-66-C1-B3","0A-00-27-00-00-12","80-B6-55-54-6C-4E","80-B6-55-54-6C-4F","80-B6-55-54-6C-52","82-B6-55-54-6C-4E","D8-BB-C1-74-1C-24"],"name":"msi","hostname":"msi","architecture":"x86_64","os":{"platform":"windows","family":"windows","version":"10.0","name":"Windows 11 Home Single Language","build":"22631.4460","kernel":"10.0.22621.4455 (WinBuild.160101.0800)","type":"windows"},"ip":["169.254.5.113","192.168.56.1","169.254.27.160","169.254.242.69","169.254.117.31","192.168.207.153","169.254.135.196"],"id":"9ed805a2-1686-4d05-b328-395a2152cd70"},"@timestamp":"2023-01-18T06:31:35.226Z","winlog":{"opcode":"Info","event_data":{"param1":"Available","param2":"None","param3":"\tNewEngineState=Available\n\tPreviousEngineState=None\n\n\tSequenceNumber=13\n\n\tHostName=ConsoleHost\n\tHostVersion=5.1.22621.963\n\tHostId=1fa9bdd6-e4bd-49e9-beac-c4a0d6019b75\n\tHostApplication=C:\\WINDOWS\\System32\\WindowsPowerShell\\v1.0\\powershell.exe -noexit -command try { . \"c:\\Users\\vaibk\\AppData\\Local\\Programs\\Microsoft VS Code\\resources\\app\\out\\vs\\workbench\\contrib\\terminal\\browser\\media\\shellIntegration.ps1\" } catch {}\n\tEngineVersion=5.1.22621.963\n\tRunspaceId=81afe16a-96f4-44d4-af8a-318abffb1487\n\tPipelineId=\n\tCommandName=\n\tCommandType=\n\tScriptName=\n\tCommandPath=\n\tCommandLine="},"process":{"pid":13548},"task":"Engine Lifecycle","api":"wineventlog","channel":"Windows PowerShell","provider_name":"PowerShell","event_id":"400","record_id":2814,"computer_name":"MSI","keywords":["Classic"]},"agent":{"ephemeral_id":"28ff186b-bd6d-470f-a1b6-1c7ccc3dfe26","id":"ad84ffee-22d0-464b-81dd-06b1181ecd47","name":"MSI","type":"winlogbeat","version":"8.15.2"}}},