{"_index":"winlogbeat-2022.12.358","_type":"_doc","_id":"F5m9KZMBylAKiVITMIp3","_score":1.0,"_source":{"@version":"1","tags":["beats_input_codec_plain_applied"],"ecs":{"version":"8.0.0"},"message":"Provider \"Environment\" is Started. \n\nDetails: \n\tProviderName=Environment\n\tNewProviderState=Started\n\n\tSequenceNumber=5\n\n\tHostName=ConsoleHost\n\tHostVersion=5.1.22621.608\n\tHostId=cdc38212-fb99-47c1-824e-69a692af6e11\n\tHostApplication=powershell.exe -ExecutionPolicy Restricted -Command Write-Host 'Final result: 1';\n\tEngineVersion=\n\tRunspaceId=\n\tPipelineId=\n\tCommandName=\n\tCommandType=\n\tScriptName=\n\tCommandPath=\n\tCommandLine=","event":{"action":"Provider Lifecycle","kind":"event","provider":"PowerShell","created":"2024-11-14T08:14:39.271Z","code":"600"},"host":{"mac":["00-FF-14-66-C1-B3","0A-00-27-00-00-12","80-B6-55-54-6C-4E","80-B6-55-54-6C-4F","80-B6-55-54-6C-52","82-B6-55-54-6C-4E","D8-BB-C1-74-1C-24"],"name":"msi","hostname":"msi","architecture":"x86_64","os":{"platform":"windows","family":"windows","version":"10.0","name":"Windows 11 Home Single Language","build":"22631.4460","kernel":"10.0.22621.4455 (WinBuild.160101.0800)","type":"windows"},"ip":["169.254.5.113","192.168.56.1","169.254.27.160","169.254.242.69","169.254.117.31","192.168.207.153","169.254.135.196"],"id":"9ed805a2-1686-4d05-b328-395a2152cd70"},"log":{"level":"information"},"@timestamp":"2022-12-24T06:55:49.386Z","winlog":{"opcode":"Info","event_data":{"param1":"Environment","param2":"Started","param3":"\tProviderName=Environment\n\tNewProviderState=Started\n\n\tSequenceNumber=5\n\n\tHostName=ConsoleHost\n\tHostVersion=5.1.22621.608\n\tHostId=cdc38212-fb99-47c1-824e-69a692af6e11\n\tHostApplication=powershell.exe -ExecutionPolicy Restricted -Command Write-Host 'Final result: 1';\n\tEngineVersion=\n\tRunspaceId=\n\tPipelineId=\n\tCommandName=\n\tCommandType=\n\tScriptName=\n\tCommandPath=\n\tCommandLine="},"process":{"pid":16300},"task":"Provider Lifecycle","api":"wineventlog","provider_name":"PowerShell","channel":"Windows PowerShell","event_id":"600","record_id":2467,"keywords":["Classic"],"computer_name":"MSI"},"agent":{"ephemeral_id":"28ff186b-bd6d-470f-a1b6-1c7ccc3dfe26","id":"ad84ffee-22d0-464b-81dd-06b1181ecd47","name":"MSI","type":"winlogbeat","version":"8.15.2"}}},{"_index":"winlogbeat-2022.12.358","_type":"_doc","_id":"Gpm9KZMBylAKiVITMIp3","_score":1.0,"_source":{"@version":"1","tags":["beats_input_codec_plain_applied"],"ecs":{"version":"8.0.0"},"message":"Provider \"Function\" is Started. \n\nDetails: \n\tProviderName=Function\n\tNewProviderState=Started\n\n\tSequenceNumber=9\n\n\tHostName=ConsoleHost\n\tHostVersion=5.1.22621.608\n\tHostId=cdc38212-fb99-47c1-824e-69a692af6e11\n\tHostApplication=powershell.exe -ExecutionPolicy Restricted -Command Write-Host 'Final result: 1';\n\tEngineVersion=\n\tRunspaceId=\n\tPipelineId=\n\tCommandName=\n\tCommandType=\n\tScriptName=\n\tCommandPath=\n\tCommandLine=","event":{"action":"Provider Lifecycle","kind":"event","provider":"PowerShell","created":"2024-11-14T08:14:39.271Z","code":"600"},"log":{"level":"information"},"host":{"mac":["00-FF-14-66-C1-B3","0A-00-27-00-00-12","80-B6-55-54-6C-4E","80-B6-55-54-6C-4F","80-B6-55-54-6C-52","82-B6-55-54-6C-4E","D8-BB-C1-74-1C-24"],"name":"msi","hostname":"msi","ip":["169.254.5.113","192.168.56.1","169.254.27.160","169.254.242.69","169.254.117.31","192.168.207.153","169.254.135.196"],"architecture":"x86_64","os":{"platform":"windows","family":"windows","version":"10.0","name":"Windows 11 Home Single Language","build":"22631.4460","kernel":"10.0.22621.4455 (WinBuild.160101.0800)","type":"windows"},"id":"9ed805a2-1686-4d05-b328-395a2152cd70"},"@timestamp":"2022-12-24T06:55:49.387Z","winlog":{"opcode":"Info","event_data":{"param1":"Function","param2":"Started","param3":"\tProviderName=Function\n\tNewProviderState=Started\n\n\tSequenceNumber=9\n\n\tHostName=ConsoleHost\n\tHostVersion=5.1.22621.608\n\tHostId=cdc38212-fb99-47c1-824e-69a692af6e11\n\tHostApplication=powershell.exe -ExecutionPolicy Restricted -Command Write-Host 'Final result: 1';\n\tEngineVersion=\n\tRunspaceId=\n\tPipelineId=\n\tCommandName=\n\tCommandType=\n\tScriptName=\n\tCommandPath=\n\tCommandLine="},"process":{"pid":16300},"task":"Provider Lifecycle","provider_name":"PowerShell","api":"wineventlog","channel":"Windows PowerShell","event_id":"600","record_id":2469,"computer_name":"MSI","keywords":["Classic"]},"agent":{"ephemeral_id":"28ff186b-bd6d-470f-a1b6-1c7ccc3dfe26","id":"ad84ffee-22d0-464b-81dd-06b1181ecd47","name":"MSI","type":"winlogbeat","version":"8.15.2"}}},{"_index":"winlogbeat-2022.12.358","_type":"_doc","_id":"G5m9KZMBylAKiVITMIp3","_score":1.0,"_source":{"@version":"1","tags":["beats_input_codec_plain_applied"],"ecs":{"version":"8.0.0"},"message":"Provider \"Variable\" is Started. \n\nDetails: \n\tProviderName=Variable\n\tNewProviderState=Started\n\n\tSequenceNumber=11\n\n\tHostName=ConsoleHost\n\tHostVersion=5.1.22621.608\n\tHostId=cdc38212-fb99-47c1-824e-69a692af6e11\n\tHostApplication=powershell.exe -ExecutionPolicy Restricted -Command Write-Host 'Final result: 1';\n\tEngineVersion=\n\tRunspaceId=\n\tPipelineId=\n\tCommandName=\n\tCommandType=\n\tScriptName=\n\tCommandPath=\n\tCommandLine=","event":{"action":"Provider Lifecycle","kind":"event","provider":"PowerShell","created":"2024-11-14T08:14:39.271Z","code":"600"},"log":{"level":"information"},"host":{"mac":["00-FF-14-66-C1-B3","0A-00-27-00-00-12","80-B6-55-54-6C-4E","80-B6-55-54-6C-4F","80-B6-55-54-6C-52","82-B6-55-54-6C-4E","D8-BB-C1-74-1C-24"],"name":"msi","hostname":"msi","architecture":"x86_64","os":{"platform":"windows","family":"windows","version":"10.0","name":"Windows 11 Home Single Language","build":"22631.4460","kernel":"10.0.22621.4455 (WinBuild.160101.0800)","type":"windows"},"ip":["169.254.5.113","192.168.56.1","169.254.27.160","169.254.242.69","169.254.117.31","192.168.207.153","169.254.135.196"],"id":"9ed805a2-1686-4d05-b328-395a2152cd70"},"@timestamp":"2022-12-24T06:55:49.387Z","winlog":{"opcode":"Info","event_data":{"param1":"Variable","param2":"Started","param3":"\tProviderName=Variable\n\tNewProviderState=Started\n\n\tSequenceNumber=11\n\n\tHostName=ConsoleHost\n\tHostVersion=5.1.22621.608\n\tHostId=cdc38212-fb99-47c1-824e-69a692af6e11\n\tHostApplication=powershell.exe -ExecutionPolicy Restricted -Command Write-Host 'Final result: 1';\n\tEngineVersion=\n\tRunspaceId=\n\tPipelineId=\n\tCommandName=\n\tCommandType=\n\tScriptName=\n\tCommandPath=\n\tCommandLine="},"process":{"pid":16300},"task":"Provider Lifecycle","api":"wineventlog","channel":"Windows PowerShell","provider_name":"PowerShell","event_id":"600","record_id":2470,"computer_name":"MSI","keywords":["Classic"]},"agent":{"ephemeral_id":"28ff186b-bd6d-470f-a1b6-1c7ccc3dfe26","id":"ad84ffee-22d0-464b-81dd-06b1181ecd47","name":"MSI","type":"winlogbeat","version":"8.15.2"}}},{"_index":"winlogbeat-2022.12.358","_type":"_doc","_id":"HZm9KZMBylAKiVITMIp3","_score":1.0,"_source":{"@version":"1","tags":["beats_input_codec_plain_applied"],"ecs":{"version":"8.0.0"},"message":"Engine state is changed from Available to Stopped. \n\nDetails: \n\tNewEngineState=Stopped\n\tPreviousEngineState=Available\n\n\tSequenceNumber=15\n\n\tHostName=ConsoleHost\n\tHostVersion=5.1.22621.608\n\tHostId=cdc38212-fb99-47c1-824e-69a692af6e11\n\tHostApplication=powershell.exe -ExecutionPolicy Restricted -Command Write-Host 'Final result: 1';\n\tEngineVersion=5.1.22621.608\n\tRunspaceId=a14710a1-d32d-4c3f-bb6f-226bf040cf20\n\tPipelineId=\n\tCommandName=\n\tCommandType=\n\tScriptName=\n\tCommandPath=\n\tCommandLine=","event":{"action":"Engine Lifecycle","kind":"event","provider":"PowerShell","created":"2024-11-14T08:14:39.271Z","code":"403"},"host":{"mac":["00-FF-14-66-C1-B3","0A-00-27-00-00-12","80-B6-55-54-6C-4E","80-B6-55-54-6C-4F","80-B6-55-54-6C-52","82-B6-55-54-6C-4E","D8-BB-C1-74-1C-24"],"name":"msi","hostname":"msi","architecture":"x86_64","os":{"platform":"windows","family":"windows","version":"10.0","name":"Windows 11 Home Single Language","build":"22631.4460","kernel":"10.0.22621.4455 (WinBuild.160101.0800)","type":"windows"},"ip":["169.254.5.113","192.168.56.1","169.254.27.160","169.254.242.69","169.254.117.31","192.168.207.153","169.254.135.196"],"id":"9ed805a2-1686-4d05-b328-395a2152cd70"},"log":{"level":"information"},"@timestamp":"2022-12-24T06:55:50.083Z","winlog":{"opcode":"Info","event_data":{"param1":"Stopped","param2":"Available","param3":"\tNewEngineState=Stopped\n\tPreviousEngineState=Available\n\n\tSequenceNumber=15\n\n\tHostName=ConsoleHost\n\tHostVersion=5.1.22621.608\n\tHostId=cdc38212-fb99-47c1-824e-69a692af6e11\n\tHostApplication=powershell.exe -ExecutionPolicy Restricted -Command Write-Host 'Final result: 1';\n\tEngineVersion=5.1.22621.608\n\tRunspaceId=a14710a1-d32d-4c3f-bb6f-226bf040cf20\n\tPipelineId=\n\tCommandName=\n\tCommandType=\n\tScriptName=\n\tCommandPath=\n\tCommandLine="},"process":{"pid":16300},"task":"Engine Lifecycle","provider_name":"PowerShell","api":"wineventlog","channel":"Windows PowerShell","event_id":"403","record_id":2472,"keywords":["Classic"],"computer_name":"MSI"},"agent":{"ephemeral_id":"28ff186b-bd6d-470f-a1b6-1c7ccc3dfe26","id":"ad84ffee-22d0-464b-81dd-06b1181ecd47","name":"MSI","type":"winlogbeat","version":"8.15.2"}}},{"_index":"winlogbeat-2022.12.358","_type":"_doc","_id":"k5m9KZMBylAKiVITOIrI","_score":1.0,"_source":{"@version":"1","tags":["beats_input_codec_plain_applied"],"ecs":{"version":"8.0.0"},"message":"Provider \"Registry\" is Started. \n\nDetails: \n\tProviderName=Registry\n\tNewProviderState=Started\n\n\tSequenceNumber=1\n\n\tHostName=ConsoleHost\n\tHostVersion=5.1.22621.608\n\tHostId=cdc38212-fb99-47c1-824e-69a692af6e11\n\tHostApplication=powershell.exe -ExecutionPolicy Restricted -Command Write-Host 'Final result: 1';\n\tEngineVersion=\n\tRunspaceId=\n\tPipelineId=\n\tCommandName=\n\tCommandType=\n\tScriptName=\n\tCommandPath=\n\tCommandLine=","event":{"action":"Provider Lifecycle","kind":"event","provider":"PowerShell","created":"2024-11-14T08:14:39.271Z","code":"600"},"log":{"level":"information"},"host":{"mac":["00-FF-14-66-C1-B3","0A-00-27-00-00-12","80-B6-55-54-6C-4E","80-B6-55-54-6C-4F","80-B6-55-54-6C-52","82-B6-55-54-6C-4E","D8-BB-C1-74-1C-24"],"name":"msi","hostname":"msi","ip":["169.254.5.113","192.168.56.1","169.254.27.160","169.254.242.69","169.254.117.31","192.168.207.153","169.254.135.196"],"architecture":"x86_64","os":{"platform":"windows","family":"windows","version":"10.0","name":"Windows 11 Home Single Language","build":"22631.4460","kernel":"10.0.22621.4455 (WinBuild.160101.0800)","type":"windows"},"id":"9ed805a2-1686-4d05-b328-395a2152cd70"},"@timestamp":"2022-12-24T06:55:49.384Z","winlog":{"opcode":"Info","event_data":{"param1":"Registry","param2":"Started","param3":"\tProviderName=Registry\n\tNewProviderState=Started\n\n\tSequenceNumber=1\n\n\tHostName=ConsoleHost\n\tHostVersion=5.1.22621.608\n\tHostId=cdc38212-fb99-47c1-824e-69a692af6e11\n\tHostApplication=powershell.exe -ExecutionPolicy Restricted -Command Write-Host 'Final result: 1';\n\tEngineVersion=\n\tRunspaceId=\n\tPipelineId=\n\tCommandName=\n\tCommandType=\n\tScriptName=\n\tCommandPath=\n\tCommandLine="},"process":{"pid":16300},"task":"Provider Lifecycle","channel":"Windows PowerShell","provider_name":"PowerShell","api":"wineventlog","event_id":"600","record_id":2465,"keywords":["Classic"],"computer_name":"MSI"},"agent":{"ephemeral_id":"28ff186b-bd6d-470f-a1b6-1c7ccc3dfe26","id":"ad84ffee-22d0-464b-81dd-06b1181ecd47","name":"MSI","type":"winlogbeat","version":"8.15.2"}}},{"_index":"winlogbeat-2022.12.358","_type":"_doc","_id":"FZm9KZMBylAKiVITTIu0","_score":1.0,"_source":{"@version":"1","tags":["beats_input_codec_plain_applied"],"ecs":{"version":"8.0.0"},"message":"Engine state is changed from None to Available. \n\nDetails: \n\tNewEngineState=Available\n\tPreviousEngineState=None\n\n\tSequenceNumber=13\n\n\tHostName=ConsoleHost\n\tHostVersion=5.1.22621.608\n\tHostId=cdc38212-fb99-47c1-824e-69a692af6e11\n\tHostApplication=powershell.exe -ExecutionPolicy Restricted -Command Write-Host 'Final result: 1';\n\tEngineVersion=5.1.22621.608\n\tRunspaceId=a14710a1-d32d-4c3f-bb6f-226bf040cf20\n\tPipelineId=\n\tCommandName=\n\tCommandType=\n\tScriptName=\n\tCommandPath=\n\tCommandLine=","event":{"action":"Engine Lifecycle","kind":"event","provider":"PowerShell","created":"2024-11-14T08:14:39.271Z","code":"400"},"log":{"level":"information"},"host":{"mac":["00-FF-14-66-C1-B3","0A-00-27-00-00-12","80-B6-55-54-6C-4E","80-B6-55-54-6C-4F","80-B6-55-54-6C-52","82-B6-55-54-6C-4E","D8-BB-C1-74-1C-24"],"name":"msi","hostname":"msi","ip":["169.254.5.113","192.168.56.1","169.254.27.160","169.254.242.69","169.254.117.31","192.168.207.153","169.254.135.196"],"architecture":"x86_64","os":{"platform":"windows","family":"windows","version":"10.0","name":"Windows 11 Home Single Language","build":"22631.4460","kernel":"10.0.22621.4455 (WinBuild.160101.0800)","type":"windows"},"id":"9ed805a2-1686-4d05-b328-395a2152cd70"},"@timestamp":"2022-12-24T06:55:49.413Z","winlog":{"opcode":"Info","event_data":{"param1":"Available","param2":"None","param3":"\tNewEngineState=Available\n\tPreviousEngineState=None\n\n\tSequenceNumber=13\n\n\tHostName=ConsoleHost\n\tHostVersion=5.1.22621.608\n\tHostId=cdc38212-fb99-47c1-824e-69a692af6e11\n\tHostApplication=powershell.exe -ExecutionPolicy Restricted -Command Write-Host 'Final result: 1';\n\tEngineVersion=5.1.22621.608\n\tRunspaceId=a14710a1-d32d-4c3f-bb6f-226bf040cf20\n\tPipelineId=\n\tCommandName=\n\tCommandType=\n\tScriptName=\n\tCommandPath=\n\tCommandLine="},"process":{"pid":16300},"task":"Engine Lifecycle","api":"wineventlog","channel":"Windows PowerShell","provider_name":"PowerShell","event_id":"400","record_id":2471,"keywords":["Classic"],"computer_name":"MSI"},"agent":{"ephemeral_id":"28ff186b-bd6d-470f-a1b6-1c7ccc3dfe26","id":"ad84ffee-22d0-464b-81dd-06b1181ecd47","name":"MSI","type":"winlogbeat","version":"8.15.2"}}},{"_index":"winlogbeat-2022.12.358","_type":"_doc","_id":"9Zm9KZMBylAKiVIToJIo","_score":1.0,"_source":{"@version":"1","tags":["beats_input_codec_plain_applied"],"ecs":{"version":"8.0.0"},"message":"Provider \"Registry\" is Started. \n\nDetails: \n\tProviderName=Registry\n\tNewProviderState=Started\n\n\tSequenceNumber=1\n\n\tHostName=Default Host\n\tHostVersion=5.1.22621.608\n\tHostId=b65069a3-f4db-499f-8ae5-75956398c9ea\n\tHostApplication=C:\\Program Files\\WindowsApps\\9426MICRO-STARINTERNATION.MSICenter_1.0.65.0_x64__kzh8wxbdkxb8p\\DCv2\\DCv2.exe msi-mc:Startup\n\tEngineVersion=\n\tRunspaceId=\n\tPipelineId=\n\tCommandName=\n\tCommandType=\n\tScriptName=\n\tCommandPath=\n\tCommandLine=","event":{"action":"Provider Lifecycle","kind":"event","provider":"PowerShell","created":"2024-11-14T08:14:39.271Z","code":"600"},"host":{"mac":["00-FF-14-66-C1-B3","0A-00-27-00-00-12","80-B6-55-54-6C-4E","80-B6-55-54-6C-4F","80-B6-55-54-6C-52","82-B6-55-54-6C-4E","D8-BB-C1-74-1C-24"],"name":"msi","hostname":"msi","ip":["169.254.5.113","192.168.56.1","169.254.27.160","169.254.242.69","169.254.117.31","192.168.207.153","169.254.135.196"],"architecture":"x86_64","os":{"platform":"windows","family":"windows","name":"Windows 11 Home Single Language","version":"10.0","build":"22631.4460","kernel":"10.0.22621.4455 (WinBuild.160101.0800)","type":"windows"},"id":"9ed805a2-1686-4d05-b328-395a2152cd70"},"log":{"level":"information"},"@timestamp":"2022-12-24T14:03:13.598Z","winlog":{"opcode":"Info","event_data":{"param1":"Registry","param2":"Started","param3":"\tProviderName=Registry\n\tNewProviderState=Started\n\n\tSequenceNumber=1\n\n\tHostName=Default Host\n\tHostVersion=5.1.22621.608\n\tHostId=b65069a3-f4db-499f-8ae5-75956398c9ea\n\tHostApplication=C:\\Program Files\\WindowsApps\\9426MICRO-STARINTERNATION.MSICenter_1.0.65.0_x64__kzh8wxbdkxb8p\\DCv2\\DCv2.exe msi-mc:Startup\n\tEngineVersion=\n\tRunspaceId=\n\tPipelineId=\n\tCommandName=\n\tCommandType=\n\tScriptName=\n\tCommandPath=\n\tCommandLine="},"process":{"pid":32552},"task":"Provider Lifecycle","api":"wineventlog","channel":"Windows PowerShell","provider_name":"PowerShell","event_id":"600","record_id":2473,"computer_name":"MSI","keywords":["Classic"]},"agent":{"ephemeral_id":"28ff186b-bd6d-470f-a1b6-1c7ccc3dfe26","id":"ad84ffee-22d0-464b-81dd-06b1181ecd47","name":"MSI","type":"winlogbeat","version":"8.15.2"}}},{"_index":"winlogbeat-2022.12.358","_type":"_doc","_id":"-5m9KZMBylAKiVIToJIo","_score":1.0,"_source":{"@version":"1","tags":["beats_input_codec_plain_applied"],"ecs":{"version":"8.0.0"},"message":"Provider \"Alias\" is Started. \n\nDetails: \n\tProviderName=Alias\n\tNewProviderState=Started\n\n\tSequenceNumber=3\n\n\tHostName=Default Host\n\tHostVersion=5.1.22621.608\n\tHostId=b65069a3-f4db-499f-8ae5-75956398c9ea\n\tHostApplication=C:\\Program Files\\WindowsApps\\9426MICRO-STARINTERNATION.MSICenter_1.0.65.0_x64__kzh8wxbdkxb8p\\DCv2\\DCv2.exe msi-mc:Startup\n\tEngineVersion=\n\tRunspaceId=\n\tPipelineId=\n\tCommandName=\n\tCommandType=\n\tScriptName=\n\tCommandPath=\n\tCommandLine=","event":{"action":"Provider Lifecycle","kind":"event","provider":"PowerShell","created":"2024-11-14T08:14:39.271Z","code":"600"},"log":{"level":"information"},"host":{"mac":["00-FF-14-66-C1-B3","0A-00-27-00-00-12","80-B6-55-54-6C-4E","80-B6-55-54-6C-4F","80-B6-55-54-6C-52","82-B6-55-54-6C-4E","D8-BB-C1-74-1C-24"],"name":"msi","hostname":"msi","architecture":"x86_64","os":{"platform":"windows","family":"windows","version":"10.0","name":"Windows 11 Home Single Language","build":"22631.4460","kernel":"10.0.22621.4455 (WinBuild.160101.0800)","type":"windows"},"ip":["169.254.5.113","192.168.56.1","169.254.27.160","169.254.242.69","169.254.117.31","192.168.207.153","169.254.135.196"],"id":"9ed805a2-1686-4d05-b328-395a2152cd70"},"@timestamp":"2022-12-24T14:03:13.599Z","winlog":{"opcode":"Info","event_data":{"param1":"Alias","param2":"Started","param3":"\tProviderName=Alias\n\tNewProviderState=Started\n\n\tSequenceNumber=3\n\n\tHostName=Default Host\n\tHostVersion=5.1.22621.608\n\tHostId=b65069a3-f4db-499f-8ae5-75956398c9ea\n\tHostApplication=C:\\Program Files\\WindowsApps\\9426MICRO-STARINTERNATION.MSICenter_1.0.65.0_x64__kzh8wxbdkxb8p\\DCv2\\DCv2.exe msi-mc:Startup\n\tEngineVersion=\n\tRunspaceId=\n\tPipelineId=\n\tCommandName=\n\tCommandType=\n\tScriptName=\n\tCommandPath=\n\tCommandLine="},"process":{"pid":32552},"task":"Provider Lifecycle","api":"wineventlog","channel":"Windows PowerShell","provider_name":"PowerShell","event_id":"600","record_id":2474,"computer_name":"MSI","keywords":["Classic"]},"agent":{"ephemeral_id":"28ff186b-bd6d-470f-a1b6-1c7ccc3dfe26","id":"ad84ffee-22d0-464b-81dd-06b1181ecd47","name":"MSI","version":"8.15.2","type":"winlogbeat"}}},{"_index":"winlogbeat-2022.12.358","_type":"_doc","_id":"_Jm9KZMBylAKiVIToJIo","_score":1.0,"_source":{"@version":"1","tags":["beats_input_codec_plain_applied"],"ecs":{"version":"8.0.0"},"message":"Provider \"Environment\" is Started. \n\nDetails: \n\tProviderName=Environment\n\tNewProviderState=Started\n\n\tSequenceNumber=5\n\n\tHostName=Default Host\n\tHostVersion=5.1.22621.608\n\tHostId=b65069a3-f4db-499f-8ae5-75956398c9ea\n\tHostApplication=C:\\Program Files\\WindowsApps\\9426MICRO-STARINTERNATION.MSICenter_1.0.65.0_x64__kzh8wxbdkxb8p\\DCv2\\DCv2.exe msi-mc:Startup\n\tEngineVersion=\n\tRunspaceId=\n\tPipelineId=\n\tCommandName=\n\tCommandType=\n\tScriptName=\n\tCommandPath=\n\tCommandLine=","event":{"action":"Provider Lifecycle","kind":"event","provider":"PowerShell","created":"2024-11-14T08:14:39.271Z","code":"600"},"host":{"mac":["00-FF-14-66-C1-B3","0A-00-27-00-00-12","80-B6-55-54-6C-4E","80-B6-55-54-6C-4F","80-B6-55-54-6C-52","82-B6-55-54-6C-4E","D8-BB-C1-74-1C-24"],"name":"msi","hostname":"msi","ip":["169.254.5.113","192.168.56.1","169.254.27.160","169.254.242.69","169.254.117.31","192.168.207.153","169.254.135.196"],"architecture":"x86_64","os":{"platform":"windows","family":"windows","version":"10.0","name":"Windows 11 Home Single Language","build":"22631.4460","kernel":"10.0.22621.4455 (WinBuild.160101.0800)","type":"windows"},"id":"9ed805a2-1686-4d05-b328-395a2152cd70"},"log":{"level":"information"},"@timestamp":"2022-12-24T14:03:13.599Z","winlog":{"opcode":"Info","event_data":{"param1":"Environment","param2":"Started","param3":"\tProviderName=Environment\n\tNewProviderState=Started\n\n\tSequenceNumber=5\n\n\tHostName=Default Host\n\tHostVersion=5.1.22621.608\n\tHostId=b65069a3-f4db-499f-8ae5-75956398c9ea\n\tHostApplication=C:\\Program Files\\WindowsApps\\9426MICRO-STARINTERNATION.MSICenter_1.0.65.0_x64__kzh8wxbdkxb8p\\DCv2\\DCv2.exe msi-mc:Startup\n\tEngineVersion=\n\tRunspaceId=\n\tPipelineId=\n\tCommandName=\n\tCommandType=\n\tScriptName=\n\tCommandPath=\n\tCommandLine="},"process":{"pid":32552},"task":"Provider Lifecycle","channel":"Windows PowerShell","api":"wineventlog","provider_name":"PowerShell","event_id":"600","record_id":2475,"computer_name":"MSI","keywords":["Classic"]},"agent":{"ephemeral_id":"28ff186b-bd6d-470f-a1b6-1c7ccc3dfe26","id":"ad84ffee-22d0-464b-81dd-06b1181ecd47","name":"MSI","type":"winlogbeat","version":"8.15.2"}}},{"_index":"winlogbeat-2022.12.358","_type":"_doc","_id":"A5m9KZMBylAKiVIToJMo","_score":1.0,"_source":{"@version":"1","tags":["beats_input_codec_plain_applied"],"ecs":{"version":"8.0.0"},"message":"Provider \"FileSystem\" is Started. \n\nDetails: \n\tProviderName=FileSystem\n\tNewProviderState=Started\n\n\tSequenceNumber=7\n\n\tHostName=Default Host\n\tHostVersion=5.1.22621.608\n\tHostId=b65069a3-f4db-499f-8ae5-75956398c9ea\n\tHostApplication=C:\\Program Files\\WindowsApps\\9426MICRO-STARINTERNATION.MSICenter_1.0.65.0_x64__kzh8wxbdkxb8p\\DCv2\\DCv2.exe msi-mc:Startup\n\tEngineVersion=\n\tRunspaceId=\n\tPipelineId=\n\tCommandName=\n\tCommandType=\n\tScriptName=\n\tCommandPath=\n\tCommandLine=","event":{"action":"Provider Lifecycle","kind":"event","provider":"PowerShell","created":"2024-11-14T08:14:39.271Z","code":"600"},"log":{"level":"information"},"host":{"mac":["00-FF-14-66-C1-B3","0A-00-27-00-00-12","80-B6-55-54-6C-4E","80-B6-55-54-6C-4F","80-B6-55-54-6C-52","82-B6-55-54-6C-4E","D8-BB-C1-74-1C-24"],"name":"msi","hostname":"msi","ip":["169.254.5.113","192.168.56.1","169.254.27.160","169.254.242.69","169.254.117.31","192.168.207.153","169.254.135.196"],"architecture":"x86_64","os":{"platform":"windows","family":"windows","version":"10.0","name":"Windows 11 Home Single Language","build":"22631.4460","kernel":"10.0.22621.4455 (WinBuild.160101.0800)","type":"windows"},"id":"9ed805a2-1686-4d05-b328-395a2152cd70"},"@timestamp":"2022-12-24T14:03:13.600Z","winlog":{"opcode":"Info","event_data":{"param1":"FileSystem","param2":"Started","param3":"\tProviderName=FileSystem\n\tNewProviderState=Started\n\n\tSequenceNumber=7\n\n\tHostName=Default Host\n\tHostVersion=5.1.22621.608\n\tHostId=b65069a3-f4db-499f-8ae5-75956398c9ea\n\tHostApplication=C:\\Program Files\\WindowsApps\\9426MICRO-STARINTERNATION.MSICenter_1.0.65.0_x64__kzh8wxbdkxb8p\\DCv2\\DCv2.exe msi-mc:Startup\n\tEngineVersion=\n\tRunspaceId=\n\tPipelineId=\n\tCommandName=\n\tCommandType=\n\tScriptName=\n\tCommandPath=\n\tCommandLine="},"process":{"pid":32552},"task":"Provider Lifecycle","channel":"Windows PowerShell","provider_name":"PowerShell","api":"wineventlog","event_id":"600","record_id":2476,"computer_name":"MSI","keywords":["Classic"]},"agent":{"ephemeral_id":"28ff186b-bd6d-470f-a1b6-1c7ccc3dfe26","id":"ad84ffee-22d0-464b-81dd-06b1181ecd47","name":"MSI","version":"8.15.2","type":"winlogbeat"}}},{"_index":"winlogbeat-2022.12.358","_type":"_doc","_id":"CZm9KZMBylAKiVIToJMo","_score":1.0,"_source":{"@version":"1","tags":["beats_input_codec_plain_applied"],"ecs":{"version":"8.0.0"},"message":"Provider \"Function\" is Started. \n\nDetails: \n\tProviderName=Function\n\tNewProviderState=Started\n\n\tSequenceNumber=9\n\n\tHostName=Default Host\n\tHostVersion=5.1.22621.608\n\tHostId=b65069a3-f4db-499f-8ae5-75956398c9ea\n\tHostApplication=C:\\Program Files\\WindowsApps\\9426MICRO-STARINTERNATION.MSICenter_1.0.65.0_x64__kzh8wxbdkxb8p\\DCv2\\DCv2.exe msi-mc:Startup\n\tEngineVersion=\n\tRunspaceId=\n\tPipelineId=\n\tCommandName=\n\tCommandType=\n\tScriptName=\n\tCommandPath=\n\tCommandLine=","event":{"action":"Provider Lifecycle","kind":"event","provider":"PowerShell","created":"2024-11-14T08:14:39.271Z","code":"600"},"host":{"mac":["00-FF-14-66-C1-B3","0A-00-27-00-00-12","80-B6-55-54-6C-4E","80-B6-55-54-6C-4F","80-B6-55-54-6C-52","82-B6-55-54-6C-4E","D8-BB-C1-74-1C-24"],"name":"msi","hostname":"msi","architecture":"x86_64","os":{"platform":"windows","name":"Windows 11 Home Single Language","version":"10.0","family":"windows","build":"22631.4460","kernel":"10.0.22621.4455 (WinBuild.160101.0800)","type":"windows"},"ip":["169.254.5.113","192.168.56.1","169.254.27.160","169.254.242.69","169.254.117.31","192.168.207.153","169.254.135.196"],"id":"9ed805a2-1686-4d05-b328-395a2152cd70"},"log":{"level":"information"},"@timestamp":"2022-12-24T14:03:13.600Z","winlog":{"opcode":"Info","event_data":{"param1":"Function","param2":"Started","param3":"\tProviderName=Function\n\tNewProviderState=Started\n\n\tSequenceNumber=9\n\n\tHostName=Default Host\n\tHostVersion=5.1.22621.608\n\tHostId=b65069a3-f4db-499f-8ae5-75956398c9ea\n\tHostApplication=C:\\Program Files\\WindowsApps\\9426MICRO-STARINTERNATION.MSICenter_1.0.65.0_x64__kzh8wxbdkxb8p\\DCv2\\DCv2.exe msi-mc:Startup\n\tEngineVersion=\n\tRunspaceId=\n\tPipelineId=\n\tCommandName=\n\tCommandType=\n\tScriptName=\n\tCommandPath=\n\tCommandLine="},"process":{"pid":32552},"task":"Provider Lifecycle","provider_name":"PowerShell","api":"wineventlog","channel":"Windows PowerShell","event_id":"600","record_id":2477,"computer_name":"MSI","keywords":["Classic"]},"agent":{"ephemeral_id":"28ff186b-bd6d-470f-a1b6-1c7ccc3dfe26","id":"ad84ffee-22d0-464b-81dd-06b1181ecd47","name":"MSI","type":"winlogbeat","version":"8.15.2"}}},{"_index":"winlogbeat-2022.12.358","_type":"_doc","_id":"DJm9KZMBylAKiVIToJMo","_score":1.0,"_source":{"@version":"1","tags":["beats_input_codec_plain_applied"],"ecs":{"version":"8.0.0"},"message":"Provider \"Variable\" is Started. \n\nDetails: \n\tProviderName=Variable\n\tNewProviderState=Started\n\n\tSequenceNumber=11\n\n\tHostName=Default Host\n\tHostVersion=5.1.22621.608\n\tHostId=b65069a3-f4db-499f-8ae5-75956398c9ea\n\tHostApplication=C:\\Program Files\\WindowsApps\\9426MICRO-STARINTERNATION.MSICenter_1.0.65.0_x64__kzh8wxbdkxb8p\\DCv2\\DCv2.exe msi-mc:Startup\n\tEngineVersion=\n\tRunspaceId=\n\tPipelineId=\n\tCommandName=\n\tCommandType=\n\tScriptName=\n\tCommandPath=\n\tCommandLine=","event":{"action":"Provider Lifecycle","kind":"event","provider":"PowerShell","created":"2024-11-14T08:14:39.271Z","code":"600"},"log":{"level":"information"},"host":{"mac":["00-FF-14-66-C1-B3","0A-00-27-00-00-12","80-B6-55-54-6C-4E","80-B6-55-54-6C-4F","80-B6-55-54-6C-52","82-B6-55-54-6C-4E","D8-BB-C1-74-1C-24"],"name":"msi","hostname":"msi","ip":["169.254.5.113","192.168.56.1","169.254.27.160","169.254.242.69","169.254.117.31","192.168.207.153","169.254.135.196"],"architecture":"x86_64","os":{"platform":"windows","family":"windows","version":"10.0","name":"Windows 11 Home Single Language","build":"22631.4460","kernel":"10.0.22621.4455 (WinBuild.160101.0800)","type":"windows"},"id":"9ed805a2-1686-4d05-b328-395a2152cd70"},"@timestamp":"2022-12-24T14:03:13.600Z","winlog":{"opcode":"Info","event_data":{"param1":"Variable","param2":"Started","param3":"\tProviderName=Variable\n\tNewProviderState=Started\n\n\tSequenceNumber=11\n\n\tHostName=Default Host\n\tHostVersion=5.1.22621.608\n\tHostId=b65069a3-f4db-499f-8ae5-75956398c9ea\n\tHostApplication=C:\\Program Files\\WindowsApps\\9426MICRO-STARINTERNATION.MSICenter_1.0.65.0_x64__kzh8wxbdkxb8p\\DCv2\\DCv2.exe msi-mc:Startup\n\tEngineVersion=\n\tRunspaceId=\n\tPipelineId=\n\tCommandName=\n\tCommandType=\n\tScriptName=\n\tCommandPath=\n\tCommandLine="},"process":{"pid":32552},"task":"Provider Lifecycle","api":"wineventlog","provider_name":"PowerShell","channel":"Windows PowerShell","event_id":"600","record_id":2478,"computer_name":"MSI","keywords":["Classic"]},"agent":{"ephemeral_id":"28ff186b-bd6d-470f-a1b6-1c7ccc3dfe26","id":"ad84ffee-22d0-464b-81dd-06b1181ecd47","name":"MSI","type":"winlogbeat","version":"8.15.2"}}},{"_index":"winlogbeat-2022.12.358","_type":"_doc","_id":"Epm9KZMBylAKiVIToJMo","_score":1.0,"_source":{"@version":"1","tags":["beats_input_codec_plain_applied"],"ecs":{"version":"8.0.0"},"message":"Provider \"Certificate\" is Started. \n\nDetails: \n\tProviderName=Certificate\n\tNewProviderState=Started\n\n\tSequenceNumber=13\n\n\tHostName=Default Host\n\tHostVersion=5.1.22621.608\n\tHostId=b65069a3-f4db-499f-8ae5-75956398c9ea\n\tHostApplication=C:\\Program Files\\WindowsApps\\9426MICRO-STARINTERNATION.MSICenter_1.0.65.0_x64__kzh8wxbdkxb8p\\DCv2\\DCv2.exe msi-mc:Startup\n\tEngineVersion=\n\tRunspaceId=\n\tPipelineId=\n\tCommandName=\n\tCommandType=\n\tScriptName=\n\tCommandPath=\n\tCommandLine=","event":{"action":"Provider Lifecycle","kind":"event","provider":"PowerShell","created":"2024-11-14T08:14:39.271Z","code":"600"},"host":{"mac":["00-FF-14-66-C1-B3","0A-00-27-00-00-12","80-B6-55-54-6C-4E","80-B6-55-54-6C-4F","80-B6-55-54-6C-52","82-B6-55-54-6C-4E","D8-BB-C1-74-1C-24"],"name":"msi","hostname":"msi","architecture":"x86_64","os":{"platform":"windows","family":"windows","version":"10.0","name":"Windows 11 Home Single Language","build":"22631.4460","kernel":"10.0.22621.4455 (WinBuild.160101.0800)","type":"windows"},"ip":["169.254.5.113","192.168.56.1","169.254.27.160","169.254.242.69","169.254.117.31","192.168.207.153","169.254.135.196"],"id":"9ed805a2-1686-4d05-b328-395a2152cd70"},"log":{"level":"information"},"@timestamp":"2022-12-24T14:03:13.603Z","winlog":{"opcode":"Info","event_data":{"param1":"Certificate","param2":"Started","param3":"\tProviderName=Certificate\n\tNewProviderState=Started\n\n\tSequenceNumber=13\n\n\tHostName=Default Host\n\tHostVersion=5.1.22621.608\n\tHostId=b65069a3-f4db-499f-8ae5-75956398c9ea\n\tHostApplication=C:\\Program Files\\WindowsApps\\9426MICRO-STARINTERNATION.MSICenter_1.0.65.0_x64__kzh8wxbdkxb8p\\DCv2\\DCv2.exe msi-mc:Startup\n\tEngineVersion=\n\tRunspaceId=\n\tPipelineId=\n\tCommandName=\n\tCommandType=\n\tScriptName=\n\tCommandPath=\n\tCommandLine="},"process":{"pid":32552},"task":"Provider Lifecycle","channel":"Windows PowerShell","api":"wineventlog","provider_name":"PowerShell","event_id":"600","record_id":2479,"computer_name":"MSI","keywords":["Classic"]},"agent":{"ephemeral_id":"28ff186b-bd6d-470f-a1b6-1c7ccc3dfe26","id":"ad84ffee-22d0-464b-81dd-06b1181ecd47","name":"MSI","type":"winlogbeat","version":"8.15.2"}}},{"_index":"winlogbeat-2022.12.358","_type":"_doc","_id":"mJm9KZMBylAKiVIToJMp","_score":1.0,"_source":{"@version":"1","tags":["beats_input_codec_plain_applied"],"ecs":{"version":"8.0.0"},"message":"Provider \"WSMan\" is Started. \n\nDetails: \n\tProviderName=WSMan\n\tNewProviderState=Started\n\n\tSequenceNumber=15\n\n\tHostName=Default Host\n\tHostVersion=5.1.22621.608\n\tHostId=b65069a3-f4db-499f-8ae5-75956398c9ea\n\tHostApplication=C:\\Program Files\\WindowsApps\\9426MICRO-STARINTERNATION.MSICenter_1.0.65.0_x64__kzh8wxbdkxb8p\\DCv2\\DCv2.exe msi-mc:Startup\n\tEngineVersion=\n\tRunspaceId=\n\tPipelineId=\n\tCommandName=\n\tCommandType=\n\tScriptName=\n\tCommandPath=\n\tCommandLine=","event":{"action":"Provider Lifecycle","kind":"event","provider":"PowerShell","created":"2024-11-14T08:14:39.514Z","code":"600"},"host":{"mac":["00-FF-14-66-C1-B3","0A-00-27-00-00-12","80-B6-55-54-6C-4E","80-B6-55-54-6C-4F","80-B6-55-54-6C-52","82-B6-55-54-6C-4E","D8-BB-C1-74-1C-24"],"name":"msi","hostname":"msi","ip":["169.254.5.113","192.168.56.1","169.254.27.160","169.254.242.69","169.254.117.31","192.168.207.153","169.254.135.196"],"os":{"platform":"windows","family":"windows","version":"10.0","name":"Windows 11 Home Single Language","build":"22631.4460","kernel":"10.0.22621.4455 (WinBuild.160101.0800)","type":"windows"},"architecture":"x86_64","id":"9ed805a2-1686-4d05-b328-395a2152cd70"},"log":{"level":"information"},"@timestamp":"2022-12-24T14:03:13.605Z","winlog":{"opcode":"Info","event_data":{"param1":"WSMan","param2":"Started","param3":"\tProviderName=WSMan\n\tNewProviderState=Started\n\n\tSequenceNumber=15\n\n\tHostName=Default Host\n\tHostVersion=5.1.22621.608\n\tHostId=b65069a3-f4db-499f-8ae5-75956398c9ea\n\tHostApplication=C:\\Program Files\\WindowsApps\\9426MICRO-STARINTERNATION.MSICenter_1.0.65.0_x64__kzh8wxbdkxb8p\\DCv2\\DCv2.exe msi-mc:Startup\n\tEngineVersion=\n\tRunspaceId=\n\tPipelineId=\n\tCommandName=\n\tCommandType=\n\tScriptName=\n\tCommandPath=\n\tCommandLine="},"process":{"pid":32552},"task":"Provider Lifecycle","channel":"Windows PowerShell","provider_name":"PowerShell","api":"wineventlog","event_id":"600","record_id":2480,"computer_name":"MSI","keywords":["Classic"]},"agent":{"ephemeral_id":"28ff186b-bd6d-470f-a1b6-1c7ccc3dfe26","id":"ad84ffee-22d0-464b-81dd-06b1181ecd47","name":"MSI","type":"winlogbeat","version":"8.15.2"}}},{"_index":"winlogbeat-2022.12.358","_type":"_doc","_id":"mpm9KZMBylAKiVIToJMp","_score":1.0,"_source":{"@version":"1","tags":["beats_input_codec_plain_applied"],"ecs":{"version":"8.0.0"},"message":"Engine state is changed from None to Available. \n\nDetails: \n\tNewEngineState=Available\n\tPreviousEngineState=None\n\n\tSequenceNumber=17\n\n\tHostName=Default Host\n\tHostVersion=5.1.22621.608\n\tHostId=b65069a3-f4db-499f-8ae5-75956398c9ea\n\tHostApplication=C:\\Program Files\\WindowsApps\\9426MICRO-STARINTERNATION.MSICenter_1.0.65.0_x64__kzh8wxbdkxb8p\\DCv2\\DCv2.exe msi-mc:Startup\n\tEngineVersion=5.1.22621.608\n\tRunspaceId=791f2845-7f9b-4bc6-881f-c0bb4e2c2a1f\n\tPipelineId=\n\tCommandName=\n\tCommandType=\n\tScriptName=\n\tCommandPath=\n\tCommandLine=","event":{"action":"Engine Lifecycle","kind":"event","provider":"PowerShell","created":"2024-11-14T08:14:39.514Z","code":"400"},"log":{"level":"information"},"host":{"mac":["00-FF-14-66-C1-B3","0A-00-27-00-00-12","80-B6-55-54-6C-4E","80-B6-55-54-6C-4F","80-B6-55-54-6C-52","82-B6-55-54-6C-4E","D8-BB-C1-74-1C-24"],"name":"msi","hostname":"msi","architecture":"x86_64","os":{"platform":"windows","family":"windows","version":"10.0","name":"Windows 11 Home Single Language","build":"22631.4460","kernel":"10.0.22621.4455 (WinBuild.160101.0800)","type":"windows"},"ip":["169.254.5.113","192.168.56.1","169.254.27.160","169.254.242.69","169.254.117.31","192.168.207.153","169.254.135.196"],"id":"9ed805a2-1686-4d05-b328-395a2152cd70"},"@timestamp":"2022-12-24T14:03:13.610Z","winlog":{"opcode":"Info","event_data":{"param1":"Available","param2":"None","param3":"\tNewEngineState=Available\n\tPreviousEngineState=None\n\n\tSequenceNumber=17\n\n\tHostName=Default Host\n\tHostVersion=5.1.22621.608\n\tHostId=b65069a3-f4db-499f-8ae5-75956398c9ea\n\tHostApplication=C:\\Program Files\\WindowsApps\\9426MICRO-STARINTERNATION.MSICenter_1.0.65.0_x64__kzh8wxbdkxb8p\\DCv2\\DCv2.exe msi-mc:Startup\n\tEngineVersion=5.1.22621.608\n\tRunspaceId=791f2845-7f9b-4bc6-881f-c0bb4e2c2a1f\n\tPipelineId=\n\tCommandName=\n\tCommandType=\n\tScriptName=\n\tCommandPath=\n\tCommandLine="},"process":{"pid":32552},"task":"Engine Lifecycle","channel":"Windows PowerShell","provider_name":"PowerShell","api":"wineventlog","event_id":"400","record_id":2481,"keywords":["Classic"],"computer_name":"MSI"},"agent":{"ephemeral_id":"28ff186b-bd6d-470f-a1b6-1c7ccc3dfe26","id":"ad84ffee-22d0-464b-81dd-06b1181ecd47","name":"MSI","version":"8.15.2","type":"winlogbeat"}}},{"_index":"winlogbeat-2022.12.358","_type":"_doc","_id":"nJm9KZMBylAKiVIToJMp","_score":1.0,"_source":{"@version":"1","tags":["beats_input_codec_plain_applied"],"ecs":{"version":"8.0.0"},"message":"Engine state is changed from Available to Stopped. \n\nDetails: \n\tNewEngineState=Stopped\n\tPreviousEngineState=Available\n\n\tSequenceNumber=19\n\n\tHostName=Default Host\n\tHostVersion=5.1.22621.608\n\tHostId=b65069a3-f4db-499f-8ae5-75956398c9ea\n\tHostApplication=C:\\Program Files\\WindowsApps\\9426MICRO-STARINTERNATION.MSICenter_1.0.65.0_x64__kzh8wxbdkxb8p\\DCv2\\DCv2.exe msi-mc:Startup\n\tEngineVersion=5.1.22621.608\n\tRunspaceId=791f2845-7f9b-4bc6-881f-c0bb4e2c2a1f\n\tPipelineId=\n\tCommandName=\n\tCommandType=\n\tScriptName=\n\tCommandPath=\n\tCommandLine=","event":{"action":"Engine Lifecycle","kind":"event","provider":"PowerShell","created":"2024-11-14T08:14:39.514Z","code":"403"},"host":{"mac":["00-FF-14-66-C1-B3","0A-00-27-00-00-12","80-B6-55-54-6C-4E","80-B6-55-54-6C-4F","80-B6-55-54-6C-52","82-B6-55-54-6C-4E","D8-BB-C1-74-1C-24"],"name":"msi","hostname":"msi","ip":["169.254.5.113","192.168.56.1","169.254.27.160","169.254.242.69","169.254.117.31","192.168.207.153","169.254.135.196"],"architecture":"x86_64","os":{"platform":"windows","family":"windows","version":"10.0","name":"Windows 11 Home Single Language","build":"22631.4460","kernel":"10.0.22621.4455 (WinBuild.160101.0800)","type":"windows"},"id":"9ed805a2-1686-4d05-b328-395a2152cd70"},"log":{"level":"information"},"@timestamp":"2022-12-24T14:03:14.043Z","winlog":{"opcode":"Info","event_data":{"param1":"Stopped","param2":"Available","param3":"\tNewEngineState=Stopped\n\tPreviousEngineState=Available\n\n\tSequenceNumber=19\n\n\tHostName=Default Host\n\tHostVersion=5.1.22621.608\n\tHostId=b65069a3-f4db-499f-8ae5-75956398c9ea\n\tHostApplication=C:\\Program Files\\WindowsApps\\9426MICRO-STARINTERNATION.MSICenter_1.0.65.0_x64__kzh8wxbdkxb8p\\DCv2\\DCv2.exe msi-mc:Startup\n\tEngineVersion=5.1.22621.608\n\tRunspaceId=791f2845-7f9b-4bc6-881f-c0bb4e2c2a1f\n\tPipelineId=\n\tCommandName=\n\tCommandType=\n\tScriptName=\n\tCommandPath=\n\tCommandLine="},"process":{"pid":32552},"task":"Engine Lifecycle","channel":"Windows PowerShell","provider_name":"PowerShell","api":"wineventlog","event_id":"403","record_id":2482,"computer_name":"MSI","keywords":["Classic"]},"agent":{"ephemeral_id":"28ff186b-bd6d-470f-a1b6-1c7ccc3dfe26","id":"ad84ffee-22d0-464b-81dd-06b1181ecd47","name":"MSI","version":"8.15.2","type":"winlogbeat"}}},{"_index":"winlogbeat-2022.12.359","_type":"_doc","_id":"oJm9KZMBylAKiVIToJMp","_score":1.0,"_source":{"@version":"1","tags":["beats_input_codec_plain_applied"],"ecs":{"version":"8.0.0"},"message":"Provider \"Registry\" is Started. \n\nDetails: \n\tProviderName=Registry\n\tNewProviderState=Started\n\n\tSequenceNumber=1\n\n\tHostName=ConsoleHost\n\tHostVersion=5.1.22621.608\n\tHostId=243e86c3-5512-4a4d-bb8c-1df1be9f7433\n\tHostApplication=powershell.exe -ExecutionPolicy Restricted -Command Write-Host 'Final result: 1';\n\tEngineVersion=\n\tRunspaceId=\n\tPipelineId=\n\tCommandName=\n\tCommandType=\n\tScriptName=\n\tCommandPath=\n\tCommandLine=","event":{"action":"Provider Lifecycle","kind":"event","provider":"PowerShell","created":"2024-11-14T08:14:39.514Z","code":"600"},"host":{"mac":["00-FF-14-66-C1-B3","0A-00-27-00-00-12","80-B6-55-54-6C-4E","80-B6-55-54-6C-4F","80-B6-55-54-6C-52","82-B6-55-54-6C-4E","D8-BB-C1-74-1C-24"],"name":"msi","hostname":"msi","ip":["169.254.5.113","192.168.56.1","169.254.27.160","169.254.242.69","169.254.117.31","192.168.207.153","169.254.135.196"],"architecture":"x86_64","os":{"platform":"windows","family":"windows","version":"10.0","name":"Windows 11 Home Single Language","build":"22631.4460","kernel":"10.0.22621.4455 (WinBuild.160101.0800)","type":"windows"},"id":"9ed805a2-1686-4d05-b328-395a2152cd70"},"log":{"level":"information"},"@timestamp":"2022-12-25T07:10:17.899Z","winlog":{"opcode":"Info","event_data":{"param1":"Registry","param2":"Started","param3":"\tProviderName=Registry\n\tNewProviderState=Started\n\n\tSequenceNumber=1\n\n\tHostName=ConsoleHost\n\tHostVersion=5.1.22621.608\n\tHostId=243e86c3-5512-4a4d-bb8c-1df1be9f7433\n\tHostApplication=powershell.exe -ExecutionPolicy Restricted -Command Write-Host 'Final result: 1';\n\tEngineVersion=\n\tRunspaceId=\n\tPipelineId=\n\tCommandName=\n\tCommandType=\n\tScriptName=\n\tCommandPath=\n\tCommandLine="},"process":{"pid":21312},"task":"Provider Lifecycle","channel":"Windows PowerShell","provider_name":"PowerShell","api":"wineventlog","event_id":"600","record_id":2483,"keywords":["Classic"],"computer_name":"MSI"},"agent":{"ephemeral_id":"28ff186b-bd6d-470f-a1b6-1c7ccc3dfe26","id":"ad84ffee-22d0-464b-81dd-06b1181ecd47","name":"MSI","type":"winlogbeat","version":"8.15.2"}}},{"_index":"winlogbeat-2022.12.359","_type":"_doc","_id":"oZm9KZMBylAKiVIToJMp","_score":1.0,"_source":{"@version":"1","tags":["beats_input_codec_plain_applied"],"ecs":{"version":"8.0.0"},"message":"Provider \"Alias\" is Started. \n\nDetails: \n\tProviderName=Alias\n\tNewProviderState=Started\n\n\tSequenceNumber=3\n\n\tHostName=ConsoleHost\n\tHostVersion=5.1.22621.608\n\tHostId=243e86c3-5512-4a4d-bb8c-1df1be9f7433\n\tHostApplication=powershell.exe -ExecutionPolicy Restricted -Command Write-Host 'Final result: 1';\n\tEngineVersion=\n\tRunspaceId=\n\tPipelineId=\n\tCommandName=\n\tCommandType=\n\tScriptName=\n\tCommandPath=\n\tCommandLine=","event":{"action":"Provider Lifecycle","kind":"event","provider":"PowerShell","created":"2024-11-14T08:14:39.515Z","code":"600"},"log":{"level":"information"},"host":{"mac":["00-FF-14-66-C1-B3","0A-00-27-00-00-12","80-B6-55-54-6C-4E","80-B6-55-54-6C-4F","80-B6-55-54-6C-52","82-B6-55-54-6C-4E","D8-BB-C1-74-1C-24"],"name":"msi","hostname":"msi","architecture":"x86_64","os":{"platform":"windows","name":"Windows 11 Home Single Language","version":"10.0","family":"windows","build":"22631.4460","kernel":"10.0.22621.4455 (WinBuild.160101.0800)","type":"windows"},"ip":["169.254.5.113","192.168.56.1","169.254.27.160","169.254.242.69","169.254.117.31","192.168.207.153","169.254.135.196"],"id":"9ed805a2-1686-4d05-b328-395a2152cd70"},"@timestamp":"2022-12-25T07:10:17.900Z","winlog":{"opcode":"Info","event_data":{"param1":"Alias","param2":"Started","param3":"\tProviderName=Alias\n\tNewProviderState=Started\n\n\tSequenceNumber=3\n\n\tHostName=ConsoleHost\n\tHostVersion=5.1.22621.608\n\tHostId=243e86c3-5512-4a4d-bb8c-1df1be9f7433\n\tHostApplication=powershell.exe -ExecutionPolicy Restricted -Command Write-Host 'Final result: 1';\n\tEngineVersion=\n\tRunspaceId=\n\tPipelineId=\n\tCommandName=\n\tCommandType=\n\tScriptName=\n\tCommandPath=\n\tCommandLine="},"process":{"pid":21312},"task":"Provider Lifecycle","provider_name":"PowerShell","api":"wineventlog","channel":"Windows PowerShell","event_id":"600","record_id":2484,"keywords":["Classic"],"computer_name":"MSI"},"agent":{"ephemeral_id":"28ff186b-bd6d-470f-a1b6-1c7ccc3dfe26","id":"ad84ffee-22d0-464b-81dd-06b1181ecd47","name":"MSI","type":"winlogbeat","version":"8.15.2"}}},{"_index":"winlogbeat-2022.12.359","_type":"_doc","_id":"opm9KZMBylAKiVIToJMp","_score":1.0,"_source":{"@version":"1","tags":["beats_input_codec_plain_applied"],"ecs":{"version":"8.0.0"},"message":"Provider \"Environment\" is Started. \n\nDetails: \n\tProviderName=Environment\n\tNewProviderState=Started\n\n\tSequenceNumber=5\n\n\tHostName=ConsoleHost\n\tHostVersion=5.1.22621.608\n\tHostId=243e86c3-5512-4a4d-bb8c-1df1be9f7433\n\tHostApplication=powershell.exe -ExecutionPolicy Restricted -Command Write-Host 'Final result: 1';\n\tEngineVersion=\n\tRunspaceId=\n\tPipelineId=\n\tCommandName=\n\tCommandType=\n\tScriptName=\n\tCommandPath=\n\tCommandLine=","event":{"action":"Provider Lifecycle","kind":"event","provider":"PowerShell","created":"2024-11-14T08:14:39.515Z","code":"600"},"host":{"mac":["00-FF-14-66-C1-B3","0A-00-27-00-00-12","80-B6-55-54-6C-4E","80-B6-55-54-6C-4F","80-B6-55-54-6C-52","82-B6-55-54-6C-4E","D8-BB-C1-74-1C-24"],"name":"msi","hostname":"msi","architecture":"x86_64","os":{"platform":"windows","family":"windows","name":"Windows 11 Home Single Language","version":"10.0","build":"22631.4460","kernel":"10.0.22621.4455 (WinBuild.160101.0800)","type":"windows"},"ip":["169.254.5.113","192.168.56.1","169.254.27.160","169.254.242.69","169.254.117.31","192.168.207.153","169.254.135.196"],"id":"9ed805a2-1686-4d05-b328-395a2152cd70"},"log":{"level":"information"},"@timestamp":"2022-12-25T07:10:17.900Z","winlog":{"opcode":"Info","event_data":{"param1":"Environment","param2":"Started","param3":"\tProviderName=Environment\n\tNewProviderState=Started\n\n\tSequenceNumber=5\n\n\tHostName=ConsoleHost\n\tHostVersion=5.1.22621.608\n\tHostId=243e86c3-5512-4a4d-bb8c-1df1be9f7433\n\tHostApplication=powershell.exe -ExecutionPolicy Restricted -Command Write-Host 'Final result: 1';\n\tEngineVersion=\n\tRunspaceId=\n\tPipelineId=\n\tCommandName=\n\tCommandType=\n\tScriptName=\n\tCommandPath=\n\tCommandLine="},"process":{"pid":21312},"task":"Provider Lifecycle","channel":"Windows PowerShell","provider_name":"PowerShell","api":"wineventlog","event_id":"600","record_id":2485,"computer_name":"MSI","keywords":["Classic"]},"agent":{"ephemeral_id":"28ff186b-bd6d-470f-a1b6-1c7ccc3dfe26","id":"ad84ffee-22d0-464b-81dd-06b1181ecd47","name":"MSI","type":"winlogbeat","version":"8.15.2"}}},{"_index":"winlogbeat-2022.12.359","_type":"_doc","_id":"o5m9KZMBylAKiVIToJMp","_score":1.0,"_source":{"@version":"1","tags":["beats_input_codec_plain_applied"],"ecs":{"version":"8.0.0"},"message":"Provider \"FileSystem\" is Started. \n\nDetails: \n\tProviderName=FileSystem\n\tNewProviderState=Started\n\n\tSequenceNumber=7\n\n\tHostName=ConsoleHost\n\tHostVersion=5.1.22621.608\n\tHostId=243e86c3-5512-4a4d-bb8c-1df1be9f7433\n\tHostApplication=powershell.exe -ExecutionPolicy Restricted -Command Write-Host 'Final result: 1';\n\tEngineVersion=\n\tRunspaceId=\n\tPipelineId=\n\tCommandName=\n\tCommandType=\n\tScriptName=\n\tCommandPath=\n\tCommandLine=","event":{"action":"Provider Lifecycle","kind":"event","provider":"PowerShell","created":"2024-11-14T08:14:39.515Z","code":"600"},"log":{"level":"information"},"host":{"mac":["00-FF-14-66-C1-B3","0A-00-27-00-00-12","80-B6-55-54-6C-4E","80-B6-55-54-6C-4F","80-B6-55-54-6C-52","82-B6-55-54-6C-4E","D8-BB-C1-74-1C-24"],"name":"msi","hostname":"msi","architecture":"x86_64","os":{"platform":"windows","family":"windows","version":"10.0","name":"Windows 11 Home Single Language","build":"22631.4460","kernel":"10.0.22621.4455 (WinBuild.160101.0800)","type":"windows"},"ip":["169.254.5.113","192.168.56.1","169.254.27.160","169.254.242.69","169.254.117.31","192.168.207.153","169.254.135.196"],"id":"9ed805a2-1686-4d05-b328-395a2152cd70"},"@timestamp":"2022-12-25T07:10:17.902Z","winlog":{"opcode":"Info","event_data":{"param1":"FileSystem","param2":"Started","param3":"\tProviderName=FileSystem\n\tNewProviderState=Started\n\n\tSequenceNumber=7\n\n\tHostName=ConsoleHost\n\tHostVersion=5.1.22621.608\n\tHostId=243e86c3-5512-4a4d-bb8c-1df1be9f7433\n\tHostApplication=powershell.exe -ExecutionPolicy Restricted -Command Write-Host 'Final result: 1';\n\tEngineVersion=\n\tRunspaceId=\n\tPipelineId=\n\tCommandName=\n\tCommandType=\n\tScriptName=\n\tCommandPath=\n\tCommandLine="},"process":{"pid":21312},"task":"Provider Lifecycle","channel":"Windows PowerShell","api":"wineventlog","provider_name":"PowerShell","event_id":"600","record_id":2486,"keywords":["Classic"],"computer_name":"MSI"},"agent":{"ephemeral_id":"28ff186b-bd6d-470f-a1b6-1c7ccc3dfe26","id":"ad84ffee-22d0-464b-81dd-06b1181ecd47","name":"MSI","type":"winlogbeat","version":"8.15.2"}}},{"_index":"winlogbeat-2022.12.359","_type":"_doc","_id":"pJm9KZMBylAKiVIToJMp","_score":1.0,"_source":{"@version":"1","tags":["beats_input_codec_plain_applied"],"ecs":{"version":"8.0.0"},"message":"Provider \"Function\" is Started. \n\nDetails: \n\tProviderName=Function\n\tNewProviderState=Started\n\n\tSequenceNumber=9\n\n\tHostName=ConsoleHost\n\tHostVersion=5.1.22621.608\n\tHostId=243e86c3-5512-4a4d-bb8c-1df1be9f7433\n\tHostApplication=powershell.exe -ExecutionPolicy Restricted -Command Write-Host 'Final result: 1';\n\tEngineVersion=\n\tRunspaceId=\n\tPipelineId=\n\tCommandName=\n\tCommandType=\n\tScriptName=\n\tCommandPath=\n\tCommandLine=","event":{"action":"Provider Lifecycle","kind":"event","provider":"PowerShell","created":"2024-11-14T08:14:39.515Z","code":"600"},"log":{"level":"information"},"host":{"mac":["00-FF-14-66-C1-B3","0A-00-27-00-00-12","80-B6-55-54-6C-4E","80-B6-55-54-6C-4F","80-B6-55-54-6C-52","82-B6-55-54-6C-4E","D8-BB-C1-74-1C-24"],"name":"msi","hostname":"msi","ip":["169.254.5.113","192.168.56.1","169.254.27.160","169.254.242.69","169.254.117.31","192.168.207.153","169.254.135.196"],"os":{"platform":"windows","name":"Windows 11 Home Single Language","version":"10.0","family":"windows","build":"22631.4460","kernel":"10.0.22621.4455 (WinBuild.160101.0800)","type":"windows"},"architecture":"x86_64","id":"9ed805a2-1686-4d05-b328-395a2152cd70"},"@timestamp":"2022-12-25T07:10:17.902Z","winlog":{"opcode":"Info","event_data":{"param1":"Function","param2":"Started","param3":"\tProviderName=Function\n\tNewProviderState=Started\n\n\tSequenceNumber=9\n\n\tHostName=ConsoleHost\n\tHostVersion=5.1.22621.608\n\tHostId=243e86c3-5512-4a4d-bb8c-1df1be9f7433\n\tHostApplication=powershell.exe -ExecutionPolicy Restricted -Command Write-Host 'Final result: 1';\n\tEngineVersion=\n\tRunspaceId=\n\tPipelineId=\n\tCommandName=\n\tCommandType=\n\tScriptName=\n\tCommandPath=\n\tCommandLine="},"process":{"pid":21312},"task":"Provider Lifecycle","provider_name":"PowerShell","channel":"Windows PowerShell","api":"wineventlog","event_id":"600","record_id":2487,"keywords":["Classic"],"computer_name":"MSI"},"agent":{"ephemeral_id":"28ff186b-bd6d-470f-a1b6-1c7ccc3dfe26","id":"ad84ffee-22d0-464b-81dd-06b1181ecd47","name":"MSI","version":"8.15.2","type":"winlogbeat"}}},