{"_index":"winlogbeat-2022.12.364","_type":"_doc","_id":"S5m9KZMBylAKiVITW4yw","_score":1.0,"_source":{"@version":"1","tags":["beats_input_codec_plain_applied"],"ecs":{"version":"8.0.0"},"message":"Provider \"Variable\" is Started. \n\nDetails: \n\tProviderName=Variable\n\tNewProviderState=Started\n\n\tSequenceNumber=11\n\n\tHostName=Default Host\n\tHostVersion=5.1.22621.963\n\tHostId=e4e8b8c7-255a-4686-8815-01563a528f53\n\tHostApplication=C:\\Program Files\\WindowsApps\\9426MICRO-STARINTERNATION.MSICenter_1.0.67.0_x64__kzh8wxbdkxb8p\\DCv2\\DCv2.exe msi-mc:Startup\n\tEngineVersion=\n\tRunspaceId=\n\tPipelineId=\n\tCommandName=\n\tCommandType=\n\tScriptName=\n\tCommandPath=\n\tCommandLine=","event":{"action":"Provider Lifecycle","kind":"event","provider":"PowerShell","created":"2024-11-14T08:14:39.519Z","code":"600"},"host":{"mac":["00-FF-14-66-C1-B3","0A-00-27-00-00-12","80-B6-55-54-6C-4E","80-B6-55-54-6C-4F","80-B6-55-54-6C-52","82-B6-55-54-6C-4E","D8-BB-C1-74-1C-24"],"name":"msi","hostname":"msi","architecture":"x86_64","os":{"platform":"windows","name":"Windows 11 Home Single Language","version":"10.0","family":"windows","build":"22631.4460","kernel":"10.0.22621.4455 (WinBuild.160101.0800)","type":"windows"},"ip":["169.254.5.113","192.168.56.1","169.254.27.160","169.254.242.69","169.254.117.31","192.168.207.153","169.254.135.196"],"id":"9ed805a2-1686-4d05-b328-395a2152cd70"},"log":{"level":"information"},"@timestamp":"2022-12-30T06:14:35.610Z","winlog":{"opcode":"Info","event_data":{"param1":"Variable","param2":"Started","param3":"\tProviderName=Variable\n\tNewProviderState=Started\n\n\tSequenceNumber=11\n\n\tHostName=Default Host\n\tHostVersion=5.1.22621.963\n\tHostId=e4e8b8c7-255a-4686-8815-01563a528f53\n\tHostApplication=C:\\Program Files\\WindowsApps\\9426MICRO-STARINTERNATION.MSICenter_1.0.67.0_x64__kzh8wxbdkxb8p\\DCv2\\DCv2.exe msi-mc:Startup\n\tEngineVersion=\n\tRunspaceId=\n\tPipelineId=\n\tCommandName=\n\tCommandType=\n\tScriptName=\n\tCommandPath=\n\tCommandLine="},"process":{"pid":20064},"task":"Provider Lifecycle","channel":"Windows PowerShell","provider_name":"PowerShell","api":"wineventlog","event_id":"600","record_id":2558,"computer_name":"MSI","keywords":["Classic"]},"agent":{"ephemeral_id":"28ff186b-bd6d-470f-a1b6-1c7ccc3dfe26","id":"ad84ffee-22d0-464b-81dd-06b1181ecd47","name":"MSI","type":"winlogbeat","version":"8.15.2"}}},{"_index":"winlogbeat-2022.12.364","_type":"_doc","_id":"TJm9KZMBylAKiVITW4yw","_score":1.0,"_source":{"@version":"1","tags":["beats_input_codec_plain_applied"],"ecs":{"version":"8.0.0"},"message":"Provider \"Certificate\" is Started. \n\nDetails: \n\tProviderName=Certificate\n\tNewProviderState=Started\n\n\tSequenceNumber=13\n\n\tHostName=Default Host\n\tHostVersion=5.1.22621.963\n\tHostId=e4e8b8c7-255a-4686-8815-01563a528f53\n\tHostApplication=C:\\Program Files\\WindowsApps\\9426MICRO-STARINTERNATION.MSICenter_1.0.67.0_x64__kzh8wxbdkxb8p\\DCv2\\DCv2.exe msi-mc:Startup\n\tEngineVersion=\n\tRunspaceId=\n\tPipelineId=\n\tCommandName=\n\tCommandType=\n\tScriptName=\n\tCommandPath=\n\tCommandLine=","event":{"action":"Provider Lifecycle","kind":"event","provider":"PowerShell","created":"2024-11-14T08:14:39.519Z","code":"600"},"log":{"level":"information"},"host":{"mac":["00-FF-14-66-C1-B3","0A-00-27-00-00-12","80-B6-55-54-6C-4E","80-B6-55-54-6C-4F","80-B6-55-54-6C-52","82-B6-55-54-6C-4E","D8-BB-C1-74-1C-24"],"name":"msi","hostname":"msi","architecture":"x86_64","os":{"platform":"windows","family":"windows","version":"10.0","name":"Windows 11 Home Single Language","build":"22631.4460","kernel":"10.0.22621.4455 (WinBuild.160101.0800)","type":"windows"},"ip":["169.254.5.113","192.168.56.1","169.254.27.160","169.254.242.69","169.254.117.31","192.168.207.153","169.254.135.196"],"id":"9ed805a2-1686-4d05-b328-395a2152cd70"},"@timestamp":"2022-12-30T06:14:35.612Z","winlog":{"opcode":"Info","event_data":{"param1":"Certificate","param2":"Started","param3":"\tProviderName=Certificate\n\tNewProviderState=Started\n\n\tSequenceNumber=13\n\n\tHostName=Default Host\n\tHostVersion=5.1.22621.963\n\tHostId=e4e8b8c7-255a-4686-8815-01563a528f53\n\tHostApplication=C:\\Program Files\\WindowsApps\\9426MICRO-STARINTERNATION.MSICenter_1.0.67.0_x64__kzh8wxbdkxb8p\\DCv2\\DCv2.exe msi-mc:Startup\n\tEngineVersion=\n\tRunspaceId=\n\tPipelineId=\n\tCommandName=\n\tCommandType=\n\tScriptName=\n\tCommandPath=\n\tCommandLine="},"process":{"pid":20064},"task":"Provider Lifecycle","channel":"Windows PowerShell","api":"wineventlog","provider_name":"PowerShell","event_id":"600","record_id":2559,"computer_name":"MSI","keywords":["Classic"]},"agent":{"ephemeral_id":"28ff186b-bd6d-470f-a1b6-1c7ccc3dfe26","id":"ad84ffee-22d0-464b-81dd-06b1181ecd47","name":"MSI","type":"winlogbeat","version":"8.15.2"}}},{"_index":"winlogbeat-2022.12.364","_type":"_doc","_id":"TZm9KZMBylAKiVITW4yw","_score":1.0,"_source":{"@version":"1","tags":["beats_input_codec_plain_applied"],"ecs":{"version":"8.0.0"},"message":"Provider \"WSMan\" is Started. \n\nDetails: \n\tProviderName=WSMan\n\tNewProviderState=Started\n\n\tSequenceNumber=15\n\n\tHostName=Default Host\n\tHostVersion=5.1.22621.963\n\tHostId=e4e8b8c7-255a-4686-8815-01563a528f53\n\tHostApplication=C:\\Program Files\\WindowsApps\\9426MICRO-STARINTERNATION.MSICenter_1.0.67.0_x64__kzh8wxbdkxb8p\\DCv2\\DCv2.exe msi-mc:Startup\n\tEngineVersion=\n\tRunspaceId=\n\tPipelineId=\n\tCommandName=\n\tCommandType=\n\tScriptName=\n\tCommandPath=\n\tCommandLine=","event":{"action":"Provider Lifecycle","kind":"event","provider":"PowerShell","created":"2024-11-14T08:14:39.519Z","code":"600"},"log":{"level":"information"},"host":{"mac":["00-FF-14-66-C1-B3","0A-00-27-00-00-12","80-B6-55-54-6C-4E","80-B6-55-54-6C-4F","80-B6-55-54-6C-52","82-B6-55-54-6C-4E","D8-BB-C1-74-1C-24"],"name":"msi","hostname":"msi","architecture":"x86_64","os":{"platform":"windows","name":"Windows 11 Home Single Language","version":"10.0","family":"windows","build":"22631.4460","kernel":"10.0.22621.4455 (WinBuild.160101.0800)","type":"windows"},"ip":["169.254.5.113","192.168.56.1","169.254.27.160","169.254.242.69","169.254.117.31","192.168.207.153","169.254.135.196"],"id":"9ed805a2-1686-4d05-b328-395a2152cd70"},"@timestamp":"2022-12-30T06:14:35.616Z","winlog":{"opcode":"Info","event_data":{"param1":"WSMan","param2":"Started","param3":"\tProviderName=WSMan\n\tNewProviderState=Started\n\n\tSequenceNumber=15\n\n\tHostName=Default Host\n\tHostVersion=5.1.22621.963\n\tHostId=e4e8b8c7-255a-4686-8815-01563a528f53\n\tHostApplication=C:\\Program Files\\WindowsApps\\9426MICRO-STARINTERNATION.MSICenter_1.0.67.0_x64__kzh8wxbdkxb8p\\DCv2\\DCv2.exe msi-mc:Startup\n\tEngineVersion=\n\tRunspaceId=\n\tPipelineId=\n\tCommandName=\n\tCommandType=\n\tScriptName=\n\tCommandPath=\n\tCommandLine="},"process":{"pid":20064},"task":"Provider Lifecycle","channel":"Windows PowerShell","api":"wineventlog","provider_name":"PowerShell","event_id":"600","record_id":2560,"computer_name":"MSI","keywords":["Classic"]},"agent":{"ephemeral_id":"28ff186b-bd6d-470f-a1b6-1c7ccc3dfe26","id":"ad84ffee-22d0-464b-81dd-06b1181ecd47","name":"MSI","version":"8.15.2","type":"winlogbeat"}}},{"_index":"winlogbeat-2022.12.364","_type":"_doc","_id":"Tpm9KZMBylAKiVITW4yw","_score":1.0,"_source":{"@version":"1","tags":["beats_input_codec_plain_applied"],"ecs":{"version":"8.0.0"},"message":"Engine state is changed from None to Available. \n\nDetails: \n\tNewEngineState=Available\n\tPreviousEngineState=None\n\n\tSequenceNumber=17\n\n\tHostName=Default Host\n\tHostVersion=5.1.22621.963\n\tHostId=e4e8b8c7-255a-4686-8815-01563a528f53\n\tHostApplication=C:\\Program Files\\WindowsApps\\9426MICRO-STARINTERNATION.MSICenter_1.0.67.0_x64__kzh8wxbdkxb8p\\DCv2\\DCv2.exe msi-mc:Startup\n\tEngineVersion=5.1.22621.963\n\tRunspaceId=c00fbfa4-ccdf-41c6-bed4-58fbbef04b26\n\tPipelineId=\n\tCommandName=\n\tCommandType=\n\tScriptName=\n\tCommandPath=\n\tCommandLine=","event":{"action":"Engine Lifecycle","kind":"event","provider":"PowerShell","created":"2024-11-14T08:14:39.519Z","code":"400"},"log":{"level":"information"},"host":{"mac":["00-FF-14-66-C1-B3","0A-00-27-00-00-12","80-B6-55-54-6C-4E","80-B6-55-54-6C-4F","80-B6-55-54-6C-52","82-B6-55-54-6C-4E","D8-BB-C1-74-1C-24"],"name":"msi","hostname":"msi","architecture":"x86_64","os":{"platform":"windows","family":"windows","version":"10.0","name":"Windows 11 Home Single Language","build":"22631.4460","kernel":"10.0.22621.4455 (WinBuild.160101.0800)","type":"windows"},"ip":["169.254.5.113","192.168.56.1","169.254.27.160","169.254.242.69","169.254.117.31","192.168.207.153","169.254.135.196"],"id":"9ed805a2-1686-4d05-b328-395a2152cd70"},"@timestamp":"2022-12-30T06:14:35.621Z","winlog":{"opcode":"Info","event_data":{"param1":"Available","param2":"None","param3":"\tNewEngineState=Available\n\tPreviousEngineState=None\n\n\tSequenceNumber=17\n\n\tHostName=Default Host\n\tHostVersion=5.1.22621.963\n\tHostId=e4e8b8c7-255a-4686-8815-01563a528f53\n\tHostApplication=C:\\Program Files\\WindowsApps\\9426MICRO-STARINTERNATION.MSICenter_1.0.67.0_x64__kzh8wxbdkxb8p\\DCv2\\DCv2.exe msi-mc:Startup\n\tEngineVersion=5.1.22621.963\n\tRunspaceId=c00fbfa4-ccdf-41c6-bed4-58fbbef04b26\n\tPipelineId=\n\tCommandName=\n\tCommandType=\n\tScriptName=\n\tCommandPath=\n\tCommandLine="},"process":{"pid":20064},"task":"Engine Lifecycle","provider_name":"PowerShell","api":"wineventlog","channel":"Windows PowerShell","event_id":"400","record_id":2561,"computer_name":"MSI","keywords":["Classic"]},"agent":{"ephemeral_id":"28ff186b-bd6d-470f-a1b6-1c7ccc3dfe26","id":"ad84ffee-22d0-464b-81dd-06b1181ecd47","name":"MSI","type":"winlogbeat","version":"8.15.2"}}},{"_index":"winlogbeat-2022.12.364","_type":"_doc","_id":"T5m9KZMBylAKiVITW4yw","_score":1.0,"_source":{"@version":"1","tags":["beats_input_codec_plain_applied"],"ecs":{"version":"8.0.0"},"message":"Engine state is changed from Available to Stopped. \n\nDetails: \n\tNewEngineState=Stopped\n\tPreviousEngineState=Available\n\n\tSequenceNumber=19\n\n\tHostName=Default Host\n\tHostVersion=5.1.22621.963\n\tHostId=e4e8b8c7-255a-4686-8815-01563a528f53\n\tHostApplication=C:\\Program Files\\WindowsApps\\9426MICRO-STARINTERNATION.MSICenter_1.0.67.0_x64__kzh8wxbdkxb8p\\DCv2\\DCv2.exe msi-mc:Startup\n\tEngineVersion=5.1.22621.963\n\tRunspaceId=c00fbfa4-ccdf-41c6-bed4-58fbbef04b26\n\tPipelineId=\n\tCommandName=\n\tCommandType=\n\tScriptName=\n\tCommandPath=\n\tCommandLine=","event":{"action":"Engine Lifecycle","kind":"event","provider":"PowerShell","created":"2024-11-14T08:14:39.519Z","code":"403"},"host":{"mac":["00-FF-14-66-C1-B3","0A-00-27-00-00-12","80-B6-55-54-6C-4E","80-B6-55-54-6C-4F","80-B6-55-54-6C-52","82-B6-55-54-6C-4E","D8-BB-C1-74-1C-24"],"name":"msi","hostname":"msi","ip":["169.254.5.113","192.168.56.1","169.254.27.160","169.254.242.69","169.254.117.31","192.168.207.153","169.254.135.196"],"architecture":"x86_64","os":{"platform":"windows","family":"windows","version":"10.0","name":"Windows 11 Home Single Language","build":"22631.4460","kernel":"10.0.22621.4455 (WinBuild.160101.0800)","type":"windows"},"id":"9ed805a2-1686-4d05-b328-395a2152cd70"},"log":{"level":"information"},"@timestamp":"2022-12-30T06:14:36.123Z","winlog":{"opcode":"Info","event_data":{"param1":"Stopped","param2":"Available","param3":"\tNewEngineState=Stopped\n\tPreviousEngineState=Available\n\n\tSequenceNumber=19\n\n\tHostName=Default Host\n\tHostVersion=5.1.22621.963\n\tHostId=e4e8b8c7-255a-4686-8815-01563a528f53\n\tHostApplication=C:\\Program Files\\WindowsApps\\9426MICRO-STARINTERNATION.MSICenter_1.0.67.0_x64__kzh8wxbdkxb8p\\DCv2\\DCv2.exe msi-mc:Startup\n\tEngineVersion=5.1.22621.963\n\tRunspaceId=c00fbfa4-ccdf-41c6-bed4-58fbbef04b26\n\tPipelineId=\n\tCommandName=\n\tCommandType=\n\tScriptName=\n\tCommandPath=\n\tCommandLine="},"process":{"pid":20064},"task":"Engine Lifecycle","api":"wineventlog","channel":"Windows PowerShell","provider_name":"PowerShell","event_id":"403","record_id":2562,"keywords":["Classic"],"computer_name":"MSI"},"agent":{"ephemeral_id":"28ff186b-bd6d-470f-a1b6-1c7ccc3dfe26","id":"ad84ffee-22d0-464b-81dd-06b1181ecd47","name":"MSI","type":"winlogbeat","version":"8.15.2"}}},{"_index":"winlogbeat-2022.12.364","_type":"_doc","_id":"UJm9KZMBylAKiVITW4yw","_score":1.0,"_source":{"@version":"1","tags":["beats_input_codec_plain_applied"],"ecs":{"version":"8.0.0"},"message":"Provider \"Registry\" is Started. \n\nDetails: \n\tProviderName=Registry\n\tNewProviderState=Started\n\n\tSequenceNumber=1\n\n\tHostName=ConsoleHost\n\tHostVersion=5.1.22621.963\n\tHostId=30ffa803-a67e-4af5-814e-90b3ef35b31c\n\tHostApplication=powershell.exe -ExecutionPolicy Restricted -Command Write-Host 'Final result: 1';\n\tEngineVersion=\n\tRunspaceId=\n\tPipelineId=\n\tCommandName=\n\tCommandType=\n\tScriptName=\n\tCommandPath=\n\tCommandLine=","event":{"action":"Provider Lifecycle","kind":"event","provider":"PowerShell","created":"2024-11-14T08:14:39.519Z","code":"600"},"log":{"level":"information"},"host":{"mac":["00-FF-14-66-C1-B3","0A-00-27-00-00-12","80-B6-55-54-6C-4E","80-B6-55-54-6C-4F","80-B6-55-54-6C-52","82-B6-55-54-6C-4E","D8-BB-C1-74-1C-24"],"name":"msi","hostname":"msi","architecture":"x86_64","os":{"platform":"windows","family":"windows","version":"10.0","name":"Windows 11 Home Single Language","build":"22631.4460","kernel":"10.0.22621.4455 (WinBuild.160101.0800)","type":"windows"},"ip":["169.254.5.113","192.168.56.1","169.254.27.160","169.254.242.69","169.254.117.31","192.168.207.153","169.254.135.196"],"id":"9ed805a2-1686-4d05-b328-395a2152cd70"},"@timestamp":"2022-12-30T18:19:06.048Z","winlog":{"opcode":"Info","event_data":{"param1":"Registry","param2":"Started","param3":"\tProviderName=Registry\n\tNewProviderState=Started\n\n\tSequenceNumber=1\n\n\tHostName=ConsoleHost\n\tHostVersion=5.1.22621.963\n\tHostId=30ffa803-a67e-4af5-814e-90b3ef35b31c\n\tHostApplication=powershell.exe -ExecutionPolicy Restricted -Command Write-Host 'Final result: 1';\n\tEngineVersion=\n\tRunspaceId=\n\tPipelineId=\n\tCommandName=\n\tCommandType=\n\tScriptName=\n\tCommandPath=\n\tCommandLine="},"process":{"pid":17712},"task":"Provider Lifecycle","provider_name":"PowerShell","api":"wineventlog","channel":"Windows PowerShell","event_id":"600","record_id":2563,"computer_name":"MSI","keywords":["Classic"]},"agent":{"ephemeral_id":"28ff186b-bd6d-470f-a1b6-1c7ccc3dfe26","id":"ad84ffee-22d0-464b-81dd-06b1181ecd47","name":"MSI","type":"winlogbeat","version":"8.15.2"}}},{"_index":"winlogbeat-2022.12.364","_type":"_doc","_id":"UZm9KZMBylAKiVITW4yw","_score":1.0,"_source":{"@version":"1","tags":["beats_input_codec_plain_applied"],"ecs":{"version":"8.0.0"},"message":"Provider \"Alias\" is Started. \n\nDetails: \n\tProviderName=Alias\n\tNewProviderState=Started\n\n\tSequenceNumber=3\n\n\tHostName=ConsoleHost\n\tHostVersion=5.1.22621.963\n\tHostId=30ffa803-a67e-4af5-814e-90b3ef35b31c\n\tHostApplication=powershell.exe -ExecutionPolicy Restricted -Command Write-Host 'Final result: 1';\n\tEngineVersion=\n\tRunspaceId=\n\tPipelineId=\n\tCommandName=\n\tCommandType=\n\tScriptName=\n\tCommandPath=\n\tCommandLine=","event":{"action":"Provider Lifecycle","kind":"event","provider":"PowerShell","created":"2024-11-14T08:14:39.519Z","code":"600"},"log":{"level":"information"},"host":{"mac":["00-FF-14-66-C1-B3","0A-00-27-00-00-12","80-B6-55-54-6C-4E","80-B6-55-54-6C-4F","80-B6-55-54-6C-52","82-B6-55-54-6C-4E","D8-BB-C1-74-1C-24"],"name":"msi","hostname":"msi","architecture":"x86_64","os":{"platform":"windows","family":"windows","version":"10.0","name":"Windows 11 Home Single Language","build":"22631.4460","kernel":"10.0.22621.4455 (WinBuild.160101.0800)","type":"windows"},"ip":["169.254.5.113","192.168.56.1","169.254.27.160","169.254.242.69","169.254.117.31","192.168.207.153","169.254.135.196"],"id":"9ed805a2-1686-4d05-b328-395a2152cd70"},"@timestamp":"2022-12-30T18:19:06.049Z","winlog":{"opcode":"Info","event_data":{"param1":"Alias","param2":"Started","param3":"\tProviderName=Alias\n\tNewProviderState=Started\n\n\tSequenceNumber=3\n\n\tHostName=ConsoleHost\n\tHostVersion=5.1.22621.963\n\tHostId=30ffa803-a67e-4af5-814e-90b3ef35b31c\n\tHostApplication=powershell.exe -ExecutionPolicy Restricted -Command Write-Host 'Final result: 1';\n\tEngineVersion=\n\tRunspaceId=\n\tPipelineId=\n\tCommandName=\n\tCommandType=\n\tScriptName=\n\tCommandPath=\n\tCommandLine="},"process":{"pid":17712},"task":"Provider Lifecycle","provider_name":"PowerShell","api":"wineventlog","channel":"Windows PowerShell","event_id":"600","record_id":2564,"computer_name":"MSI","keywords":["Classic"]},"agent":{"ephemeral_id":"28ff186b-bd6d-470f-a1b6-1c7ccc3dfe26","id":"ad84ffee-22d0-464b-81dd-06b1181ecd47","name":"MSI","type":"winlogbeat","version":"8.15.2"}}},{"_index":"winlogbeat-2022.12.364","_type":"_doc","_id":"Upm9KZMBylAKiVITW4yw","_score":1.0,"_source":{"@version":"1","tags":["beats_input_codec_plain_applied"],"ecs":{"version":"8.0.0"},"message":"Provider \"Environment\" is Started. \n\nDetails: \n\tProviderName=Environment\n\tNewProviderState=Started\n\n\tSequenceNumber=5\n\n\tHostName=ConsoleHost\n\tHostVersion=5.1.22621.963\n\tHostId=30ffa803-a67e-4af5-814e-90b3ef35b31c\n\tHostApplication=powershell.exe -ExecutionPolicy Restricted -Command Write-Host 'Final result: 1';\n\tEngineVersion=\n\tRunspaceId=\n\tPipelineId=\n\tCommandName=\n\tCommandType=\n\tScriptName=\n\tCommandPath=\n\tCommandLine=","event":{"action":"Provider Lifecycle","kind":"event","provider":"PowerShell","created":"2024-11-14T08:14:39.519Z","code":"600"},"log":{"level":"information"},"host":{"mac":["00-FF-14-66-C1-B3","0A-00-27-00-00-12","80-B6-55-54-6C-4E","80-B6-55-54-6C-4F","80-B6-55-54-6C-52","82-B6-55-54-6C-4E","D8-BB-C1-74-1C-24"],"name":"msi","hostname":"msi","ip":["169.254.5.113","192.168.56.1","169.254.27.160","169.254.242.69","169.254.117.31","192.168.207.153","169.254.135.196"],"architecture":"x86_64","os":{"platform":"windows","family":"windows","version":"10.0","name":"Windows 11 Home Single Language","build":"22631.4460","kernel":"10.0.22621.4455 (WinBuild.160101.0800)","type":"windows"},"id":"9ed805a2-1686-4d05-b328-395a2152cd70"},"@timestamp":"2022-12-30T18:19:06.049Z","winlog":{"opcode":"Info","event_data":{"param1":"Environment","param2":"Started","param3":"\tProviderName=Environment\n\tNewProviderState=Started\n\n\tSequenceNumber=5\n\n\tHostName=ConsoleHost\n\tHostVersion=5.1.22621.963\n\tHostId=30ffa803-a67e-4af5-814e-90b3ef35b31c\n\tHostApplication=powershell.exe -ExecutionPolicy Restricted -Command Write-Host 'Final result: 1';\n\tEngineVersion=\n\tRunspaceId=\n\tPipelineId=\n\tCommandName=\n\tCommandType=\n\tScriptName=\n\tCommandPath=\n\tCommandLine="},"process":{"pid":17712},"task":"Provider Lifecycle","api":"wineventlog","channel":"Windows PowerShell","provider_name":"PowerShell","event_id":"600","record_id":2565,"keywords":["Classic"],"computer_name":"MSI"},"agent":{"ephemeral_id":"28ff186b-bd6d-470f-a1b6-1c7ccc3dfe26","id":"ad84ffee-22d0-464b-81dd-06b1181ecd47","name":"MSI","type":"winlogbeat","version":"8.15.2"}}},{"_index":"winlogbeat-2022.12.364","_type":"_doc","_id":"U5m9KZMBylAKiVITW4yw","_score":1.0,"_source":{"@version":"1","tags":["beats_input_codec_plain_applied"],"ecs":{"version":"8.0.0"},"message":"Provider \"FileSystem\" is Started. \n\nDetails: \n\tProviderName=FileSystem\n\tNewProviderState=Started\n\n\tSequenceNumber=7\n\n\tHostName=ConsoleHost\n\tHostVersion=5.1.22621.963\n\tHostId=30ffa803-a67e-4af5-814e-90b3ef35b31c\n\tHostApplication=powershell.exe -ExecutionPolicy Restricted -Command Write-Host 'Final result: 1';\n\tEngineVersion=\n\tRunspaceId=\n\tPipelineId=\n\tCommandName=\n\tCommandType=\n\tScriptName=\n\tCommandPath=\n\tCommandLine=","event":{"action":"Provider Lifecycle","kind":"event","provider":"PowerShell","created":"2024-11-14T08:14:39.519Z","code":"600"},"log":{"level":"information"},"host":{"mac":["00-FF-14-66-C1-B3","0A-00-27-00-00-12","80-B6-55-54-6C-4E","80-B6-55-54-6C-4F","80-B6-55-54-6C-52","82-B6-55-54-6C-4E","D8-BB-C1-74-1C-24"],"name":"msi","hostname":"msi","ip":["169.254.5.113","192.168.56.1","169.254.27.160","169.254.242.69","169.254.117.31","192.168.207.153","169.254.135.196"],"os":{"platform":"windows","family":"windows","version":"10.0","name":"Windows 11 Home Single Language","build":"22631.4460","kernel":"10.0.22621.4455 (WinBuild.160101.0800)","type":"windows"},"architecture":"x86_64","id":"9ed805a2-1686-4d05-b328-395a2152cd70"},"@timestamp":"2022-12-30T18:19:06.050Z","winlog":{"opcode":"Info","event_data":{"param1":"FileSystem","param2":"Started","param3":"\tProviderName=FileSystem\n\tNewProviderState=Started\n\n\tSequenceNumber=7\n\n\tHostName=ConsoleHost\n\tHostVersion=5.1.22621.963\n\tHostId=30ffa803-a67e-4af5-814e-90b3ef35b31c\n\tHostApplication=powershell.exe -ExecutionPolicy Restricted -Command Write-Host 'Final result: 1';\n\tEngineVersion=\n\tRunspaceId=\n\tPipelineId=\n\tCommandName=\n\tCommandType=\n\tScriptName=\n\tCommandPath=\n\tCommandLine="},"process":{"pid":17712},"task":"Provider Lifecycle","channel":"Windows PowerShell","api":"wineventlog","provider_name":"PowerShell","event_id":"600","record_id":2566,"keywords":["Classic"],"computer_name":"MSI"},"agent":{"ephemeral_id":"28ff186b-bd6d-470f-a1b6-1c7ccc3dfe26","id":"ad84ffee-22d0-464b-81dd-06b1181ecd47","name":"MSI","version":"8.15.2","type":"winlogbeat"}}},{"_index":"winlogbeat-2022.12.364","_type":"_doc","_id":"VJm9KZMBylAKiVITW4yw","_score":1.0,"_source":{"@version":"1","tags":["beats_input_codec_plain_applied"],"ecs":{"version":"8.0.0"},"message":"Provider \"Function\" is Started. \n\nDetails: \n\tProviderName=Function\n\tNewProviderState=Started\n\n\tSequenceNumber=9\n\n\tHostName=ConsoleHost\n\tHostVersion=5.1.22621.963\n\tHostId=30ffa803-a67e-4af5-814e-90b3ef35b31c\n\tHostApplication=powershell.exe -ExecutionPolicy Restricted -Command Write-Host 'Final result: 1';\n\tEngineVersion=\n\tRunspaceId=\n\tPipelineId=\n\tCommandName=\n\tCommandType=\n\tScriptName=\n\tCommandPath=\n\tCommandLine=","event":{"action":"Provider Lifecycle","kind":"event","provider":"PowerShell","created":"2024-11-14T08:14:39.519Z","code":"600"},"host":{"mac":["00-FF-14-66-C1-B3","0A-00-27-00-00-12","80-B6-55-54-6C-4E","80-B6-55-54-6C-4F","80-B6-55-54-6C-52","82-B6-55-54-6C-4E","D8-BB-C1-74-1C-24"],"name":"msi","hostname":"msi","architecture":"x86_64","os":{"platform":"windows","family":"windows","version":"10.0","name":"Windows 11 Home Single Language","build":"22631.4460","kernel":"10.0.22621.4455 (WinBuild.160101.0800)","type":"windows"},"ip":["169.254.5.113","192.168.56.1","169.254.27.160","169.254.242.69","169.254.117.31","192.168.207.153","169.254.135.196"],"id":"9ed805a2-1686-4d05-b328-395a2152cd70"},"log":{"level":"information"},"@timestamp":"2022-12-30T18:19:06.051Z","winlog":{"opcode":"Info","event_data":{"param1":"Function","param2":"Started","param3":"\tProviderName=Function\n\tNewProviderState=Started\n\n\tSequenceNumber=9\n\n\tHostName=ConsoleHost\n\tHostVersion=5.1.22621.963\n\tHostId=30ffa803-a67e-4af5-814e-90b3ef35b31c\n\tHostApplication=powershell.exe -ExecutionPolicy Restricted -Command Write-Host 'Final result: 1';\n\tEngineVersion=\n\tRunspaceId=\n\tPipelineId=\n\tCommandName=\n\tCommandType=\n\tScriptName=\n\tCommandPath=\n\tCommandLine="},"process":{"pid":17712},"task":"Provider Lifecycle","api":"wineventlog","channel":"Windows PowerShell","provider_name":"PowerShell","event_id":"600","record_id":2567,"computer_name":"MSI","keywords":["Classic"]},"agent":{"ephemeral_id":"28ff186b-bd6d-470f-a1b6-1c7ccc3dfe26","id":"ad84ffee-22d0-464b-81dd-06b1181ecd47","name":"MSI","type":"winlogbeat","version":"8.15.2"}}},{"_index":"winlogbeat-2022.12.364","_type":"_doc","_id":"VZm9KZMBylAKiVITW4yw","_score":1.0,"_source":{"@version":"1","tags":["beats_input_codec_plain_applied"],"ecs":{"version":"8.0.0"},"message":"Provider \"Variable\" is Started. \n\nDetails: \n\tProviderName=Variable\n\tNewProviderState=Started\n\n\tSequenceNumber=11\n\n\tHostName=ConsoleHost\n\tHostVersion=5.1.22621.963\n\tHostId=30ffa803-a67e-4af5-814e-90b3ef35b31c\n\tHostApplication=powershell.exe -ExecutionPolicy Restricted -Command Write-Host 'Final result: 1';\n\tEngineVersion=\n\tRunspaceId=\n\tPipelineId=\n\tCommandName=\n\tCommandType=\n\tScriptName=\n\tCommandPath=\n\tCommandLine=","event":{"action":"Provider Lifecycle","kind":"event","provider":"PowerShell","created":"2024-11-14T08:14:39.520Z","code":"600"},"log":{"level":"information"},"host":{"mac":["00-FF-14-66-C1-B3","0A-00-27-00-00-12","80-B6-55-54-6C-4E","80-B6-55-54-6C-4F","80-B6-55-54-6C-52","82-B6-55-54-6C-4E","D8-BB-C1-74-1C-24"],"name":"msi","hostname":"msi","ip":["169.254.5.113","192.168.56.1","169.254.27.160","169.254.242.69","169.254.117.31","192.168.207.153","169.254.135.196"],"architecture":"x86_64","os":{"platform":"windows","name":"Windows 11 Home Single Language","version":"10.0","family":"windows","build":"22631.4460","kernel":"10.0.22621.4455 (WinBuild.160101.0800)","type":"windows"},"id":"9ed805a2-1686-4d05-b328-395a2152cd70"},"@timestamp":"2022-12-30T18:19:06.051Z","winlog":{"opcode":"Info","event_data":{"param1":"Variable","param2":"Started","param3":"\tProviderName=Variable\n\tNewProviderState=Started\n\n\tSequenceNumber=11\n\n\tHostName=ConsoleHost\n\tHostVersion=5.1.22621.963\n\tHostId=30ffa803-a67e-4af5-814e-90b3ef35b31c\n\tHostApplication=powershell.exe -ExecutionPolicy Restricted -Command Write-Host 'Final result: 1';\n\tEngineVersion=\n\tRunspaceId=\n\tPipelineId=\n\tCommandName=\n\tCommandType=\n\tScriptName=\n\tCommandPath=\n\tCommandLine="},"process":{"pid":17712},"task":"Provider Lifecycle","api":"wineventlog","channel":"Windows PowerShell","provider_name":"PowerShell","event_id":"600","record_id":2568,"keywords":["Classic"],"computer_name":"MSI"},"agent":{"ephemeral_id":"28ff186b-bd6d-470f-a1b6-1c7ccc3dfe26","id":"ad84ffee-22d0-464b-81dd-06b1181ecd47","name":"MSI","version":"8.15.2","type":"winlogbeat"}}},{"_index":"winlogbeat-2022.12.364","_type":"_doc","_id":"Vpm9KZMBylAKiVITW4yw","_score":1.0,"_source":{"@version":"1","tags":["beats_input_codec_plain_applied"],"ecs":{"version":"8.0.0"},"message":"Engine state is changed from None to Available. \n\nDetails: \n\tNewEngineState=Available\n\tPreviousEngineState=None\n\n\tSequenceNumber=13\n\n\tHostName=ConsoleHost\n\tHostVersion=5.1.22621.963\n\tHostId=30ffa803-a67e-4af5-814e-90b3ef35b31c\n\tHostApplication=powershell.exe -ExecutionPolicy Restricted -Command Write-Host 'Final result: 1';\n\tEngineVersion=5.1.22621.963\n\tRunspaceId=ff2bdb40-055c-46ab-a99b-8632ceb236e4\n\tPipelineId=\n\tCommandName=\n\tCommandType=\n\tScriptName=\n\tCommandPath=\n\tCommandLine=","event":{"action":"Engine Lifecycle","kind":"event","provider":"PowerShell","created":"2024-11-14T08:14:39.520Z","code":"400"},"host":{"mac":["00-FF-14-66-C1-B3","0A-00-27-00-00-12","80-B6-55-54-6C-4E","80-B6-55-54-6C-4F","80-B6-55-54-6C-52","82-B6-55-54-6C-4E","D8-BB-C1-74-1C-24"],"name":"msi","hostname":"msi","architecture":"x86_64","os":{"platform":"windows","family":"windows","version":"10.0","name":"Windows 11 Home Single Language","build":"22631.4460","kernel":"10.0.22621.4455 (WinBuild.160101.0800)","type":"windows"},"ip":["169.254.5.113","192.168.56.1","169.254.27.160","169.254.242.69","169.254.117.31","192.168.207.153","169.254.135.196"],"id":"9ed805a2-1686-4d05-b328-395a2152cd70"},"log":{"level":"information"},"@timestamp":"2022-12-30T18:19:06.064Z","winlog":{"opcode":"Info","event_data":{"param1":"Available","param2":"None","param3":"\tNewEngineState=Available\n\tPreviousEngineState=None\n\n\tSequenceNumber=13\n\n\tHostName=ConsoleHost\n\tHostVersion=5.1.22621.963\n\tHostId=30ffa803-a67e-4af5-814e-90b3ef35b31c\n\tHostApplication=powershell.exe -ExecutionPolicy Restricted -Command Write-Host 'Final result: 1';\n\tEngineVersion=5.1.22621.963\n\tRunspaceId=ff2bdb40-055c-46ab-a99b-8632ceb236e4\n\tPipelineId=\n\tCommandName=\n\tCommandType=\n\tScriptName=\n\tCommandPath=\n\tCommandLine="},"process":{"pid":17712},"task":"Engine Lifecycle","provider_name":"PowerShell","channel":"Windows PowerShell","api":"wineventlog","event_id":"400","record_id":2569,"keywords":["Classic"],"computer_name":"MSI"},"agent":{"ephemeral_id":"28ff186b-bd6d-470f-a1b6-1c7ccc3dfe26","id":"ad84ffee-22d0-464b-81dd-06b1181ecd47","name":"MSI","type":"winlogbeat","version":"8.15.2"}}},