{"_index":"winlogbeat-2022.12.348","_type":"_doc","_id":"pZm9KZMBylAKiVITTIqz","_score":1.0,"_source":{"@version":"1","tags":["beats_input_codec_plain_applied"],"ecs":{"version":"8.0.0"},"message":"Provider \"Variable\" is Started. \n\nDetails: \n\tProviderName=Variable\n\tNewProviderState=Started\n\n\tSequenceNumber=11\n\n\tHostName=ConsoleHost\n\tHostVersion=5.1.22621.608\n\tHostId=cb02ccaf-55fb-44c7-9ae3-5f1d48b9d03b\n\tHostApplication=powershell.exe -ExecutionPolicy Restricted -Command Write-Host 'Final result: 1';\n\tEngineVersion=\n\tRunspaceId=\n\tPipelineId=\n\tCommandName=\n\tCommandType=\n\tScriptName=\n\tCommandPath=\n\tCommandLine=","event":{"action":"Provider Lifecycle","kind":"event","provider":"PowerShell","created":"2024-11-14T08:14:39.263Z","code":"600"},"log":{"level":"information"},"host":{"mac":["00-FF-14-66-C1-B3","0A-00-27-00-00-12","80-B6-55-54-6C-4E","80-B6-55-54-6C-4F","80-B6-55-54-6C-52","82-B6-55-54-6C-4E","D8-BB-C1-74-1C-24"],"name":"msi","hostname":"msi","ip":["169.254.5.113","192.168.56.1","169.254.27.160","169.254.242.69","169.254.117.31","192.168.207.153","169.254.135.196"],"os":{"platform":"windows","family":"windows","version":"10.0","name":"Windows 11 Home Single Language","build":"22631.4460","kernel":"10.0.22621.4455 (WinBuild.160101.0800)","type":"windows"},"architecture":"x86_64","id":"9ed805a2-1686-4d05-b328-395a2152cd70"},"@timestamp":"2022-12-14T08:52:51.563Z","winlog":{"opcode":"Info","event_data":{"param1":"Variable","param2":"Started","param3":"\tProviderName=Variable\n\tNewProviderState=Started\n\n\tSequenceNumber=11\n\n\tHostName=ConsoleHost\n\tHostVersion=5.1.22621.608\n\tHostId=cb02ccaf-55fb-44c7-9ae3-5f1d48b9d03b\n\tHostApplication=powershell.exe -ExecutionPolicy Restricted -Command Write-Host 'Final result: 1';\n\tEngineVersion=\n\tRunspaceId=\n\tPipelineId=\n\tCommandName=\n\tCommandType=\n\tScriptName=\n\tCommandPath=\n\tCommandLine="},"process":{"pid":15096},"task":"Provider Lifecycle","provider_name":"PowerShell","api":"wineventlog","channel":"Windows PowerShell","event_id":"600","record_id":2386,"keywords":["Classic"],"computer_name":"MSI"},"agent":{"ephemeral_id":"28ff186b-bd6d-470f-a1b6-1c7ccc3dfe26","id":"ad84ffee-22d0-464b-81dd-06b1181ecd47","name":"MSI","type":"winlogbeat","version":"8.15.2"}}},{"_index":"winlogbeat-2022.12.349","_type":"_doc","_id":"MZm9KZMBylAKiVITKol-","_score":1.0,"_source":{"@version":"1","tags":["beats_input_codec_plain_applied"],"ecs":{"version":"8.0.0"},"message":"Provider \"Alias\" is Started. \n\nDetails: \n\tProviderName=Alias\n\tNewProviderState=Started\n\n\tSequenceNumber=3\n\n\tHostName=ConsoleHost\n\tHostVersion=5.1.22621.608\n\tHostId=252d07f1-6448-4839-bd01-2c512f58d9ce\n\tHostApplication=powershell.exe -ExecutionPolicy Restricted -Command Write-Host 'Final result: 1';\n\tEngineVersion=\n\tRunspaceId=\n\tPipelineId=\n\tCommandName=\n\tCommandType=\n\tScriptName=\n\tCommandPath=\n\tCommandLine=","event":{"action":"Provider Lifecycle","kind":"event","provider":"PowerShell","created":"2024-11-14T08:14:39.263Z","code":"600"},"log":{"level":"information"},"host":{"mac":["00-FF-14-66-C1-B3","0A-00-27-00-00-12","80-B6-55-54-6C-4E","80-B6-55-54-6C-4F","80-B6-55-54-6C-52","82-B6-55-54-6C-4E","D8-BB-C1-74-1C-24"],"name":"msi","hostname":"msi","architecture":"x86_64","os":{"platform":"windows","family":"windows","version":"10.0","name":"Windows 11 Home Single Language","build":"22631.4460","kernel":"10.0.22621.4455 (WinBuild.160101.0800)","type":"windows"},"ip":["169.254.5.113","192.168.56.1","169.254.27.160","169.254.242.69","169.254.117.31","192.168.207.153","169.254.135.196"],"id":"9ed805a2-1686-4d05-b328-395a2152cd70"},"@timestamp":"2022-12-15T10:51:06.827Z","winlog":{"opcode":"Info","event_data":{"param1":"Alias","param2":"Started","param3":"\tProviderName=Alias\n\tNewProviderState=Started\n\n\tSequenceNumber=3\n\n\tHostName=ConsoleHost\n\tHostVersion=5.1.22621.608\n\tHostId=252d07f1-6448-4839-bd01-2c512f58d9ce\n\tHostApplication=powershell.exe -ExecutionPolicy Restricted -Command Write-Host 'Final result: 1';\n\tEngineVersion=\n\tRunspaceId=\n\tPipelineId=\n\tCommandName=\n\tCommandType=\n\tScriptName=\n\tCommandPath=\n\tCommandLine="},"process":{"pid":11056},"task":"Provider Lifecycle","api":"wineventlog","provider_name":"PowerShell","channel":"Windows PowerShell","event_id":"600","record_id":2390,"computer_name":"MSI","keywords":["Classic"]},"agent":{"ephemeral_id":"28ff186b-bd6d-470f-a1b6-1c7ccc3dfe26","id":"ad84ffee-22d0-464b-81dd-06b1181ecd47","name":"MSI","type":"winlogbeat","version":"8.15.2"}}},{"_index":"winlogbeat-2022.12.349","_type":"_doc","_id":"OZm9KZMBylAKiVITKol-","_score":1.0,"_source":{"@version":"1","tags":["beats_input_codec_plain_applied"],"ecs":{"version":"8.0.0"},"message":"Engine state is changed from Available to Stopped. \n\nDetails: \n\tNewEngineState=Stopped\n\tPreviousEngineState=Available\n\n\tSequenceNumber=15\n\n\tHostName=ConsoleHost\n\tHostVersion=5.1.22621.608\n\tHostId=252d07f1-6448-4839-bd01-2c512f58d9ce\n\tHostApplication=powershell.exe -ExecutionPolicy Restricted -Command Write-Host 'Final result: 1';\n\tEngineVersion=5.1.22621.608\n\tRunspaceId=bc28ca16-c11a-4b36-a8f9-cea7b9a7dd6e\n\tPipelineId=\n\tCommandName=\n\tCommandType=\n\tScriptName=\n\tCommandPath=\n\tCommandLine=","event":{"action":"Engine Lifecycle","kind":"event","provider":"PowerShell","created":"2024-11-14T08:14:39.263Z","code":"403"},"log":{"level":"information"},"host":{"mac":["00-FF-14-66-C1-B3","0A-00-27-00-00-12","80-B6-55-54-6C-4E","80-B6-55-54-6C-4F","80-B6-55-54-6C-52","82-B6-55-54-6C-4E","D8-BB-C1-74-1C-24"],"name":"msi","hostname":"msi","architecture":"x86_64","os":{"platform":"windows","family":"windows","version":"10.0","name":"Windows 11 Home Single Language","build":"22631.4460","kernel":"10.0.22621.4455 (WinBuild.160101.0800)","type":"windows"},"ip":["169.254.5.113","192.168.56.1","169.254.27.160","169.254.242.69","169.254.117.31","192.168.207.153","169.254.135.196"],"id":"9ed805a2-1686-4d05-b328-395a2152cd70"},"@timestamp":"2022-12-15T10:51:07.428Z","winlog":{"opcode":"Info","event_data":{"param1":"Stopped","param2":"Available","param3":"\tNewEngineState=Stopped\n\tPreviousEngineState=Available\n\n\tSequenceNumber=15\n\n\tHostName=ConsoleHost\n\tHostVersion=5.1.22621.608\n\tHostId=252d07f1-6448-4839-bd01-2c512f58d9ce\n\tHostApplication=powershell.exe -ExecutionPolicy Restricted -Command Write-Host 'Final result: 1';\n\tEngineVersion=5.1.22621.608\n\tRunspaceId=bc28ca16-c11a-4b36-a8f9-cea7b9a7dd6e\n\tPipelineId=\n\tCommandName=\n\tCommandType=\n\tScriptName=\n\tCommandPath=\n\tCommandLine="},"process":{"pid":11056},"task":"Engine Lifecycle","channel":"Windows PowerShell","api":"wineventlog","provider_name":"PowerShell","event_id":"403","record_id":2396,"keywords":["Classic"],"computer_name":"MSI"},"agent":{"ephemeral_id":"28ff186b-bd6d-470f-a1b6-1c7ccc3dfe26","id":"ad84ffee-22d0-464b-81dd-06b1181ecd47","name":"MSI","version":"8.15.2","type":"winlogbeat"}}},{"_index":"winlogbeat-2022.12.349","_type":"_doc","_id":"LZm9KZMBylAKiVITOIrH","_score":1.0,"_source":{"@version":"1","tags":["beats_input_codec_plain_applied"],"ecs":{"version":"8.0.0"},"message":"Provider \"Environment\" is Started. \n\nDetails: \n\tProviderName=Environment\n\tNewProviderState=Started\n\n\tSequenceNumber=5\n\n\tHostName=ConsoleHost\n\tHostVersion=5.1.22621.608\n\tHostId=252d07f1-6448-4839-bd01-2c512f58d9ce\n\tHostApplication=powershell.exe -ExecutionPolicy Restricted -Command Write-Host 'Final result: 1';\n\tEngineVersion=\n\tRunspaceId=\n\tPipelineId=\n\tCommandName=\n\tCommandType=\n\tScriptName=\n\tCommandPath=\n\tCommandLine=","event":{"action":"Provider Lifecycle","kind":"event","provider":"PowerShell","created":"2024-11-14T08:14:39.263Z","code":"600"},"host":{"mac":["00-FF-14-66-C1-B3","0A-00-27-00-00-12","80-B6-55-54-6C-4E","80-B6-55-54-6C-4F","80-B6-55-54-6C-52","82-B6-55-54-6C-4E","D8-BB-C1-74-1C-24"],"name":"msi","hostname":"msi","architecture":"x86_64","os":{"platform":"windows","family":"windows","version":"10.0","name":"Windows 11 Home Single Language","build":"22631.4460","kernel":"10.0.22621.4455 (WinBuild.160101.0800)","type":"windows"},"ip":["169.254.5.113","192.168.56.1","169.254.27.160","169.254.242.69","169.254.117.31","192.168.207.153","169.254.135.196"],"id":"9ed805a2-1686-4d05-b328-395a2152cd70"},"log":{"level":"information"},"@timestamp":"2022-12-15T10:51:06.827Z","winlog":{"opcode":"Info","event_data":{"param1":"Environment","param2":"Started","param3":"\tProviderName=Environment\n\tNewProviderState=Started\n\n\tSequenceNumber=5\n\n\tHostName=ConsoleHost\n\tHostVersion=5.1.22621.608\n\tHostId=252d07f1-6448-4839-bd01-2c512f58d9ce\n\tHostApplication=powershell.exe -ExecutionPolicy Restricted -Command Write-Host 'Final result: 1';\n\tEngineVersion=\n\tRunspaceId=\n\tPipelineId=\n\tCommandName=\n\tCommandType=\n\tScriptName=\n\tCommandPath=\n\tCommandLine="},"process":{"pid":11056},"task":"Provider Lifecycle","channel":"Windows PowerShell","provider_name":"PowerShell","api":"wineventlog","event_id":"600","record_id":2391,"computer_name":"MSI","keywords":["Classic"]},"agent":{"ephemeral_id":"28ff186b-bd6d-470f-a1b6-1c7ccc3dfe26","id":"ad84ffee-22d0-464b-81dd-06b1181ecd47","name":"MSI","type":"winlogbeat","version":"8.15.2"}}},{"_index":"winlogbeat-2022.12.349","_type":"_doc","_id":"MJm9KZMBylAKiVITOIrH","_score":1.0,"_source":{"@version":"1","tags":["beats_input_codec_plain_applied"],"ecs":{"version":"8.0.0"},"message":"Provider \"Function\" is Started. \n\nDetails: \n\tProviderName=Function\n\tNewProviderState=Started\n\n\tSequenceNumber=9\n\n\tHostName=ConsoleHost\n\tHostVersion=5.1.22621.608\n\tHostId=252d07f1-6448-4839-bd01-2c512f58d9ce\n\tHostApplication=powershell.exe -ExecutionPolicy Restricted -Command Write-Host 'Final result: 1';\n\tEngineVersion=\n\tRunspaceId=\n\tPipelineId=\n\tCommandName=\n\tCommandType=\n\tScriptName=\n\tCommandPath=\n\tCommandLine=","event":{"action":"Provider Lifecycle","kind":"event","provider":"PowerShell","created":"2024-11-14T08:14:39.263Z","code":"600"},"log":{"level":"information"},"host":{"mac":["00-FF-14-66-C1-B3","0A-00-27-00-00-12","80-B6-55-54-6C-4E","80-B6-55-54-6C-4F","80-B6-55-54-6C-52","82-B6-55-54-6C-4E","D8-BB-C1-74-1C-24"],"name":"msi","hostname":"msi","architecture":"x86_64","os":{"platform":"windows","name":"Windows 11 Home Single Language","version":"10.0","family":"windows","build":"22631.4460","kernel":"10.0.22621.4455 (WinBuild.160101.0800)","type":"windows"},"ip":["169.254.5.113","192.168.56.1","169.254.27.160","169.254.242.69","169.254.117.31","192.168.207.153","169.254.135.196"],"id":"9ed805a2-1686-4d05-b328-395a2152cd70"},"@timestamp":"2022-12-15T10:51:06.829Z","winlog":{"opcode":"Info","event_data":{"param1":"Function","param2":"Started","param3":"\tProviderName=Function\n\tNewProviderState=Started\n\n\tSequenceNumber=9\n\n\tHostName=ConsoleHost\n\tHostVersion=5.1.22621.608\n\tHostId=252d07f1-6448-4839-bd01-2c512f58d9ce\n\tHostApplication=powershell.exe -ExecutionPolicy Restricted -Command Write-Host 'Final result: 1';\n\tEngineVersion=\n\tRunspaceId=\n\tPipelineId=\n\tCommandName=\n\tCommandType=\n\tScriptName=\n\tCommandPath=\n\tCommandLine="},"process":{"pid":11056},"task":"Provider Lifecycle","channel":"Windows PowerShell","provider_name":"PowerShell","api":"wineventlog","event_id":"600","record_id":2393,"computer_name":"MSI","keywords":["Classic"]},"agent":{"ephemeral_id":"28ff186b-bd6d-470f-a1b6-1c7ccc3dfe26","id":"ad84ffee-22d0-464b-81dd-06b1181ecd47","name":"MSI","type":"winlogbeat","version":"8.15.2"}}},{"_index":"winlogbeat-2022.12.349","_type":"_doc","_id":"9Jm9KZMBylAKiVITMIl2","_score":1.0,"_source":{"@version":"1","tags":["beats_input_codec_plain_applied"],"ecs":{"version":"8.0.0"},"message":"Creating Scriptblock text (1 of 1):\n# Copyright © 2008, Microsoft Corporation. All rights reserved.\n\n\n#Common utility functions\nImport-LocalizedData -BindingVariable localizationString -FileName CL_LocalizationData\n\n# Function to get user troubleshooting history\nfunction Get-UserTSHistoryPath {\n    return \"${env:localappdata}\\diagnostics\"\n}\n\n# Function to get admin troubleshooting history\nfunction Get-AdminTSHistoryPath {\n    return \"${env:localappdata}\\elevateddiagnostics\"\n}\n\n# Function to get user report folder path\nfunction Get-UserReportPath {\n    return \"${env:localappdata}\\Microsoft\\Windows\\WER\\ReportQueue\"\n}\n\n# Function to get system report folder path\nfunction Get-MachineReportPath {\n    return \"${env:AllUsersProfile}\\Microsoft\\Windows\\WER\\ReportQueue\"\n}\n\n# Function to get threshold to check whether a folder is old\nfunction Get-ThresholdForCheckOlderFile {\n    [int]$threshold = -1\n    return $threshold\n}\n\n# Function to get threshold for deleting WER folder\nfunction Get-ThresholdForFileDeleting() {\n    [string]$registryEntryPath = \"HKLM:\\SOFTWARE\\Microsoft\\Windows\\Windows Error Reporting\"\n    [string]$registryEntryName = \"PurgeThreshholdValueInKB\"\n    [double]$defaultValue = 10.0\n\n    return Get-RegistryValue $registryEntryPath $registryEntryName $defaultValue\n}\n\n# Function to get the size of a directory in kb\nfunction Get-FolderSize([string]$folder = $(throw \"No folder is specified\")) {\n    if([String]::IsNullOrEmpty($folder) -or (-not(Test-Path $folder))) {\n        return 0\n    }\n\n    if(-not $Global:DirectoryObject) {\n        $Global:DirectoryObject = New-Object -comobject \"Scripting.FileSystemObject\"\n    }\n\n    return ($Global:DirectoryObject.GetFolder($folder).Size) / 1kb\n}\n\n# Function to delete a folder\nfunction Delete-Folder([string]$folder = $(throw \"No folder is specified\")) {\n    if([String]::IsNullOrEmpty($folder) -or (-not(Test-Path $folder))) {\n        return\n    }\n\n    Remove-Item -literalPath $folder -Recurse -Force\n}\n\n# Function to delete old folders\nfunction Delete-OldFolders($folder=$(throw \"No folder is specified\")) {\n    if(($folder -eq $null) -or (-not(Test-Path $folder))) {\n        return\n    }\n\n    [int]$threshold = Get-ThresholdForCheckOlderFile\n    $folders = Get-ChildItem -LiteralPath ($folder.FullName) -Force | Where-Object {$_.PSIsContainer}\n    if($folders -ne $null) {\n        foreach($folder in $folders) {\n            if((($folder.CreationTime).CompareTo((Get-Date).AddMonths($threshold))) -lt 0) {\n                Delete-Folder ($folder.FullName)\n            } else {\n                Delete-OldFolders (Get-Item ($folder.FullName))\n            }\n        }\n    }\n}\n\n# Function to get registry value\nfunction Get-RegistryValue([string]$registryEntryPath = $(throw \"No registry entry path is specified\"), [string]$registryEntryName = $(throw \"No registry entry name is specified\"), [double]$defaultValue = 0.0) {\n    [double]$registryEntryValue = $defaultValue\n\n    $registryEntry = Get-ItemProperty -Path $registryEntryPath -Name $registryEntryName\n    if($registryEntry -ne $null) {\n        $registryEntryValue = $registryEntry.$registryEntryName\n    }\n\n\treturn $registryEntryValue\n}\n\n# Function to get the percentage that WER queue can take up\nfunction Get-Percentage() {\n    [string]$registryEntryPath = \"HKLM:\\SOFTWARE\\Microsoft\\Windows\\Windows Error Reporting\"\n    [string]$registryEntryName = \"MaxQueueSizePercentage\"\n    [double]$defaultValue = 100.0\n\n    return Get-RegistryValue $registryEntryPath $registryEntryName $defaultValue\n}\n\n# Function to get free disk space on machine\nfunction Get-FreeSpace {\n    [double]$freeSpace = 0.0\n    [string]$wql = \"SELECT * FROM Win32_LogicalDisk WHERE MediaType=12\"\n    $drives = Get-WmiObject -query $wql\n    if($null -ne $drives) {\n        foreach($drive in $drives) {\n            $freeSpace += ($drive.freeSpace)\n        }\n    }\n\n    return ($freeSpace / 1KB)\n}\n\n# Function to get all unnecessary files\nfunction Get-UnnecessaryFiles([string]$folder = $(throw \"No folder is specified\")) {\n    if([String]::IsNullOrEmpty($folder) -or (-not(Test-Path $folder))) {\n        return $null\n    }\n\n    [int]$threshold = Get-ThresholdForCheckOlderFile\n\n    return (Get-ChildItem -literalPath $folder -Recurse -Force | Where-Object {($_.PSIsContainer) -and ((($_.CreationTime).CompareTo((Get-Date).AddMonths($threshold))) -lt 0)})\n}\n\n# Function to format disk space (KB -> MB)\nfunction Format-DiskSpaceMB([double]$space = $(throw \"No space is specified\")) {\n    return [string]([Math]::Round(($space / 1KB), 3))\n}\n\n# Function to format disk space (B -> GB)\nFunction Format-DiskSpaceGB([double]$space = $(throw \"No space is specified\")) {\n    return [string]([Math]::Round(($space / 1GB), 3))\n}\n\n# Function to attach item to the list with delimiter \"/\"\nfunction AttachTo-List([string]$list = $(throw \"No list is specified\"), [string]$item = $(throw \"No item is specified\"))\n{\n    if([String]::IsNullOrEmpty($list))\n    {\n        return $item\n    }\n\n    if([String]::IsNullOrEmpty($item))\n    {\n        return $list\n    }\n\n    return $list + \"/\" + $item\n}\n\n# Function to parse the the list with delimiter \"/\"\nfunction Parse-List([string]$list = $(throw \"No list is specified\"))\n{\n    if($list -eq $null)\n    {\n        return $null\n    }\n\n    return $list.Split(\"/\", [StringSplitOptions]::RemoveEmptyEntries)\n}\n\n# Function to get list length\nfunction Get-ListLength([string]$list = $(throw \"No list is specified\"))\n{\n    if($list -eq $null)\n    {\n        return 0\n    }\n\n    $result = Parse-List $list\n\n    if($result -is [string])\n    {\n        return 1\n    }\n    elseif($result -is [object[]])\n    {\n        return $result.count\n    }\n    else\n    {\n        return 0\n    }\n}\n\n# Function to convert to WQL path\nfunction ConvertTo-WQLPath([string]$wqlPath = $(throw \"No WQL path is specified\"))\n{\n    if($wqlPath -eq $null)\n    {\n        return \"\"\n    }\n\n    return $wqlPath.Replace(\"\\\", \"\\\\\")\n}\n\n# Function to check whether the shortcut is valid\nfunction Test-ValidLink([Wmi]$wmiLinkFile = $(throw \"No WMI link file is specified\"))\n{\n    if(($wmiLinkFile -eq $null) -or ([String]::IsNullOrEmpty($wmiLinkFile.Target)))\n    {\n        return $false\n    }\n\n    return Test-Path $wmiLinkFile.Target\n}\n\n# Function to chech whether have permission to delete the shortcut file\nfunction Test-Delete([Wmi]$wmiLinkFile = $(throw \"No WMI link file is specified\"))\n{\n    if($wmiLinkFile -eq $null)\n    {\n        return $false\n    }\n\n    return ($wmiLinkFile.AccessMask -band 0x10000) -eq 0x10000\n}\n\n# Function to get desktop path\nfunction Get-DesktopPath()\n{\n$methodDefinition = @\"\n    public static string GetDesktopPath\n    {\n        get\n        {\n            return Environment.GetFolderPath(Environment.SpecialFolder.DesktopDirectory);\n        }\n    }\n\"@\n\n    $type = Add-Type -MemberDefinition $methodDefinition -Name \"DesktopPath\" -PassThru\n\n    return $type::GetDesktopPath\n}\n\n# Function to get startup path\nfunction Get-StartupPath()\n{\n$methodDefinition = @\"\n    public static string GetStartupPath\n    {\n        get\n        {\n            return Environment.GetFolderPath(Environment.SpecialFolder.Startup);\n        }\n    }\n\"@\n\n    $type = Add-Type -MemberDefinition $methodDefinition -Name \"StartupPath\" -PassThru\n\n    return $type::GetStartupPath\n}\n\n# Function to remove all files in the list\nfunction Remove-FileList([string]$list = $(throw \"No list is specified\"))\n{\n    if([String]::IsNullOrEmpty($list))\n    {\n        return\n    }\n\n    try\n    {\n        Parse-List $list | Foreach-Object {\n            if(-not([String]::IsNullOrEmpty($_)))\n            {\n                Remove-Item $_ -Force\n            }\n        }\n    }\n    catch\n    {\n        $_ | ConvertTo-Xml | Update-DiagReport -id DeleteFileExceptions -Name $localizationString.filesFailToRemove_name -Description $localizationString.filesFailToRemove_description -Verbosity Warning\n    }\n}\n\n# Function to get the last access time of an Icon\nfunction Get-LastAccessTime([string]$filePath = $(throw \"No file path is specified\"))\n{\n    if([String]::IsNullOrEmpty($filePath) -or -not(Test-Path $filePath))\n    {\n        throw \"No file path found\"\n    }\n\n$typeDefinition = @\"\n\nusing System;\nusing System.Collections.Generic;\nusing System.Runtime.InteropServices;\nusing ComType = System.Runtime.InteropServices.ComTypes;\n\npublic sealed class FileInfo\n{\n    private FileInfo()\n    {\n    }\n\n    [StructLayout(LayoutKind.Sequential, CharSet = CharSet.Unicode)]\n    struct UAINFO\n    {\n        internal int cbSize;\n        internal int dwMask;\n        internal float R;\n        internal uint cLaunches;\n        internal uint cSwitches;\n        internal int dwTime;\n        internal ComType.FILETIME ftExecute;\n        [MarshalAs(UnmanagedType.Bool)] internal bool fExcludeFromMFU;\n\n        internal UAINFO(int dwMask)\n        {\n            this.cbSize = Marshal.SizeOf(typeof(UAINFO));\n            this.dwMask = dwMask;\n            this.R = 0;\n            this.cLaunches = 0;\n            this.cSwitches = 0;\n            this.dwTime = 0;\n            this.ftExecute = new ComType.FILETIME();\n            this.fExcludeFromMFU = false;\n        }\n    }\n\n    internal const int UAIM_FILETIME = 1;\n    internal static Guid UAIID_SHORTCUTS = new Guid(\"F4E57C4B-2036-45F0-A9AB-443BCFE33D9F\");\n\n    [ComImport, Guid(\"90D75131-43A6-4664-9AF8-DCCEB85A7462\"), InterfaceType(ComInterfaceType.InterfaceIsIUnknown)]\n    interface IShellUserAssist\n    {\n        int FireEvent(ref Guid pguidGrp, int eCmd, string pszPath, int dwTimeElapsed);\n        int QueryEntry(ref Guid pguidGrp, string pszPath, ref UAINFO pui);\n        int SetEntry(ref Guid pguidGrp, string pszPath, ref UAINFO pui);\n        int RenameEntry(ref Guid pguidGrp, string pszFrom, string pszTo);\n        int DeleteEntry(ref Guid pguidGrp, string pszPath);\n        int Enable(bool fEnable);\n    }\n\n    [ComImport, Guid(\"DD313E04-FEFF-11d1-8ECD-0000F87A470C\")]\n    internal class UserAssist { }\n\n    public static DateTime GetLastAccessTime(string filePath)\n    {\n        if(String.IsNullOrEmpty(filePath))\n        {\n            throw new ArgumentException(\"The file path is null or empty\");\n        }\n\n        UAINFO uaInfo = new UAINFO(UAIM_FILETIME);\n        IShellUserAssist iShellUserAssist = new UserAssist() as IShellUserAssist;\n        if (iShellUserAssist == null)\n        {\n            throw new InvalidOperationException(\"Can't get iShellUserAssist interface\");\n        }\n\n        try\n        {\n            Marshal.ThrowExceptionForHR(iShellUserAssist.QueryEntry(ref UAIID_SHORTCUTS, filePath, ref uaInfo));\n        }\n        catch\n        {\n            throw new InvalidOperationException(\"Can't query info about\" + filePath);\n        }\n\n        long fileTime = (((long)uaInfo.ftExecute.dwHighDateTime) << 32) + uaInfo.ftExecute.dwLowDateTime;\n\n        return DateTime.FromFileTime(fileTime);\n    }\n}\n\"@\n\n    $type = Add-Type -TypeDefinition $typeDefinition -PassThru\n\n    return $type[0]::GetLastAccessTime($filePath)\n}\n\n# Function to check whether the icon is pointing to a file\nfunction Test-FileShortcut([Wmi]$wmiLinkFile = $(throw \"No wmi link file is specified\"))\n{\n    if($wmiLinkFile -eq $null)\n    {\n        return $false\n    }\n\n    [string]$target = $wmiLinkFile.Target\n    if([String]::IsNullOrEmpty($target) -or -not(Test-Path $target))\n    {\n        return $false\n    }\n\n    return -not((Get-Item $target).PSIsContainer)\n}\n\n# Function to create a choice in interaction page\nfunction Get-Choice([string]$name = $(throw \"No choice name is specified\"), [string]$description = $(throw \"No choice description is specified\"),\n                   [string]$value = $(throw \"No choice value is specified\"), [xml]$extension)\n{\n    return @{\"Name\"=$name;\"Description\"=$description;\"Value\"=$value;\"ExtensionPoint\"=$extension.InnerXml}\n}\n\n# Function to check whether the current machine is domain joined\nFunction Test-DomainJoined()\n{\n    return (Get-WmiObject -query \"select * from win32_ntdomain where Status ='OK'\") -ne $null\n}\n\n# Function to update time source\nFunction Update-TimeSource([string]$timeSource = $(throw \"No time source is specified\"))\n{\n    w32tm.exe /config /update /manualpeerlist:\"$timeSource\"\n}\n\n# Function to get system drive info\nfunction Get-SystemDriveInfo() {\n    [string]$wql = \"SELECT * FROM Win32_LogicalDisk WHERE MediaType=12 AND Name = '\" + ${env:systemdrive} + \"'\"\n    return Get-WmiObject -query $wql\n}\n\n# Function to get time service status\nfunction Get-ServiceStatus([string]$serviceName=$(throw \"No service name is specified\")) {\n   [bool]$startService = $true\n\n   [WMI]$timeService = @(Get-WmiObject -Query \"Select * From Win32_Service Where Name = `\"$serviceName`\"\")[0]\n   if($null -ne $timeService) {\n      [ServiceProcess.ServiceControllerStatus]$timeServicesStatus = (Get-Service $serviceName).Status\n      if(([ServiceProcess.ServiceControllerStatus]::Stopped -eq $timeServicesStatus) -or ([ServiceProcess.ServiceControllerStatus]::StopPending -eq $timeServicesStatus)) {\n         $startService = $false\n      }\n   }\n\n   return $startService\n}\n\n# Function to wait for expected service status\nfunction WaitFor-ServiceStatus([string]$serviceName=$(throw \"No service name is specified\"), [ServiceProcess.ServiceControllerStatus]$serviceStatus=$(throw \"No service status is specified\")) {\n    [ServiceProcess.ServiceController]$sc = New-Object \"ServiceProcess.ServiceController\" $serviceName\n    [TimeSpan]$timeOut = New-Object TimeSpan(0,0,0,5,0)\n    $sc.WaitForStatus($serviceStatus, $timeOut)\n}\n\nScriptBlock ID: 6f4bbe1e-3dbe-4eaa-a5d8-40c9f74bdbdd\nPath: C:\\WINDOWS\\TEMP\\SDIAG_71b37891-43db-4c0e-9143-954296c60e09\\CL_Utility.ps1","event":{"action":"Execute a Remote Command","kind":"event","provider":"Microsoft-Windows-PowerShell","created":"2024-11-14T08:14:39.264Z","code":"4104"},"log":{"level":"warning"},"host":{"mac":["00-FF-14-66-C1-B3","0A-00-27-00-00-12","80-B6-55-54-6C-4E","80-B6-55-54-6C-4F","80-B6-55-54-6C-52","82-B6-55-54-6C-4E","D8-BB-C1-74-1C-24"],"name":"msi","hostname":"msi","ip":["169.254.5.113","192.168.56.1","169.254.27.160","169.254.242.69","169.254.117.31","192.168.207.153","169.254.135.196"],"os":{"platform":"windows","name":"Windows 11 Home Single Language","version":"10.0","family":"windows","build":"22631.4460","kernel":"10.0.22621.4455 (WinBuild.160101.0800)","type":"windows"},"architecture":"x86_64","id":"9ed805a2-1686-4d05-b328-395a2152cd70"},"@timestamp":"2022-12-15T10:47:25.606Z","winlog":{"user":{"domain":"MSI","identifier":"S-1-5-21-3515232144-1156426094-2878811365-1001","name":"vaibk","type":"User"},"opcode":"On create calls","event_data":{"ScriptBlockText":"# Copyright © 2008, Microsoft Corporation. All rights reserved.\n\n\n#Common utility functions\nImport-LocalizedData -BindingVariable localizationString -FileName CL_LocalizationData\n\n# Function to get user troubleshooting history\nfunction Get-UserTSHistoryPath {\n    return \"${env:localappdata}\\diagnostics\"\n}\n\n# Function to get admin troubleshooting history\nfunction Get-AdminTSHistoryPath {\n    return \"${env:localappdata}\\elevateddiagnostics\"\n}\n\n# Function to get user report folder path\nfunction Get-UserReportPath {\n    return \"${env:localappdata}\\Microsoft\\Windows\\WER\\ReportQueue\"\n}\n\n# Function to get system report folder path\nfunction Get-MachineReportPath {\n    return \"${env:AllUsersProfile}\\Microsoft\\Windows\\WER\\ReportQueue\"\n}\n\n# Function to get threshold to check whether a folder is old\nfunction Get-ThresholdForCheckOlderFile {\n    [int]$threshold = -1\n    return $threshold\n}\n\n# Function to get threshold for deleting WER folder\nfunction Get-ThresholdForFileDeleting() {\n    [string]$registryEntryPath = \"HKLM:\\SOFTWARE\\Microsoft\\Windows\\Windows Error Reporting\"\n    [string]$registryEntryName = \"PurgeThreshholdValueInKB\"\n    [double]$defaultValue = 10.0\n\n    return Get-RegistryValue $registryEntryPath $registryEntryName $defaultValue\n}\n\n# Function to get the size of a directory in kb\nfunction Get-FolderSize([string]$folder = $(throw \"No folder is specified\")) {\n    if([String]::IsNullOrEmpty($folder) -or (-not(Test-Path $folder))) {\n        return 0\n    }\n\n    if(-not $Global:DirectoryObject) {\n        $Global:DirectoryObject = New-Object -comobject \"Scripting.FileSystemObject\"\n    }\n\n    return ($Global:DirectoryObject.GetFolder($folder).Size) / 1kb\n}\n\n# Function to delete a folder\nfunction Delete-Folder([string]$folder = $(throw \"No folder is specified\")) {\n    if([String]::IsNullOrEmpty($folder) -or (-not(Test-Path $folder))) {\n        return\n    }\n\n    Remove-Item -literalPath $folder -Recurse -Force\n}\n\n# Function to delete old folders\nfunction Delete-OldFolders($folder=$(throw \"No folder is specified\")) {\n    if(($folder -eq $null) -or (-not(Test-Path $folder))) {\n        return\n    }\n\n    [int]$threshold = Get-ThresholdForCheckOlderFile\n    $folders = Get-ChildItem -LiteralPath ($folder.FullName) -Force | Where-Object {$_.PSIsContainer}\n    if($folders -ne $null) {\n        foreach($folder in $folders) {\n            if((($folder.CreationTime).CompareTo((Get-Date).AddMonths($threshold))) -lt 0) {\n                Delete-Folder ($folder.FullName)\n            } else {\n                Delete-OldFolders (Get-Item ($folder.FullName))\n            }\n        }\n    }\n}\n\n# Function to get registry value\nfunction Get-RegistryValue([string]$registryEntryPath = $(throw \"No registry entry path is specified\"), [string]$registryEntryName = $(throw \"No registry entry name is specified\"), [double]$defaultValue = 0.0) {\n    [double]$registryEntryValue = $defaultValue\n\n    $registryEntry = Get-ItemProperty -Path $registryEntryPath -Name $registryEntryName\n    if($registryEntry -ne $null) {\n        $registryEntryValue = $registryEntry.$registryEntryName\n    }\n\n\treturn $registryEntryValue\n}\n\n# Function to get the percentage that WER queue can take up\nfunction Get-Percentage() {\n    [string]$registryEntryPath = \"HKLM:\\SOFTWARE\\Microsoft\\Windows\\Windows Error Reporting\"\n    [string]$registryEntryName = \"MaxQueueSizePercentage\"\n    [double]$defaultValue = 100.0\n\n    return Get-RegistryValue $registryEntryPath $registryEntryName $defaultValue\n}\n\n# Function to get free disk space on machine\nfunction Get-FreeSpace {\n    [double]$freeSpace = 0.0\n    [string]$wql = \"SELECT * FROM Win32_LogicalDisk WHERE MediaType=12\"\n    $drives = Get-WmiObject -query $wql\n    if($null -ne $drives) {\n        foreach($drive in $drives) {\n            $freeSpace += ($drive.freeSpace)\n        }\n    }\n\n    return ($freeSpace / 1KB)\n}\n\n# Function to get all unnecessary files\nfunction Get-UnnecessaryFiles([string]$folder = $(throw \"No folder is specified\")) {\n    if([String]::IsNullOrEmpty($folder) -or (-not(Test-Path $folder))) {\n        return $null\n    }\n\n    [int]$threshold = Get-ThresholdForCheckOlderFile\n\n    return (Get-ChildItem -literalPath $folder -Recurse -Force | Where-Object {($_.PSIsContainer) -and ((($_.CreationTime).CompareTo((Get-Date).AddMonths($threshold))) -lt 0)})\n}\n\n# Function to format disk space (KB -> MB)\nfunction Format-DiskSpaceMB([double]$space = $(throw \"No space is specified\")) {\n    return [string]([Math]::Round(($space / 1KB), 3))\n}\n\n# Function to format disk space (B -> GB)\nFunction Format-DiskSpaceGB([double]$space = $(throw \"No space is specified\")) {\n    return [string]([Math]::Round(($space / 1GB), 3))\n}\n\n# Function to attach item to the list with delimiter \"/\"\nfunction AttachTo-List([string]$list = $(throw \"No list is specified\"), [string]$item = $(throw \"No item is specified\"))\n{\n    if([String]::IsNullOrEmpty($list))\n    {\n        return $item\n    }\n\n    if([String]::IsNullOrEmpty($item))\n    {\n        return $list\n    }\n\n    return $list + \"/\" + $item\n}\n\n# Function to parse the the list with delimiter \"/\"\nfunction Parse-List([string]$list = $(throw \"No list is specified\"))\n{\n    if($list -eq $null)\n    {\n        return $null\n    }\n\n    return $list.Split(\"/\", [StringSplitOptions]::RemoveEmptyEntries)\n}\n\n# Function to get list length\nfunction Get-ListLength([string]$list = $(throw \"No list is specified\"))\n{\n    if($list -eq $null)\n    {\n        return 0\n    }\n\n    $result = Parse-List $list\n\n    if($result -is [string])\n    {\n        return 1\n    }\n    elseif($result -is [object[]])\n    {\n        return $result.count\n    }\n    else\n    {\n        return 0\n    }\n}\n\n# Function to convert to WQL path\nfunction ConvertTo-WQLPath([string]$wqlPath = $(throw \"No WQL path is specified\"))\n{\n    if($wqlPath -eq $null)\n    {\n        return \"\"\n    }\n\n    return $wqlPath.Replace(\"\\\", \"\\\\\")\n}\n\n# Function to check whether the shortcut is valid\nfunction Test-ValidLink([Wmi]$wmiLinkFile = $(throw \"No WMI link file is specified\"))\n{\n    if(($wmiLinkFile -eq $null) -or ([String]::IsNullOrEmpty($wmiLinkFile.Target)))\n    {\n        return $false\n    }\n\n    return Test-Path $wmiLinkFile.Target\n}\n\n# Function to chech whether have permission to delete the shortcut file\nfunction Test-Delete([Wmi]$wmiLinkFile = $(throw \"No WMI link file is specified\"))\n{\n    if($wmiLinkFile -eq $null)\n    {\n        return $false\n    }\n\n    return ($wmiLinkFile.AccessMask -band 0x10000) -eq 0x10000\n}\n\n# Function to get desktop path\nfunction Get-DesktopPath()\n{\n$methodDefinition = @\"\n    public static string GetDesktopPath\n    {\n        get\n        {\n            return Environment.GetFolderPath(Environment.SpecialFolder.DesktopDirectory);\n        }\n    }\n\"@\n\n    $type = Add-Type -MemberDefinition $methodDefinition -Name \"DesktopPath\" -PassThru\n\n    return $type::GetDesktopPath\n}\n\n# Function to get startup path\nfunction Get-StartupPath()\n{\n$methodDefinition = @\"\n    public static string GetStartupPath\n    {\n        get\n        {\n            return Environment.GetFolderPath(Environment.SpecialFolder.Startup);\n        }\n    }\n\"@\n\n    $type = Add-Type -MemberDefinition $methodDefinition -Name \"StartupPath\" -PassThru\n\n    return $type::GetStartupPath\n}\n\n# Function to remove all files in the list\nfunction Remove-FileList([string]$list = $(throw \"No list is specified\"))\n{\n    if([String]::IsNullOrEmpty($list))\n    {\n        return\n    }\n\n    try\n    {\n        Parse-List $list | Foreach-Object {\n            if(-not([String]::IsNullOrEmpty($_)))\n            {\n                Remove-Item $_ -Force\n            }\n        }\n    }\n    catch\n    {\n        $_ | ConvertTo-Xml | Update-DiagReport -id DeleteFileExceptions -Name $localizationString.filesFailToRemove_name -Description $localizationString.filesFailToRemove_description -Verbosity Warning\n    }\n}\n\n# Function to get the last access time of an Icon\nfunction Get-LastAccessTime([string]$filePath = $(throw \"No file path is specified\"))\n{\n    if([String]::IsNullOrEmpty($filePath) -or -not(Test-Path $filePath))\n    {\n        throw \"No file path found\"\n    }\n\n$typeDefinition = @\"\n\nusing System;\nusing System.Collections.Generic;\nusing System.Runtime.InteropServices;\nusing ComType = System.Runtime.InteropServices.ComTypes;\n\npublic sealed class FileInfo\n{\n    private FileInfo()\n    {\n    }\n\n    [StructLayout(LayoutKind.Sequential, CharSet = CharSet.Unicode)]\n    struct UAINFO\n    {\n        internal int cbSize;\n        internal int dwMask;\n        internal float R;\n        internal uint cLaunches;\n        internal uint cSwitches;\n        internal int dwTime;\n        internal ComType.FILETIME ftExecute;\n        [MarshalAs(UnmanagedType.Bool)] internal bool fExcludeFromMFU;\n\n        internal UAINFO(int dwMask)\n        {\n            this.cbSize = Marshal.SizeOf(typeof(UAINFO));\n            this.dwMask = dwMask;\n            this.R = 0;\n            this.cLaunches = 0;\n            this.cSwitches = 0;\n            this.dwTime = 0;\n            this.ftExecute = new ComType.FILETIME();\n            this.fExcludeFromMFU = false;\n        }\n    }\n\n    internal const int UAIM_FILETIME = 1;\n    internal static Guid UAIID_SHORTCUTS = new Guid(\"F4E57C4B-2036-45F0-A9AB-443BCFE33D9F\");\n\n    [ComImport, Guid(\"90D75131-43A6-4664-9AF8-DCCEB85A7462\"), InterfaceType(ComInterfaceType.InterfaceIsIUnknown)]\n    interface IShellUserAssist\n    {\n        int FireEvent(ref Guid pguidGrp, int eCmd, string pszPath, int dwTimeElapsed);\n        int QueryEntry(ref Guid pguidGrp, string pszPath, ref UAINFO pui);\n        int SetEntry(ref Guid pguidGrp, string pszPath, ref UAINFO pui);\n        int RenameEntry(ref Guid pguidGrp, string pszFrom, string pszTo);\n        int DeleteEntry(ref Guid pguidGrp, string pszPath);\n        int Enable(bool fEnable);\n    }\n\n    [ComImport, Guid(\"DD313E04-FEFF-11d1-8ECD-0000F87A470C\")]\n    internal class UserAssist { }\n\n    public static DateTime GetLastAccessTime(string filePath)\n    {\n        if(String.IsNullOrEmpty(filePath))\n        {\n            throw new ArgumentException(\"The file path is null or empty\");\n        }\n\n        UAINFO uaInfo = new UAINFO(UAIM_FILETIME);\n        IShellUserAssist iShellUserAssist = new UserAssist() as IShellUserAssist;\n        if (iShellUserAssist == null)\n        {\n            throw new InvalidOperationException(\"Can't get iShellUserAssist interface\");\n        }\n\n        try\n        {\n            Marshal.ThrowExceptionForHR(iShellUserAssist.QueryEntry(ref UAIID_SHORTCUTS, filePath, ref uaInfo));\n        }\n        catch\n        {\n            throw new InvalidOperationException(\"Can't query info about\" + filePath);\n        }\n\n        long fileTime = (((long)uaInfo.ftExecute.dwHighDateTime) << 32) + uaInfo.ftExecute.dwLowDateTime;\n\n        return DateTime.FromFileTime(fileTime);\n    }\n}\n\"@\n\n    $type = Add-Type -TypeDefinition $typeDefinition -PassThru\n\n    return $type[0]::GetLastAccessTime($filePath)\n}\n\n# Function to check whether the icon is pointing to a file\nfunction Test-FileShortcut([Wmi]$wmiLinkFile = $(throw \"No wmi link file is specified\"))\n{\n    if($wmiLinkFile -eq $null)\n    {\n        return $false\n    }\n\n    [string]$target = $wmiLinkFile.Target\n    if([String]::IsNullOrEmpty($target) -or -not(Test-Path $target))\n    {\n        return $false\n    }\n\n    return -not((Get-Item $target).PSIsContainer)\n}\n\n# Function to create a choice in interaction page\nfunction Get-Choice([string]$name = $(throw \"No choice name is specified\"), [string]$description = $(throw \"No choice description is specified\"),\n                   [string]$value = $(throw \"No choice value is specified\"), [xml]$extension)\n{\n    return @{\"Name\"=$name;\"Description\"=$description;\"Value\"=$value;\"ExtensionPoint\"=$extension.InnerXml}\n}\n\n# Function to check whether the current machine is domain joined\nFunction Test-DomainJoined()\n{\n    return (Get-WmiObject -query \"select * from win32_ntdomain where Status ='OK'\") -ne $null\n}\n\n# Function to update time source\nFunction Update-TimeSource([string]$timeSource = $(throw \"No time source is specified\"))\n{\n    w32tm.exe /config /update /manualpeerlist:\"$timeSource\"\n}\n\n# Function to get system drive info\nfunction Get-SystemDriveInfo() {\n    [string]$wql = \"SELECT * FROM Win32_LogicalDisk WHERE MediaType=12 AND Name = '\" + ${env:systemdrive} + \"'\"\n    return Get-WmiObject -query $wql\n}\n\n# Function to get time service status\nfunction Get-ServiceStatus([string]$serviceName=$(throw \"No service name is specified\")) {\n   [bool]$startService = $true\n\n   [WMI]$timeService = @(Get-WmiObject -Query \"Select * From Win32_Service Where Name = `\"$serviceName`\"\")[0]\n   if($null -ne $timeService) {\n      [ServiceProcess.ServiceControllerStatus]$timeServicesStatus = (Get-Service $serviceName).Status\n      if(([ServiceProcess.ServiceControllerStatus]::Stopped -eq $timeServicesStatus) -or ([ServiceProcess.ServiceControllerStatus]::StopPending -eq $timeServicesStatus)) {\n         $startService = $false\n      }\n   }\n\n   return $startService\n}\n\n# Function to wait for expected service status\nfunction WaitFor-ServiceStatus([string]$serviceName=$(throw \"No service name is specified\"), [ServiceProcess.ServiceControllerStatus]$serviceStatus=$(throw \"No service status is specified\")) {\n    [ServiceProcess.ServiceController]$sc = New-Object \"ServiceProcess.ServiceController\" $serviceName\n    [TimeSpan]$timeOut = New-Object TimeSpan(0,0,0,5,0)\n    $sc.WaitForStatus($serviceStatus, $timeOut)\n}","ScriptBlockId":"6f4bbe1e-3dbe-4eaa-a5d8-40c9f74bdbdd","MessageNumber":"1","MessageTotal":"1","Path":"C:\\WINDOWS\\TEMP\\SDIAG_71b37891-43db-4c0e-9143-954296c60e09\\CL_Utility.ps1"},"provider_guid":"{a0c1853b-5c40-4b15-8766-3cf1c58f985a}","process":{"pid":21604,"thread":{"id":10348}},"task":"Execute a Remote Command","provider_name":"Microsoft-Windows-PowerShell","version":1,"api":"wineventlog","activity_id":"{d424f6e9-0479-000e-1cee-3ad57904d901}","event_id":"4104","channel":"Microsoft-Windows-PowerShell/Operational","record_id":399,"computer_name":"MSI"},"agent":{"ephemeral_id":"28ff186b-bd6d-470f-a1b6-1c7ccc3dfe26","id":"ad84ffee-22d0-464b-81dd-06b1181ecd47","name":"MSI","type":"winlogbeat","version":"8.15.2"}}},{"_index":"winlogbeat-2022.12.349","_type":"_doc","_id":"qZm9KZMBylAKiVITTIqz","_score":1.0,"_source":{"@version":"1","tags":["beats_input_codec_plain_applied"],"ecs":{"version":"8.0.0"},"message":"Provider \"Registry\" is Started. \n\nDetails: \n\tProviderName=Registry\n\tNewProviderState=Started\n\n\tSequenceNumber=1\n\n\tHostName=ConsoleHost\n\tHostVersion=5.1.22621.608\n\tHostId=252d07f1-6448-4839-bd01-2c512f58d9ce\n\tHostApplication=powershell.exe -ExecutionPolicy Restricted -Command Write-Host 'Final result: 1';\n\tEngineVersion=\n\tRunspaceId=\n\tPipelineId=\n\tCommandName=\n\tCommandType=\n\tScriptName=\n\tCommandPath=\n\tCommandLine=","event":{"action":"Provider Lifecycle","kind":"event","provider":"PowerShell","created":"2024-11-14T08:14:39.263Z","code":"600"},"log":{"level":"information"},"host":{"mac":["00-FF-14-66-C1-B3","0A-00-27-00-00-12","80-B6-55-54-6C-4E","80-B6-55-54-6C-4F","80-B6-55-54-6C-52","82-B6-55-54-6C-4E","D8-BB-C1-74-1C-24"],"name":"msi","hostname":"msi","ip":["169.254.5.113","192.168.56.1","169.254.27.160","169.254.242.69","169.254.117.31","192.168.207.153","169.254.135.196"],"architecture":"x86_64","os":{"platform":"windows","family":"windows","version":"10.0","name":"Windows 11 Home Single Language","build":"22631.4460","kernel":"10.0.22621.4455 (WinBuild.160101.0800)","type":"windows"},"id":"9ed805a2-1686-4d05-b328-395a2152cd70"},"@timestamp":"2022-12-15T10:51:06.805Z","winlog":{"opcode":"Info","event_data":{"param1":"Registry","param2":"Started","param3":"\tProviderName=Registry\n\tNewProviderState=Started\n\n\tSequenceNumber=1\n\n\tHostName=ConsoleHost\n\tHostVersion=5.1.22621.608\n\tHostId=252d07f1-6448-4839-bd01-2c512f58d9ce\n\tHostApplication=powershell.exe -ExecutionPolicy Restricted -Command Write-Host 'Final result: 1';\n\tEngineVersion=\n\tRunspaceId=\n\tPipelineId=\n\tCommandName=\n\tCommandType=\n\tScriptName=\n\tCommandPath=\n\tCommandLine="},"process":{"pid":11056},"task":"Provider Lifecycle","api":"wineventlog","channel":"Windows PowerShell","provider_name":"PowerShell","event_id":"600","record_id":2389,"keywords":["Classic"],"computer_name":"MSI"},"agent":{"ephemeral_id":"28ff186b-bd6d-470f-a1b6-1c7ccc3dfe26","id":"ad84ffee-22d0-464b-81dd-06b1181ecd47","name":"MSI","version":"8.15.2","type":"winlogbeat"}}},{"_index":"winlogbeat-2022.12.349","_type":"_doc","_id":"rZm9KZMBylAKiVITTIqz","_score":1.0,"_source":{"@version":"1","tags":["beats_input_codec_plain_applied"],"ecs":{"version":"8.0.0"},"message":"Provider \"FileSystem\" is Started. \n\nDetails: \n\tProviderName=FileSystem\n\tNewProviderState=Started\n\n\tSequenceNumber=7\n\n\tHostName=ConsoleHost\n\tHostVersion=5.1.22621.608\n\tHostId=252d07f1-6448-4839-bd01-2c512f58d9ce\n\tHostApplication=powershell.exe -ExecutionPolicy Restricted -Command Write-Host 'Final result: 1';\n\tEngineVersion=\n\tRunspaceId=\n\tPipelineId=\n\tCommandName=\n\tCommandType=\n\tScriptName=\n\tCommandPath=\n\tCommandLine=","event":{"action":"Provider Lifecycle","kind":"event","provider":"PowerShell","created":"2024-11-14T08:14:39.263Z","code":"600"},"host":{"mac":["00-FF-14-66-C1-B3","0A-00-27-00-00-12","80-B6-55-54-6C-4E","80-B6-55-54-6C-4F","80-B6-55-54-6C-52","82-B6-55-54-6C-4E","D8-BB-C1-74-1C-24"],"name":"msi","hostname":"msi","ip":["169.254.5.113","192.168.56.1","169.254.27.160","169.254.242.69","169.254.117.31","192.168.207.153","169.254.135.196"],"architecture":"x86_64","os":{"platform":"windows","family":"windows","version":"10.0","name":"Windows 11 Home Single Language","build":"22631.4460","kernel":"10.0.22621.4455 (WinBuild.160101.0800)","type":"windows"},"id":"9ed805a2-1686-4d05-b328-395a2152cd70"},"log":{"level":"information"},"@timestamp":"2022-12-15T10:51:06.829Z","winlog":{"opcode":"Info","event_data":{"param1":"FileSystem","param2":"Started","param3":"\tProviderName=FileSystem\n\tNewProviderState=Started\n\n\tSequenceNumber=7\n\n\tHostName=ConsoleHost\n\tHostVersion=5.1.22621.608\n\tHostId=252d07f1-6448-4839-bd01-2c512f58d9ce\n\tHostApplication=powershell.exe -ExecutionPolicy Restricted -Command Write-Host 'Final result: 1';\n\tEngineVersion=\n\tRunspaceId=\n\tPipelineId=\n\tCommandName=\n\tCommandType=\n\tScriptName=\n\tCommandPath=\n\tCommandLine="},"process":{"pid":11056},"task":"Provider Lifecycle","api":"wineventlog","provider_name":"PowerShell","channel":"Windows PowerShell","event_id":"600","record_id":2392,"computer_name":"MSI","keywords":["Classic"]},"agent":{"ephemeral_id":"28ff186b-bd6d-470f-a1b6-1c7ccc3dfe26","id":"ad84ffee-22d0-464b-81dd-06b1181ecd47","name":"MSI","version":"8.15.2","type":"winlogbeat"}}},{"_index":"winlogbeat-2022.12.349","_type":"_doc","_id":"sJm9KZMBylAKiVITTIqz","_score":1.0,"_source":{"@version":"1","tags":["beats_input_codec_plain_applied"],"ecs":{"version":"8.0.0"},"message":"Provider \"Variable\" is Started. \n\nDetails: \n\tProviderName=Variable\n\tNewProviderState=Started\n\n\tSequenceNumber=11\n\n\tHostName=ConsoleHost\n\tHostVersion=5.1.22621.608\n\tHostId=252d07f1-6448-4839-bd01-2c512f58d9ce\n\tHostApplication=powershell.exe -ExecutionPolicy Restricted -Command Write-Host 'Final result: 1';\n\tEngineVersion=\n\tRunspaceId=\n\tPipelineId=\n\tCommandName=\n\tCommandType=\n\tScriptName=\n\tCommandPath=\n\tCommandLine=","event":{"action":"Provider Lifecycle","kind":"event","provider":"PowerShell","created":"2024-11-14T08:14:39.263Z","code":"600"},"log":{"level":"information"},"host":{"mac":["00-FF-14-66-C1-B3","0A-00-27-00-00-12","80-B6-55-54-6C-4E","80-B6-55-54-6C-4F","80-B6-55-54-6C-52","82-B6-55-54-6C-4E","D8-BB-C1-74-1C-24"],"name":"msi","hostname":"msi","architecture":"x86_64","os":{"platform":"windows","family":"windows","version":"10.0","name":"Windows 11 Home Single Language","build":"22631.4460","kernel":"10.0.22621.4455 (WinBuild.160101.0800)","type":"windows"},"ip":["169.254.5.113","192.168.56.1","169.254.27.160","169.254.242.69","169.254.117.31","192.168.207.153","169.254.135.196"],"id":"9ed805a2-1686-4d05-b328-395a2152cd70"},"@timestamp":"2022-12-15T10:51:06.829Z","winlog":{"opcode":"Info","event_data":{"param1":"Variable","param2":"Started","param3":"\tProviderName=Variable\n\tNewProviderState=Started\n\n\tSequenceNumber=11\n\n\tHostName=ConsoleHost\n\tHostVersion=5.1.22621.608\n\tHostId=252d07f1-6448-4839-bd01-2c512f58d9ce\n\tHostApplication=powershell.exe -ExecutionPolicy Restricted -Command Write-Host 'Final result: 1';\n\tEngineVersion=\n\tRunspaceId=\n\tPipelineId=\n\tCommandName=\n\tCommandType=\n\tScriptName=\n\tCommandPath=\n\tCommandLine="},"process":{"pid":11056},"task":"Provider Lifecycle","channel":"Windows PowerShell","api":"wineventlog","provider_name":"PowerShell","event_id":"600","record_id":2394,"keywords":["Classic"],"computer_name":"MSI"},"agent":{"ephemeral_id":"28ff186b-bd6d-470f-a1b6-1c7ccc3dfe26","id":"ad84ffee-22d0-464b-81dd-06b1181ecd47","name":"MSI","type":"winlogbeat","version":"8.15.2"}}},